#
# A fatal error has been detected by the Java Runtime Environment:
#
#  EXCEPTION_ACCESS_VIOLATION (0xc0000005) at pc=0x000000001285fedd, pid=8180, tid=4112
#
# JRE version: Java(TM) SE Runtime Environment (8.0_60-b27) (build 1.8.0_60-b27)
# Java VM: Java HotSpot(TM) 64-Bit Server VM (25.60-b23 mixed mode windows-amd64 compressed oops)
# Problematic frame:
# C  0x000000001285fedd
#
# Failed to write core dump. Minidumps are not enabled by default on client versions of Windows
#
# If you would like to submit a bug report, please visit:
#   http://bugreport.java.com/bugreport/crash.jsp
# The crash happened outside the Java Virtual Machine in native code.
# See problematic frame for where to report the bug.
#

---------------  T H R E A D  ---------------

Current thread (0x000000001f932800):  JavaThread "main-Display-.windows_nil-1-EDT-1" daemon [_thread_in_native, id=4112, stack(0x0000000024c60000,0x0000000024d60000)]

siginfo: ExceptionCode=0xc0000005, reading address 0x0000000000000000

Registers:
RAX=0x0000000025f30844, RBX=0x000000001eb20000, RCX=0x0000000000000000, RDX=0x00000000242d75c2
RSP=0x0000000024d5e1f0, RBP=0x00000000242d75cc, RSI=0x0000000000000000, RDI=0x0000000000000000
R8 =0x00000000242d75c0, R9 =0x0000000000000006, R10=0x000000001eb95760, R11=0x00000000242d75cc
R12=0x0000000000000060, R13=0x0000000000000006, R14=0x00000000242d75c0, R15=0x0000000025f30844
RIP=0x000000001285fedd, EFLAGS=0x0000000000010246

Top of Stack: (sp=0x0000000024d5e1f0)
0x0000000024d5e1f0:   0000000020953e1c 00000000245d9fd0
0x0000000024d5e200:   000000001eb20000 0000000000000006
0x0000000024d5e210:   0000000000000000 00000000693d0fb2
0x0000000024d5e220:   0000000000000060 0000000000000000
0x0000000024d5e230:   000000001eb20000 0000000000000000
0x0000000024d5e240:   00000000693e3a90 000000001eb20000
0x0000000024d5e250:   0000000000000001 00000000693e3a90
0x0000000024d5e260:   0000000000000000 0000000025f30844
0x0000000024d5e270:   0000000000000000 0000000000000000
0x0000000024d5e280:   0000000000000006 000000001285fe80
0x0000000024d5e290:   0000000000000000 00000000247b66f8
0x0000000024d5e2a0:   0000000000000000 000000001eb20000
0x0000000024d5e2b0:   00000000247d94c0 00000000245d4700
0x0000000024d5e2c0:   00000000245d4700 00000000692c150f
0x0000000024d5e2d0:   00000000247b7820 00000000247b7820
0x0000000024d5e2e0:   00000000245d4700 000000005b7a8198 

Instructions: (pc=0x000000001285fedd)
0x000000001285febd:   c2 02 48 be b8 58 b7 1e 00 00 00 00 48 8b 36 48
0x000000001285fecd:   8b b6 08 03 00 00 48 8b f9 48 c1 e7 04 48 03 f7
0x000000001285fedd:   8b 3e 8b 6e 04 89 38 89 68 04 8b 7e 08 89 78 08
0x000000001285feed:   48 be b8 58 b7 1e 00 00 00 00 48 8b 36 48 8b b6 


Register to memory mapping:

RAX=0x0000000025f30844 is an unknown value
RBX=0x000000001eb20000 is pointing into the stack for thread: 0x000000001d5ed800
RCX=0x0000000000000000 is an unknown value
RDX=0x00000000242d75c2 is an unknown value
RSP=0x0000000024d5e1f0 is pointing into the stack for thread: 0x000000001f932800
RBP=0x00000000242d75cc is an unknown value
RSI=0x0000000000000000 is an unknown value
RDI=0x0000000000000000 is an unknown value
R8 =0x00000000242d75c0 is an unknown value
R9 =0x0000000000000006 is an unknown value
R10=0x000000001eb95760 is an unknown value
R11=0x00000000242d75cc is an unknown value
R12=0x0000000000000060 is an unknown value
R13=0x0000000000000006 is an unknown value
R14=0x00000000242d75c0 is an unknown value
R15=0x0000000025f30844 is an unknown value


Stack: [0x0000000024c60000,0x0000000024d60000],  sp=0x0000000024d5e1f0,  free space=1016k
Native frames: (J=compiled Java code, j=interpreted, Vv=VM code, C=native code)
C  0x000000001285fedd

Java frames: (J=compiled Java code, j=interpreted, Vv=VM code)
j  jogamp.opengl.gl4.GL4bcImpl.dispatch_glDrawElements1(IIIJJ)V+0
j  jogamp.opengl.gl4.GL4bcImpl.glDrawElements(IIIJ)V+53
j  gl4_kepler.bindlessApp.Mesh.render(Lcom/jogamp/opengl/GL4;)V+605
j  gl4_kepler.bindlessApp.BindlessApp.draw(Lcom/jogamp/opengl/GL4;)V+583
j  nvAppBase.NvSampleApp.baseDraw(Lcom/jogamp/opengl/GL4;)V+2
j  nvAppBase.NvSampleApp.display(Lcom/jogamp/opengl/GLAutoDrawable;)V+77
j  jogamp.opengl.GLDrawableHelper.displayImpl(Lcom/jogamp/opengl/GLAutoDrawable;)V+62
j  jogamp.opengl.GLDrawableHelper.display(Lcom/jogamp/opengl/GLAutoDrawable;)V+2
j  jogamp.opengl.GLAutoDrawableBase$2.run()V+59
j  jogamp.opengl.GLDrawableHelper.invokeGLImpl(Lcom/jogamp/opengl/GLDrawable;Lcom/jogamp/opengl/GLContext;Ljava/lang/Runnable;Ljava/lang/Runnable;)V+203
j  jogamp.opengl.GLDrawableHelper.invokeGL(Lcom/jogamp/opengl/GLDrawable;Lcom/jogamp/opengl/GLContext;Ljava/lang/Runnable;Ljava/lang/Runnable;)V+72
j  com.jogamp.newt.opengl.GLWindow.display()V+90
j  jogamp.opengl.GLAutoDrawableBase.defaultWindowResizedOp(II)V+206
j  com.jogamp.newt.opengl.GLWindow.access$200(Lcom/jogamp/newt/opengl/GLWindow;II)V+3
j  com.jogamp.newt.opengl.GLWindow$2.windowResized(Lcom/jogamp/newt/event/WindowEvent;)V+18
j  jogamp.newt.WindowImpl.consumeWindowEvent(Lcom/jogamp/newt/event/WindowEvent;)V+234
j  jogamp.newt.WindowImpl.sendWindowEvent(I)V+14
j  jogamp.newt.WindowImpl.setVisibleActionImpl(Z)V+691
j  jogamp.newt.WindowImpl$VisibleAction.run()V+8
j  com.jogamp.common.util.RunnableTask.run()V+198
j  jogamp.newt.DefaultEDTUtil$NEDT.run()V+221
v  ~StubRoutines::call_stub

---------------  P R O C E S S  ---------------

Java Threads: ( => current thread )
=>0x000000001f932800 JavaThread "main-Display-.windows_nil-1-EDT-1" daemon [_thread_in_native, id=4112, stack(0x0000000024c60000,0x0000000024d60000)]
  0x000000001fd98000 JavaThread "main-SharedResourceRunner" daemon [_thread_blocked, id=15512, stack(0x0000000023c70000,0x0000000023d70000)]
  0x000000001f88a800 JavaThread "AWT-EventQueue-0" [_thread_blocked, id=13328, stack(0x0000000021fe0000,0x00000000220e0000)]
  0x000000001f836800 JavaThread "AWT-Windows" daemon [_thread_in_native, id=15444, stack(0x0000000020040000,0x0000000020140000)]
  0x000000001d92b000 JavaThread "AWT-Shutdown" [_thread_blocked, id=16012, stack(0x00000000201d0000,0x00000000202d0000)]
  0x000000001d92a800 JavaThread "Java2D Disposer" daemon [_thread_blocked, id=1452, stack(0x000000001ff30000,0x0000000020030000)]
  0x000000001d693000 JavaThread "Service Thread" daemon [_thread_blocked, id=3288, stack(0x000000001f1b0000,0x000000001f2b0000)]
  0x000000001d604800 JavaThread "C1 CompilerThread3" daemon [_thread_blocked, id=4084, stack(0x000000001f070000,0x000000001f170000)]
  0x000000001d603800 JavaThread "C2 CompilerThread2" daemon [_thread_blocked, id=7020, stack(0x0000000012d30000,0x0000000012e30000)]
  0x000000001d5f8000 JavaThread "C2 CompilerThread1" daemon [_thread_blocked, id=11760, stack(0x000000001eed0000,0x000000001efd0000)]
  0x000000001d5f0800 JavaThread "C2 CompilerThread0" daemon [_thread_blocked, id=7136, stack(0x000000001edc0000,0x000000001eec0000)]
  0x000000001d5ee800 JavaThread "Attach Listener" daemon [_thread_blocked, id=6140, stack(0x000000001ebf0000,0x000000001ecf0000)]
  0x000000001d5ed800 JavaThread "Signal Dispatcher" daemon [_thread_blocked, id=2460, stack(0x000000001ea20000,0x000000001eb20000)]
  0x000000001c64b000 JavaThread "Finalizer" daemon [_thread_blocked, id=9988, stack(0x000000001e8e0000,0x000000001e9e0000)]
  0x000000001c644800 JavaThread "Reference Handler" daemon [_thread_blocked, id=14128, stack(0x000000001e7b0000,0x000000001e8b0000)]
  0x0000000001d4e000 JavaThread "main" [_thread_blocked, id=12496, stack(0x0000000002370000,0x0000000002470000)]

Other Threads:
  0x0000000001d0f800 VMThread [stack: 0x000000001e620000,0x000000001e720000] [id=11392]
  0x000000001d64f800 WatcherThread [stack: 0x000000001f3a0000,0x000000001f4a0000] [id=14408]

VM state:not at safepoint (normal execution)

VM Mutex/Monitor currently owned by a thread: None

Heap:
 PSYoungGen      total 76288K, used 39635K [0x000000076b180000, 0x0000000770680000, 0x00000007c0000000)
  eden space 65536K, 60% used [0x000000076b180000,0x000000076d834e98,0x000000076f180000)
  from space 10752K, 0% used [0x000000076fc00000,0x000000076fc00000,0x0000000770680000)
  to   space 10752K, 0% used [0x000000076f180000,0x000000076f180000,0x000000076fc00000)
 ParOldGen       total 175104K, used 0K [0x00000006c1400000, 0x00000006cbf00000, 0x000000076b180000)
  object space 175104K, 0% used [0x00000006c1400000,0x00000006c1400000,0x00000006cbf00000)
 Metaspace       used 13591K, capacity 13790K, committed 13952K, reserved 1062912K
  class space    used 1315K, capacity 1378K, committed 1408K, reserved 1048576K

Card table byte_map: [0x0000000011b00000,0x0000000012300000] byte_map_base: 0x000000000e4f6000

Marking Bits: (ParMarkBitMap*) 0x000000005b9da5b0
 Begin Bits: [0x0000000013500000, 0x00000000174b0000)
 End Bits:   [0x00000000174b0000, 0x000000001b460000)

Polling page: 0x0000000000330000

CodeCache: size=245760Kb used=3172Kb max_used=3177Kb free=242588Kb
 bounds [0x0000000002740000, 0x0000000002a60000, 0x0000000011740000]
 total_blobs=1550 nmethods=770 adapters=693
 compilation: enabled

Compilation events (10 events):
Event: 1.108 Thread 0x000000001d603800  766       4       java.io.WinNTFileSystem::isSlash (18 bytes)
Event: 1.108 Thread 0x000000001d603800 nmethod 766 0x0000000002a4bc10 code [0x0000000002a4bd40, 0x0000000002a4bdb8]
Event: 1.108 Thread 0x000000001d604800  767       3       java.nio.Buffer::limit (62 bytes)
Event: 1.108 Thread 0x000000001d604800 nmethod 767 0x0000000002a4b6d0 code [0x0000000002a4b840, 0x0000000002a4bb48]
Event: 1.109 Thread 0x000000001d604800  768       3       java.io.BufferedReader::readLine (6 bytes)
Event: 1.109 Thread 0x000000001d604800 nmethod 768 0x0000000002a5b8d0 code [0x0000000002a5ba40, 0x0000000002a5bbe8]
Event: 1.109 Thread 0x000000001d604800  769       3       java.nio.CharBuffer::array (35 bytes)
Event: 1.109 Thread 0x000000001d604800 nmethod 769 0x0000000002a5b2d0 code [0x0000000002a5b460, 0x0000000002a5b778]
Event: 1.113 Thread 0x000000001d604800  770       3       jglm.Mat4::toFloatArray (175 bytes)
Event: 1.113 Thread 0x000000001d604800 nmethod 770 0x0000000002a5a950 code [0x0000000002a5aac0, 0x0000000002a5ad70]

GC Heap History (0 events):
No events

Deoptimization events (3 events):
Event: 0.574 Thread 0x0000000001d4e000 Uncommon trap: reason=unstable_if action=reinterpret pc=0x0000000002878e30 method=java.lang.String.startsWith(Ljava/lang/String;I)Z @ 25
Event: 1.020 Thread 0x0000000001d4e000 Uncommon trap: reason=unstable_if action=reinterpret pc=0x0000000002a28670 method=java.lang.reflect.AccessibleObject.setAccessible0(Ljava/lang/reflect/AccessibleObject;Z)V @ 4
Event: 1.023 Thread 0x0000000001d4e000 Uncommon trap: reason=unstable_if action=reinterpret pc=0x0000000002a26058 method=java.util.HashMap.containsKey(Ljava/lang/Object;)Z @ 9

Internal exceptions (10 events):
Event: 0.022 Thread 0x0000000001d4e000 Exception <a 'java/lang/NoSuchMethodError': Method sun.misc.Unsafe.defineClass(Ljava/lang/String;[BII)Ljava/lang/Class; name or signature does not match> (0x000000076b18d598) thrown at [C:\re\workspace\8-2-build-windows-amd64-cygwin\jdk8u60\4407\hotspot\sr†\O³ƒ–?
Event: 0.022 Thread 0x0000000001d4e000 Exception <a 'java/lang/NoSuchMethodError': Method sun.misc.Unsafe.prefetchRead(Ljava/lang/Object;J)V name or signature does not match> (0x000000076b18d880) thrown at [C:\re\workspace\8-2-build-windows-amd64-cygwin\jdk8u60\4407\hotspot\src\share\vm\prims\jši(<¦íµ?
Event: 0.086 Thread 0x0000000001d4e000 Exception <a 'java/security/PrivilegedActionException'> (0x000000076b6235a0) thrown at [C:\re\workspace\8-2-build-windows-amd64-cygwin\jdk8u60\4407\hotspot\src\share\vm\prims\jvm.cpp, line 1386]
Event: 0.086 Thread 0x0000000001d4e000 Exception <a 'java/security/PrivilegedActionException'> (0x000000076b6237b0) thrown at [C:\re\workspace\8-2-build-windows-amd64-cygwin\jdk8u60\4407\hotspot\src\share\vm\prims\jvm.cpp, line 1386]
Event: 0.086 Thread 0x0000000001d4e000 Exception <a 'java/security/PrivilegedActionException'> (0x000000076b6275f8) thrown at [C:\re\workspace\8-2-build-windows-amd64-cygwin\jdk8u60\4407\hotspot\src\share\vm\prims\jvm.cpp, line 1386]
Event: 0.086 Thread 0x0000000001d4e000 Exception <a 'java/security/PrivilegedActionException'> (0x000000076b627808) thrown at [C:\re\workspace\8-2-build-windows-amd64-cygwin\jdk8u60\4407\hotspot\src\share\vm\prims\jvm.cpp, line 1386]
Event: 0.283 Thread 0x0000000001d4e000 Exception <a 'java/lang/NoSuchFieldError': method resolution failed> (0x000000076b91fcf8) thrown at [C:\re\workspace\8-2-build-windows-amd64-cygwin\jdk8u60\4407\hotspot\src\share\vm\prims\methodHandles.cpp, line 1146]
Event: 0.284 Thread 0x0000000001d4e000 Exception <a 'java/lang/NoSuchFieldError': method resolution failed> (0x000000076b92d468) thrown at [C:\re\workspace\8-2-build-windows-amd64-cygwin\jdk8u60\4407\hotspot\src\share\vm\prims\methodHandles.cpp, line 1146]
Event: 0.300 Thread 0x0000000001d4e000 Exception <a 'java/io/FileNotFoundException'> (0x000000076bb279b8) thrown at [C:\re\workspace\8-2-build-windows-amd64-cygwin\jdk8u60\4407\hotspot\src\share\vm\prims\jni.cpp, line 709]
Event: 0.335 Thread 0x0000000001d4e000 Exception <a 'java/io/FileNotFoundException'> (0x000000076bbb4180) thrown at [C:\re\workspace\8-2-build-windows-amd64-cygwin\jdk8u60\4407\hotspot\src\share\vm\prims\jni.cpp, line 709]

Events (10 events):
Event: 1.111 loading class gl4_kepler/bindlessApp/PerMeshUniforms
Event: 1.111 loading class gl4_kepler/bindlessApp/PerMeshUniforms done
Event: 1.111 loading class gl4_kepler/bindlessApp/Vertex
Event: 1.111 loading class gl4_kepler/bindlessApp/Vertex done
Event: 1.111 loading class com/jogamp/opengl/util/GLBuffers
Event: 1.111 loading class com/jogamp/opengl/util/GLBuffers done
Event: 1.112 loading class jglm/Jglm
Event: 1.112 loading class jglm/Jglm done
Event: 1.113 loading class nvAppBase/NvMatrix
Event: 1.113 loading class nvAppBase/NvMatrix done


Dynamic libraries:
0x000000013faf0000 - 0x000000013fb27000 	C:\Program Files\Java\jdk1.8.0_60\bin\java.exe
0x0000000077050000 - 0x00000000771f9000 	C:\Windows\SYSTEM32\ntdll.dll
0x0000000076e30000 - 0x0000000076f50000 	C:\Windows\system32\kernel32.dll
0x000007fefd0d0000 - 0x000007fefd13c000 	C:\Windows\system32\KERNELBASE.dll
0x000007fefe360000 - 0x000007fefe43b000 	C:\Windows\system32\ADVAPI32.dll
0x000007fefe200000 - 0x000007fefe29f000 	C:\Windows\system32\msvcrt.dll
0x000007fefd7d0000 - 0x000007fefd7ef000 	C:\Windows\SYSTEM32\sechost.dll
0x000007fefdc30000 - 0x000007fefdd5d000 	C:\Windows\system32\RPCRT4.dll
0x0000000076f50000 - 0x000000007704a000 	C:\Windows\system32\USER32.dll
0x000007fefd1b0000 - 0x000007fefd217000 	C:\Windows\system32\GDI32.dll
0x000007fefe2d0000 - 0x000007fefe2de000 	C:\Windows\system32\LPK.dll
0x000007fefdb60000 - 0x000007fefdc2a000 	C:\Windows\system32\USP10.dll
0x000007fefb830000 - 0x000007fefba24000 	C:\Windows\WinSxS\amd64_microsoft.windows.common-controls_6595b64144ccf1df_6.0.7601.18837_none_fa3b1e3d17594757\COMCTL32.dll
0x000007fefe130000 - 0x000007fefe1a1000 	C:\Windows\system32\SHLWAPI.dll
0x000007fefe2a0000 - 0x000007fefe2ce000 	C:\Windows\system32\IMM32.DLL
0x000007fefd430000 - 0x000007fefd539000 	C:\Windows\system32\MSCTF.dll
0x000000006f7d0000 - 0x000000006f8a2000 	C:\Program Files\Java\jdk1.8.0_60\jre\bin\msvcr100.dll
0x000000005b1d0000 - 0x000000005ba59000 	C:\Program Files\Java\jdk1.8.0_60\jre\bin\server\jvm.dll
0x000007fefbe10000 - 0x000007fefbe19000 	C:\Windows\system32\WSOCK32.dll
0x000007fefe1b0000 - 0x000007fefe1fd000 	C:\Windows\system32\WS2_32.dll
0x000007fefd970000 - 0x000007fefd978000 	C:\Windows\system32\NSI.dll
0x000007fefbaf0000 - 0x000007fefbb2b000 	C:\Windows\system32\WINMM.dll
0x000007fefbec0000 - 0x000007fefbecc000 	C:\Windows\system32\VERSION.dll
0x0000000077220000 - 0x0000000077227000 	C:\Windows\system32\PSAPI.DLL
0x0000000072f30000 - 0x0000000072f3f000 	C:\Program Files\Java\jdk1.8.0_60\jre\bin\verify.dll
0x0000000072f00000 - 0x0000000072f29000 	C:\Program Files\Java\jdk1.8.0_60\jre\bin\java.dll
0x0000000072e80000 - 0x0000000072e96000 	C:\Program Files\Java\jdk1.8.0_60\jre\bin\zip.dll
0x000007fefe440000 - 0x000007feff1c9000 	C:\Windows\system32\SHELL32.dll
0x000007fefd220000 - 0x000007fefd423000 	C:\Windows\system32\ole32.dll
0x000007fefce00000 - 0x000007fefce0f000 	C:\Windows\system32\profapi.dll
0x000007fefc7d0000 - 0x000007fefc7e8000 	C:\Windows\system32\CRYPTSP.dll
0x000007fefc3c0000 - 0x000007fefc407000 	C:\Windows\system32\rsaenh.dll
0x000007fefce20000 - 0x000007fefce3e000 	C:\Windows\system32\USERENV.dll
0x000007fefcc90000 - 0x000007fefcc9f000 	C:\Windows\system32\CRYPTBASE.dll
0x0000000072ea0000 - 0x0000000072eba000 	C:\Program Files\Java\jdk1.8.0_60\jre\bin\net.dll
0x000007fefc5a0000 - 0x000007fefc5f5000 	C:\Windows\system32\mswsock.dll
0x000007fefc800000 - 0x000007fefc807000 	C:\Windows\System32\wship6.dll
0x000007fef9c90000 - 0x000007fef9cb7000 	C:\Windows\system32\IPHLPAPI.DLL
0x000007fef9c80000 - 0x000007fef9c8b000 	C:\Windows\system32\WINNSI.DLL
0x000007fef9aa0000 - 0x000007fef9ab1000 	C:\Windows\system32\dhcpcsvc6.DLL
0x000007fef9a20000 - 0x000007fef9a38000 	C:\Windows\system32\dhcpcsvc.DLL
0x0000000072dd0000 - 0x0000000072de1000 	C:\Program Files\Java\jdk1.8.0_60\jre\bin\nio.dll
0x000007fefcc30000 - 0x000007fefcc87000 	C:\Windows\system32\apphelp.dll
0x00000000637c0000 - 0x00000000637cd000 	C:\Users\GBarbieri\AppData\Local\Temp\jogamp_0000\file_cache\jln1436674801415423887\jln2371997819272326772\natives\windows-amd64\gluegen-rt.dll
0x000000006e3b0000 - 0x000000006e548000 	C:\Program Files\Java\jdk1.8.0_60\jre\bin\awt.dll
0x000007fefd890000 - 0x000007fefd967000 	C:\Windows\system32\OLEAUT32.dll
0x000007fefb3c0000 - 0x000007fefb416000 	C:\Windows\system32\uxtheme.dll
0x000007fefb300000 - 0x000007fefb318000 	C:\Windows\system32\dwmapi.dll
0x0000000072e60000 - 0x0000000072e67000 	C:\Program Files\Java\jdk1.8.0_60\jre\bin\jawt.dll
0x000000006a440000 - 0x000000006a44d000 	C:\Users\GBarbieri\AppData\Local\Temp\jogamp_0000\file_cache\jln1436674801415423887\jln2371997819272326772\natives\windows-amd64\nativewindow_awt.dll
0x000007feed070000 - 0x000007feed26f000 	C:\Windows\system32\d3d9.dll
0x000007fef83f0000 - 0x000007fef83f7000 	C:\Windows\system32\d3d8thk.dll
0x000007fedf1e0000 - 0x000007fee00d9000 	C:\Windows\system32\nvd3dumx.dll
0x000007fefb720000 - 0x000007fefb74c000 	C:\Windows\system32\powrprof.dll
0x000007fefd980000 - 0x000007fefdb57000 	C:\Windows\system32\SETUPAPI.dll
0x000007fefd150000 - 0x000007fefd186000 	C:\Windows\system32\CFGMGR32.dll
0x000007fefcef0000 - 0x000007fefcf0a000 	C:\Windows\system32\DEVOBJ.dll
0x000000006c100000 - 0x000000006c10f000 	C:\Users\GBarbieri\AppData\Local\Temp\jogamp_0000\file_cache\jln1436674801415423887\jln2371997819272326772\natives\windows-amd64\nativewindow_win32.dll
0x000000006cbc0000 - 0x000000006cbd3000 	C:\Users\GBarbieri\AppData\Local\Temp\jogamp_0000\file_cache\jln1436674801415423887\jln2371997819272326772\natives\windows-amd64\newt.dll
0x000007fefabb0000 - 0x000007fefac4c000 	C:\Windows\system32\mscms.dll
0x000007fef4340000 - 0x000007fef4382000 	C:\Windows\system32\icm32.dll
0x000007feeb7e0000 - 0x000007feeb8fd000 	C:\Windows\system32\OpenGL32.dll
0x000007fef4680000 - 0x000007fef46ad000 	C:\Windows\system32\GLU32.dll
0x000007feea780000 - 0x000007feea871000 	C:\Windows\system32\DDRAW.dll
0x000007fef7430000 - 0x000007fef7438000 	C:\Windows\system32\DCIMAN32.dll
0x0000000064500000 - 0x00000000645b1000 	C:\Users\GBarbieri\AppData\Local\Temp\jogamp_0000\file_cache\jln1436674801415423887\jln2371997819272326772\natives\windows-amd64\jogl_desktop.dll
0x0000000064340000 - 0x00000000643a2000 	C:\Users\GBarbieri\AppData\Local\Temp\jogamp_0000\file_cache\jln1436674801415423887\jln2371997819272326772\natives\windows-amd64\jogl_mobile.dll
0x0000000068720000 - 0x0000000069c96000 	C:\Windows\system32\nvoglv64.DLL
0x000007fefc040000 - 0x000007fefc051000 	C:\Windows\system32\WTSAPI32.dll
0x000007fefcf20000 - 0x000007fefcf5b000 	C:\Windows\system32\WINTRUST.dll
0x000007fefcf60000 - 0x000007fefd0cd000 	C:\Windows\system32\CRYPT32.dll
0x000007fefcdf0000 - 0x000007fefcdff000 	C:\Windows\system32\MSASN1.dll
0x000007fefa9f0000 - 0x000007fefaa1d000 	C:\Windows\system32\ntmarta.dll
0x000007fefdd60000 - 0x000007fefddb2000 	C:\Windows\system32\WLDAP32.dll
0x000007fefc1e0000 - 0x000007fefc21d000 	C:\Windows\system32\WINSTA.dll
0x000007fefa430000 - 0x000007fefa555000 	C:\Windows\system32\dbghelp.dll

VM Arguments:
jvm_args: -Dfile.encoding=UTF-8 
java_command: gl4_kepler.bindlessApp.Main
java_class_path (initial): C:\Users\GBarbieri\Documents\NetBeansProjects\Jglm\Jglm\build\classes;C:\Users\GBarbieri\Downloads\jogamp-all-platforms\jogamp-all-platforms\jar\gluegen-rt.jar;C:\Users\GBarbieri\Downloads\jogamp-all-platforms\jogamp-all-platforms\jar\jogl-all.jar;C:\Users\GBarbieri\Documents\NetBeansProjects\NvGlSamples\build\classes
Launcher Type: SUN_STANDARD

Environment Variables:
PATH=C:\ProgramData\Oracle\Java\javapath;C:\Windows\system32;C:\Windows;C:\Windows\System32\Wbem;C:\Windows\System32\WindowsPowerShell\v1.0\;cygwin-directory\bin;C:\Program Files (x86)\CMake\bin;C:\Program Files (x86)\Windows Kits\8.1\Windows Performance Toolkit\;C:\Program Files\Microsoft\Web Platform Installer\;C:\Program Files (x86)\Skype\Phone\;C:\Program Files\Microsoft SQL Server\110\Tools\Binn\;C:\Users\GBarbieri\Documents\NetBeansProjects\nifty-gui\nifty-examples\target\natives
USERNAME=GBarbieri
OS=Windows_NT
PROCESSOR_IDENTIFIER=Intel64 Family 6 Model 60 Stepping 3, GenuineIntel



---------------  S Y S T E M  ---------------

OS: Windows 7 , 64 bit Build 7601 (6.1.7601.19045)

CPU:total 8 (4 cores per cpu, 2 threads per core) family 6 model 60 stepping 3, cmov, cx8, fxsr, mmx, sse, sse2, sse3, ssse3, sse4.1, sse4.2, popcnt, avx, avx2, aes, clmul, erms, rtm, lzcnt, ht, tsc, tscinvbit, bmi1, bmi2

Memory: 4k page, physical 16694948k(10070180k free), swap 33388060k(24335376k free)

vm_info: Java HotSpot(TM) 64-Bit Server VM (25.60-b23) for windows-amd64 JRE (1.8.0_60-b27), built on Aug  4 2015 11:06:27 by "java_re" with MS VC++ 10.0 (VS2010)

time: Thu Jan 21 17:07:01 2016
elapsed time: 1 seconds (0d 0h 0m 1s)

