#
# A fatal error has been detected by the Java Runtime Environment:
#
#  EXCEPTION_ACCESS_VIOLATION (0xc0000005) at pc=0x00000000022ffedd, pid=9312, tid=6516
#
# JRE version: Java(TM) SE Runtime Environment (8.0_60-b27) (build 1.8.0_60-b27)
# Java VM: Java HotSpot(TM) 64-Bit Server VM (25.60-b23 mixed mode windows-amd64 compressed oops)
# Problematic frame:
# C  0x00000000022ffedd
#
# Failed to write core dump. Minidumps are not enabled by default on client versions of Windows
#
# If you would like to submit a bug report, please visit:
#   http://bugreport.java.com/bugreport/crash.jsp
# The crash happened outside the Java Virtual Machine in native code.
# See problematic frame for where to report the bug.
#

---------------  T H R E A D  ---------------

Current thread (0x000000001faff800):  JavaThread "main-Display-.windows_nil-1-EDT-1" daemon [_thread_in_native, id=6516, stack(0x0000000024a60000,0x0000000024b60000)]

siginfo: ExceptionCode=0xc0000005, reading address 0x0000000000000000

Registers:
RAX=0x0000000026ac0844, RBX=0x000000001e4d0000, RCX=0x0000000000000000, RDX=0x0000000023f31b42
RSP=0x0000000024b5e630, RBP=0x0000000023f31b4c, RSI=0x0000000000000000, RDI=0x0000000000000000
R8 =0x0000000023f31b40, R9 =0x0000000000000006, R10=0x000000001e545760, R11=0x0000000023f31b4c
R12=0x0000000000000060, R13=0x0000000000000006, R14=0x0000000023f31b40, R15=0x0000000026ac0844
RIP=0x00000000022ffedd, EFLAGS=0x0000000000010246

Top of Stack: (sp=0x0000000024b5e630)
0x0000000024b5e630:   0000000020843e1c 0000000024273fd0
0x0000000024b5e640:   000000001e4d0000 0000000000000006
0x0000000024b5e650:   0000000000000000 00000000693d0fb2
0x0000000024b5e660:   0000000000000060 0000000000000000
0x0000000024b5e670:   000000001e4d0000 0000000000000000
0x0000000024b5e680:   00000000693e3a90 000000001e4d0000
0x0000000024b5e690:   0000000000000001 00000000693e3a90
0x0000000024b5e6a0:   0000000000000000 0000000026ac0844
0x0000000024b5e6b0:   0000000000000000 0000000000000000
0x0000000024b5e6c0:   0000000000000006 00000000022ffe80
0x0000000024b5e6d0:   0000000000000000 000000002444a6e8
0x0000000024b5e6e0:   0000000000000000 000000001e4d0000
0x0000000024b5e6f0:   000000002446dc30 0000000023f46cf0
0x0000000024b5e700:   0000000023f46cf0 00000000692c150f
0x0000000024b5e710:   000000002444b810 000000002444b810
0x0000000024b5e720:   0000000023f46cf0 000000005b7a8198 

Instructions: (pc=0x00000000022ffedd)
0x00000000022ffebd:   c2 02 48 be b8 58 52 1e 00 00 00 00 48 8b 36 48
0x00000000022ffecd:   8b b6 08 03 00 00 48 8b f9 48 c1 e7 04 48 03 f7
0x00000000022ffedd:   8b 3e 8b 6e 04 89 38 89 68 04 8b 7e 08 89 78 08
0x00000000022ffeed:   48 be b8 58 52 1e 00 00 00 00 48 8b 36 48 8b b6 


Register to memory mapping:

RAX=0x0000000026ac0844 is an unknown value
RBX=0x000000001e4d0000 is an unknown value
RCX=0x0000000000000000 is an unknown value
RDX=0x0000000023f31b42 is an unknown value
RSP=0x0000000024b5e630 is pointing into the stack for thread: 0x000000001faff800
RBP=0x0000000023f31b4c is an unknown value
RSI=0x0000000000000000 is an unknown value
RDI=0x0000000000000000 is an unknown value
R8 =0x0000000023f31b40 is an unknown value
R9 =0x0000000000000006 is an unknown value
R10=0x000000001e545760 is an unknown value
R11=0x0000000023f31b4c is an unknown value
R12=0x0000000000000060 is an unknown value
R13=0x0000000000000006 is an unknown value
R14=0x0000000023f31b40 is an unknown value
R15=0x0000000026ac0844 is an unknown value


Stack: [0x0000000024a60000,0x0000000024b60000],  sp=0x0000000024b5e630,  free space=1017k
Native frames: (J=compiled Java code, j=interpreted, Vv=VM code, C=native code)
C  0x00000000022ffedd

Java frames: (J=compiled Java code, j=interpreted, Vv=VM code)
j  jogamp.opengl.gl4.GL4bcImpl.dispatch_glDrawElements1(IIIJJ)V+0
j  jogamp.opengl.gl4.GL4bcImpl.glDrawElements(IIIJ)V+53
j  gl4_kepler.bindlessApp.Mesh.render(Lcom/jogamp/opengl/GL4;)V+605
j  gl4_kepler.bindlessApp.BindlessApp.draw(Lcom/jogamp/opengl/GL4;)V+583
j  nvAppBase.NvSampleApp.baseDraw(Lcom/jogamp/opengl/GL4;)V+2
j  nvAppBase.NvSampleApp.display(Lcom/jogamp/opengl/GLAutoDrawable;)V+77
j  jogamp.opengl.GLDrawableHelper.displayImpl(Lcom/jogamp/opengl/GLAutoDrawable;)V+62
j  jogamp.opengl.GLDrawableHelper.display(Lcom/jogamp/opengl/GLAutoDrawable;)V+2
j  jogamp.opengl.GLAutoDrawableBase$2.run()V+59
j  jogamp.opengl.GLDrawableHelper.invokeGLImpl(Lcom/jogamp/opengl/GLDrawable;Lcom/jogamp/opengl/GLContext;Ljava/lang/Runnable;Ljava/lang/Runnable;)V+203
j  jogamp.opengl.GLDrawableHelper.invokeGL(Lcom/jogamp/opengl/GLDrawable;Lcom/jogamp/opengl/GLContext;Ljava/lang/Runnable;Ljava/lang/Runnable;)V+72
j  com.jogamp.newt.opengl.GLWindow.display()V+90
j  jogamp.opengl.GLAutoDrawableBase.defaultWindowResizedOp(II)V+206
j  com.jogamp.newt.opengl.GLWindow.access$200(Lcom/jogamp/newt/opengl/GLWindow;II)V+3
j  com.jogamp.newt.opengl.GLWindow$2.windowResized(Lcom/jogamp/newt/event/WindowEvent;)V+18
j  jogamp.newt.WindowImpl.consumeWindowEvent(Lcom/jogamp/newt/event/WindowEvent;)V+234
j  jogamp.newt.WindowImpl.sendWindowEvent(I)V+14
j  jogamp.newt.WindowImpl.setVisibleActionImpl(Z)V+691
j  jogamp.newt.WindowImpl$VisibleAction.run()V+8
j  com.jogamp.common.util.RunnableTask.run()V+198
j  jogamp.newt.DefaultEDTUtil$NEDT.run()V+221
v  ~StubRoutines::call_stub

---------------  P R O C E S S  ---------------

Java Threads: ( => current thread )
=>0x000000001faff800 JavaThread "main-Display-.windows_nil-1-EDT-1" daemon [_thread_in_native, id=6516, stack(0x0000000024a60000,0x0000000024b60000)]
  0x000000001fb29800 JavaThread "main-SharedResourceRunner" daemon [_thread_blocked, id=10288, stack(0x0000000023aa0000,0x0000000023ba0000)]
  0x000000001f9b5000 JavaThread "AWT-EventQueue-0" [_thread_blocked, id=13792, stack(0x0000000021e10000,0x0000000021f10000)]
  0x000000001f931000 JavaThread "AWT-Windows" daemon [_thread_in_native, id=7840, stack(0x000000001f610000,0x000000001f710000)]
  0x000000001f926800 JavaThread "AWT-Shutdown" [_thread_blocked, id=7060, stack(0x00000000201b0000,0x00000000202b0000)]
  0x000000001f925800 JavaThread "Java2D Disposer" daemon [_thread_blocked, id=9176, stack(0x0000000020050000,0x0000000020150000)]
  0x000000001d66e800 JavaThread "Service Thread" daemon [_thread_blocked, id=11508, stack(0x000000001f020000,0x000000001f120000)]
  0x000000001d5ea000 JavaThread "C1 CompilerThread3" daemon [_thread_blocked, id=13736, stack(0x000000001f280000,0x000000001f380000)]
  0x000000001d5e1000 JavaThread "C2 CompilerThread2" daemon [_thread_blocked, id=10840, stack(0x000000001edc0000,0x000000001eec0000)]
  0x000000001c529000 JavaThread "C2 CompilerThread1" daemon [_thread_blocked, id=10232, stack(0x000000001f150000,0x000000001f250000)]
  0x000000001d5d9800 JavaThread "C2 CompilerThread0" daemon [_thread_blocked, id=9792, stack(0x000000001eec0000,0x000000001efc0000)]
  0x000000001d5d7800 JavaThread "Attach Listener" daemon [_thread_blocked, id=8724, stack(0x000000001ecc0000,0x000000001edc0000)]
  0x000000001d5d6800 JavaThread "Signal Dispatcher" daemon [_thread_blocked, id=10588, stack(0x000000001eb30000,0x000000001ec30000)]
  0x000000001c51d800 JavaThread "Finalizer" daemon [_thread_blocked, id=12796, stack(0x000000001e920000,0x000000001ea20000)]
  0x000000001c516800 JavaThread "Reference Handler" daemon [_thread_blocked, id=10612, stack(0x000000001e7c0000,0x000000001e8c0000)]
  0x000000000027e000 JavaThread "main" [_thread_blocked, id=14968, stack(0x0000000002400000,0x0000000002500000)]

Other Threads:
  0x000000001d582000 VMThread [stack: 0x000000001e5a0000,0x000000001e6a0000] [id=9956]
  0x000000001d634800 WatcherThread [stack: 0x000000001f4e0000,0x000000001f5e0000] [id=13060]

VM state:not at safepoint (normal execution)

VM Mutex/Monitor currently owned by a thread: None

Heap:
 PSYoungGen      total 76288K, used 39635K [0x000000076b180000, 0x0000000770680000, 0x00000007c0000000)
  eden space 65536K, 60% used [0x000000076b180000,0x000000076d834c78,0x000000076f180000)
  from space 10752K, 0% used [0x000000076fc00000,0x000000076fc00000,0x0000000770680000)
  to   space 10752K, 0% used [0x000000076f180000,0x000000076f180000,0x000000076fc00000)
 ParOldGen       total 175104K, used 0K [0x00000006c1400000, 0x00000006cbf00000, 0x000000076b180000)
  object space 175104K, 0% used [0x00000006c1400000,0x00000006c1400000,0x00000006cbf00000)
 Metaspace       used 13583K, capacity 13790K, committed 13952K, reserved 1062912K
  class space    used 1310K, capacity 1378K, committed 1408K, reserved 1048576K

Card table byte_map: [0x0000000011b90000,0x0000000012390000] byte_map_base: 0x000000000e586000

Marking Bits: (ParMarkBitMap*) 0x000000005b9da5b0
 Begin Bits: [0x00000000133d0000, 0x0000000017380000)
 End Bits:   [0x0000000017380000, 0x000000001b330000)

Polling page: 0x0000000000130000

CodeCache: size=245760Kb used=3159Kb max_used=3166Kb free=242600Kb
 bounds [0x00000000027d0000, 0x0000000002af0000, 0x00000000117d0000]
 total_blobs=1544 nmethods=764 adapters=693
 compilation: enabled

Compilation events (10 events):
Event: 1.106 Thread 0x000000001d5ea000  760       3       java.nio.CharBuffer::<init> (22 bytes)
Event: 1.107 Thread 0x000000001d5ea000 nmethod 760 0x0000000002ad7ad0 code [0x0000000002ad7c40, 0x0000000002ad7e08]
Event: 1.107 Thread 0x000000001d5ea000  761       3       java.nio.Buffer::remaining (10 bytes)
Event: 1.107 Thread 0x000000001d5ea000 nmethod 761 0x0000000002ad77d0 code [0x0000000002ad7920, 0x0000000002ad7a70]
Event: 1.110 Thread 0x000000001c529000  762       4       java.io.WinNTFileSystem::isSlash (18 bytes)
Event: 1.110 Thread 0x000000001c529000 nmethod 762 0x0000000002ad7190 code [0x0000000002ad72c0, 0x0000000002ad7338]
Event: 1.110 Thread 0x000000001d5ea000  763       3       java.io.BufferedReader::readLine (6 bytes)
Event: 1.110 Thread 0x000000001d5ea000 nmethod 763 0x0000000002ae8610 code [0x0000000002ae8780, 0x0000000002ae8928]
Event: 1.114 Thread 0x000000001d5ea000  764       3       jglm.Mat4::toFloatArray (175 bytes)
Event: 1.114 Thread 0x000000001d5ea000 nmethod 764 0x0000000002ae7c90 code [0x0000000002ae7e00, 0x0000000002ae80b0]

GC Heap History (0 events):
No events

Deoptimization events (3 events):
Event: 0.576 Thread 0x000000000027e000 Uncommon trap: reason=unstable_if action=reinterpret pc=0x0000000002908f70 method=java.lang.String.startsWith(Ljava/lang/String;I)Z @ 25
Event: 1.026 Thread 0x000000000027e000 Uncommon trap: reason=unstable_if action=reinterpret pc=0x0000000002ab19b0 method=java.lang.reflect.AccessibleObject.setAccessible0(Ljava/lang/reflect/AccessibleObject;Z)V @ 4
Event: 1.030 Thread 0x000000000027e000 Uncommon trap: reason=unstable_if action=reinterpret pc=0x0000000002aaf398 method=java.util.HashMap.containsKey(Ljava/lang/Object;)Z @ 9

Internal exceptions (10 events):
Event: 0.023 Thread 0x000000000027e000 Exception <a 'java/lang/NoSuchMethodError': Method sun.misc.Unsafe.defineClass(Ljava/lang/String;[BII)Ljava/lang/Class; name or signature does not match> (0x000000076b18d598) thrown at [C:\re\workspace\8-2-build-windows-amd64-cygwin\jdk8u60\4407\hotspot\srø›š•—?
Event: 0.023 Thread 0x000000000027e000 Exception <a 'java/lang/NoSuchMethodError': Method sun.misc.Unsafe.prefetchRead(Ljava/lang/Object;J)V name or signature does not match> (0x000000076b18d880) thrown at [C:\re\workspace\8-2-build-windows-amd64-cygwin\jdk8u60\4407\hotspot\src\share\vm\prims\jRøì¬z¶?
Event: 0.086 Thread 0x000000000027e000 Exception <a 'java/security/PrivilegedActionException'> (0x000000076b6235a0) thrown at [C:\re\workspace\8-2-build-windows-amd64-cygwin\jdk8u60\4407\hotspot\src\share\vm\prims\jvm.cpp, line 1386]
Event: 0.086 Thread 0x000000000027e000 Exception <a 'java/security/PrivilegedActionException'> (0x000000076b6237b0) thrown at [C:\re\workspace\8-2-build-windows-amd64-cygwin\jdk8u60\4407\hotspot\src\share\vm\prims\jvm.cpp, line 1386]
Event: 0.086 Thread 0x000000000027e000 Exception <a 'java/security/PrivilegedActionException'> (0x000000076b6275f8) thrown at [C:\re\workspace\8-2-build-windows-amd64-cygwin\jdk8u60\4407\hotspot\src\share\vm\prims\jvm.cpp, line 1386]
Event: 0.086 Thread 0x000000000027e000 Exception <a 'java/security/PrivilegedActionException'> (0x000000076b627808) thrown at [C:\re\workspace\8-2-build-windows-amd64-cygwin\jdk8u60\4407\hotspot\src\share\vm\prims\jvm.cpp, line 1386]
Event: 0.285 Thread 0x000000000027e000 Exception <a 'java/lang/NoSuchFieldError': method resolution failed> (0x000000076b921210) thrown at [C:\re\workspace\8-2-build-windows-amd64-cygwin\jdk8u60\4407\hotspot\src\share\vm\prims\methodHandles.cpp, line 1146]
Event: 0.286 Thread 0x000000000027e000 Exception <a 'java/lang/NoSuchFieldError': method resolution failed> (0x000000076ba76488) thrown at [C:\re\workspace\8-2-build-windows-amd64-cygwin\jdk8u60\4407\hotspot\src\share\vm\prims\methodHandles.cpp, line 1146]
Event: 0.300 Thread 0x000000000027e000 Exception <a 'java/io/FileNotFoundException'> (0x000000076bb28dd0) thrown at [C:\re\workspace\8-2-build-windows-amd64-cygwin\jdk8u60\4407\hotspot\src\share\vm\prims\jni.cpp, line 709]
Event: 0.339 Thread 0x000000000027e000 Exception <a 'java/io/FileNotFoundException'> (0x000000076bbb5598) thrown at [C:\re\workspace\8-2-build-windows-amd64-cygwin\jdk8u60\4407\hotspot\src\share\vm\prims\jni.cpp, line 709]

Events (10 events):
Event: 1.112 loading class gl4_kepler/bindlessApp/PerMeshUniforms
Event: 1.112 loading class gl4_kepler/bindlessApp/PerMeshUniforms done
Event: 1.112 loading class gl4_kepler/bindlessApp/Vertex
Event: 1.112 loading class gl4_kepler/bindlessApp/Vertex done
Event: 1.113 loading class com/jogamp/opengl/util/GLBuffers
Event: 1.113 loading class com/jogamp/opengl/util/GLBuffers done
Event: 1.114 loading class jglm/Jglm
Event: 1.114 loading class jglm/Jglm done
Event: 1.114 loading class nvAppBase/NvMatrix
Event: 1.114 loading class nvAppBase/NvMatrix done


Dynamic libraries:
0x000000013f830000 - 0x000000013f867000 	C:\Program Files\Java\jdk1.8.0_60\bin\java.exe
0x0000000077050000 - 0x00000000771f9000 	C:\Windows\SYSTEM32\ntdll.dll
0x0000000076e30000 - 0x0000000076f50000 	C:\Windows\system32\kernel32.dll
0x000007fefd0d0000 - 0x000007fefd13c000 	C:\Windows\system32\KERNELBASE.dll
0x000007fefe360000 - 0x000007fefe43b000 	C:\Windows\system32\ADVAPI32.dll
0x000007fefe200000 - 0x000007fefe29f000 	C:\Windows\system32\msvcrt.dll
0x000007fefd7d0000 - 0x000007fefd7ef000 	C:\Windows\SYSTEM32\sechost.dll
0x000007fefdc30000 - 0x000007fefdd5d000 	C:\Windows\system32\RPCRT4.dll
0x0000000076f50000 - 0x000000007704a000 	C:\Windows\system32\USER32.dll
0x000007fefd1b0000 - 0x000007fefd217000 	C:\Windows\system32\GDI32.dll
0x000007fefe2d0000 - 0x000007fefe2de000 	C:\Windows\system32\LPK.dll
0x000007fefdb60000 - 0x000007fefdc2a000 	C:\Windows\system32\USP10.dll
0x000007fefb830000 - 0x000007fefba24000 	C:\Windows\WinSxS\amd64_microsoft.windows.common-controls_6595b64144ccf1df_6.0.7601.18837_none_fa3b1e3d17594757\COMCTL32.dll
0x000007fefe130000 - 0x000007fefe1a1000 	C:\Windows\system32\SHLWAPI.dll
0x000007fefe2a0000 - 0x000007fefe2ce000 	C:\Windows\system32\IMM32.DLL
0x000007fefd430000 - 0x000007fefd539000 	C:\Windows\system32\MSCTF.dll
0x000000006f7d0000 - 0x000000006f8a2000 	C:\Program Files\Java\jdk1.8.0_60\jre\bin\msvcr100.dll
0x000000005b1d0000 - 0x000000005ba59000 	C:\Program Files\Java\jdk1.8.0_60\jre\bin\server\jvm.dll
0x000007fefbe10000 - 0x000007fefbe19000 	C:\Windows\system32\WSOCK32.dll
0x000007fefe1b0000 - 0x000007fefe1fd000 	C:\Windows\system32\WS2_32.dll
0x000007fefd970000 - 0x000007fefd978000 	C:\Windows\system32\NSI.dll
0x000007fefbaf0000 - 0x000007fefbb2b000 	C:\Windows\system32\WINMM.dll
0x000007fefbec0000 - 0x000007fefbecc000 	C:\Windows\system32\VERSION.dll
0x0000000077220000 - 0x0000000077227000 	C:\Windows\system32\PSAPI.DLL
0x0000000072f30000 - 0x0000000072f3f000 	C:\Program Files\Java\jdk1.8.0_60\jre\bin\verify.dll
0x0000000072f00000 - 0x0000000072f29000 	C:\Program Files\Java\jdk1.8.0_60\jre\bin\java.dll
0x0000000072e80000 - 0x0000000072e96000 	C:\Program Files\Java\jdk1.8.0_60\jre\bin\zip.dll
0x000007fefe440000 - 0x000007feff1c9000 	C:\Windows\system32\SHELL32.dll
0x000007fefd220000 - 0x000007fefd423000 	C:\Windows\system32\ole32.dll
0x000007fefce00000 - 0x000007fefce0f000 	C:\Windows\system32\profapi.dll
0x000007fefc7d0000 - 0x000007fefc7e8000 	C:\Windows\system32\CRYPTSP.dll
0x000007fefc3c0000 - 0x000007fefc407000 	C:\Windows\system32\rsaenh.dll
0x000007fefce20000 - 0x000007fefce3e000 	C:\Windows\system32\USERENV.dll
0x000007fefcc90000 - 0x000007fefcc9f000 	C:\Windows\system32\CRYPTBASE.dll
0x0000000072ea0000 - 0x0000000072eba000 	C:\Program Files\Java\jdk1.8.0_60\jre\bin\net.dll
0x000007fefc5a0000 - 0x000007fefc5f5000 	C:\Windows\system32\mswsock.dll
0x000007fefc800000 - 0x000007fefc807000 	C:\Windows\System32\wship6.dll
0x000007fef9c90000 - 0x000007fef9cb7000 	C:\Windows\system32\IPHLPAPI.DLL
0x000007fef9c80000 - 0x000007fef9c8b000 	C:\Windows\system32\WINNSI.DLL
0x000007fef9aa0000 - 0x000007fef9ab1000 	C:\Windows\system32\dhcpcsvc6.DLL
0x000007fef9a20000 - 0x000007fef9a38000 	C:\Windows\system32\dhcpcsvc.DLL
0x0000000072dd0000 - 0x0000000072de1000 	C:\Program Files\Java\jdk1.8.0_60\jre\bin\nio.dll
0x000007fefcc30000 - 0x000007fefcc87000 	C:\Windows\system32\apphelp.dll
0x00000000637c0000 - 0x00000000637cd000 	C:\Users\GBarbieri\AppData\Local\Temp\jogamp_0000\file_cache\jln7798086825493565030\jln1010941202028484972\natives\windows-amd64\gluegen-rt.dll
0x000000006e3b0000 - 0x000000006e548000 	C:\Program Files\Java\jdk1.8.0_60\jre\bin\awt.dll
0x000007fefd890000 - 0x000007fefd967000 	C:\Windows\system32\OLEAUT32.dll
0x000007fefb3c0000 - 0x000007fefb416000 	C:\Windows\system32\uxtheme.dll
0x000007fefb300000 - 0x000007fefb318000 	C:\Windows\system32\dwmapi.dll
0x0000000072e60000 - 0x0000000072e67000 	C:\Program Files\Java\jdk1.8.0_60\jre\bin\jawt.dll
0x000000006a440000 - 0x000000006a44d000 	C:\Users\GBarbieri\AppData\Local\Temp\jogamp_0000\file_cache\jln7798086825493565030\jln1010941202028484972\natives\windows-amd64\nativewindow_awt.dll
0x000007feed070000 - 0x000007feed26f000 	C:\Windows\system32\d3d9.dll
0x000007fef83f0000 - 0x000007fef83f7000 	C:\Windows\system32\d3d8thk.dll
0x000007fedf1e0000 - 0x000007fee00d9000 	C:\Windows\system32\nvd3dumx.dll
0x000007fefb720000 - 0x000007fefb74c000 	C:\Windows\system32\powrprof.dll
0x000007fefd980000 - 0x000007fefdb57000 	C:\Windows\system32\SETUPAPI.dll
0x000007fefd150000 - 0x000007fefd186000 	C:\Windows\system32\CFGMGR32.dll
0x000007fefcef0000 - 0x000007fefcf0a000 	C:\Windows\system32\DEVOBJ.dll
0x000000006c100000 - 0x000000006c10f000 	C:\Users\GBarbieri\AppData\Local\Temp\jogamp_0000\file_cache\jln7798086825493565030\jln1010941202028484972\natives\windows-amd64\nativewindow_win32.dll
0x000000006cbc0000 - 0x000000006cbd3000 	C:\Users\GBarbieri\AppData\Local\Temp\jogamp_0000\file_cache\jln7798086825493565030\jln1010941202028484972\natives\windows-amd64\newt.dll
0x000007fefabb0000 - 0x000007fefac4c000 	C:\Windows\system32\mscms.dll
0x000007fef4340000 - 0x000007fef4382000 	C:\Windows\system32\icm32.dll
0x000007feeb7e0000 - 0x000007feeb8fd000 	C:\Windows\system32\OpenGL32.dll
0x000007fef4680000 - 0x000007fef46ad000 	C:\Windows\system32\GLU32.dll
0x000007feea780000 - 0x000007feea871000 	C:\Windows\system32\DDRAW.dll
0x000007fef7430000 - 0x000007fef7438000 	C:\Windows\system32\DCIMAN32.dll
0x0000000064500000 - 0x00000000645b1000 	C:\Users\GBarbieri\AppData\Local\Temp\jogamp_0000\file_cache\jln7798086825493565030\jln1010941202028484972\natives\windows-amd64\jogl_desktop.dll
0x0000000064340000 - 0x00000000643a2000 	C:\Users\GBarbieri\AppData\Local\Temp\jogamp_0000\file_cache\jln7798086825493565030\jln1010941202028484972\natives\windows-amd64\jogl_mobile.dll
0x0000000068720000 - 0x0000000069c96000 	C:\Windows\system32\nvoglv64.DLL
0x000007fefc040000 - 0x000007fefc051000 	C:\Windows\system32\WTSAPI32.dll
0x000007fefcf20000 - 0x000007fefcf5b000 	C:\Windows\system32\WINTRUST.dll
0x000007fefcf60000 - 0x000007fefd0cd000 	C:\Windows\system32\CRYPT32.dll
0x000007fefcdf0000 - 0x000007fefcdff000 	C:\Windows\system32\MSASN1.dll
0x000007fefa9f0000 - 0x000007fefaa1d000 	C:\Windows\system32\ntmarta.dll
0x000007fefdd60000 - 0x000007fefddb2000 	C:\Windows\system32\WLDAP32.dll
0x000007fefc1e0000 - 0x000007fefc21d000 	C:\Windows\system32\WINSTA.dll
0x000007fefa430000 - 0x000007fefa555000 	C:\Windows\system32\dbghelp.dll

VM Arguments:
jvm_args: -Dfile.encoding=UTF-8 
java_command: gl4_kepler.bindlessApp.Main
java_class_path (initial): C:\Users\GBarbieri\Documents\NetBeansProjects\Jglm\Jglm\build\classes;C:\Users\GBarbieri\Downloads\jogamp-all-platforms\jogamp-all-platforms\jar\gluegen-rt.jar;C:\Users\GBarbieri\Downloads\jogamp-all-platforms\jogamp-all-platforms\jar\jogl-all.jar;C:\Users\GBarbieri\Documents\NetBeansProjects\NvGlSamples\build\classes
Launcher Type: SUN_STANDARD

Environment Variables:
PATH=C:\ProgramData\Oracle\Java\javapath;C:\Windows\system32;C:\Windows;C:\Windows\System32\Wbem;C:\Windows\System32\WindowsPowerShell\v1.0\;cygwin-directory\bin;C:\Program Files (x86)\CMake\bin;C:\Program Files (x86)\Windows Kits\8.1\Windows Performance Toolkit\;C:\Program Files\Microsoft\Web Platform Installer\;C:\Program Files (x86)\Skype\Phone\;C:\Program Files\Microsoft SQL Server\110\Tools\Binn\;C:\Users\GBarbieri\Documents\NetBeansProjects\nifty-gui\nifty-examples\target\natives
USERNAME=GBarbieri
OS=Windows_NT
PROCESSOR_IDENTIFIER=Intel64 Family 6 Model 60 Stepping 3, GenuineIntel



---------------  S Y S T E M  ---------------

OS: Windows 7 , 64 bit Build 7601 (6.1.7601.19045)

CPU:total 8 (4 cores per cpu, 2 threads per core) family 6 model 60 stepping 3, cmov, cx8, fxsr, mmx, sse, sse2, sse3, ssse3, sse4.1, sse4.2, popcnt, avx, avx2, aes, clmul, erms, rtm, lzcnt, ht, tsc, tscinvbit, bmi1, bmi2

Memory: 4k page, physical 16694948k(10065228k free), swap 33388060k(24361368k free)

vm_info: Java HotSpot(TM) 64-Bit Server VM (25.60-b23) for windows-amd64 JRE (1.8.0_60-b27), built on Aug  4 2015 11:06:27 by "java_re" with MS VC++ 10.0 (VS2010)

time: Thu Jan 21 17:07:34 2016
elapsed time: 1 seconds (0d 0h 0m 1s)

