#
# A fatal error has been detected by the Java Runtime Environment:
#
#  EXCEPTION_ACCESS_VIOLATION (0xc0000005) at pc=0x0000000051631ac8, pid=5172, tid=8264
#
# JRE version: Java(TM) SE Runtime Environment (8.0_60-b27) (build 1.8.0_60-b27)
# Java VM: Java HotSpot(TM) 64-Bit Server VM (25.60-b23 mixed mode windows-amd64 compressed oops)
# Problematic frame:
# C  [nvoglv64.DLL+0x851ac8]
#
# Failed to write core dump. Minidumps are not enabled by default on client versions of Windows
#
# If you would like to submit a bug report, please visit:
#   http://bugreport.java.com/bugreport/crash.jsp
# The crash happened outside the Java Virtual Machine in native code.
# See problematic frame for where to report the bug.
#

---------------  T H R E A D  ---------------

Current thread (0x000000001f7cf800):  JavaThread "main-Display-.windows_nil-1-EDT-1" daemon [_thread_in_native, id=8264, stack(0x0000000025540000,0x0000000025640000)]

siginfo: ExceptionCode=0xc0000005, reading address 0x0000000000000000

Registers:
RAX=0x0000000024abe820, RBX=0x00000000000000b5, RCX=0x000000001ea90000, RDX=0x000000002497a780
RSP=0x000000002563ce50, RBP=0x000000002497a780, RSI=0x00000000000000b4, RDI=0x000000001ea90000
R8 =0x00000000000000b4, R9 =0x0000000000000000, R10=0x00000000000000b6, R11=0x000000002563cef8
R12=0x0000000000000000, R13=0x000000002340b9a0, R14=0x0000000000000000, R15=0x00000000292f0ca0
RIP=0x0000000051631ac8, EFLAGS=0x0000000000010206

Top of Stack: (sp=0x000000002563ce50)
0x000000002563ce50:   000000001d253b00 000000001c1e2050
0x000000002563ce60:   000000001f7cf800 0000000000000000
0x000000002563ce70:   000000002340b9a0 0000000000000000
0x000000002563ce80:   0000000000000b50 0000000000000008
0x000000002563ce90:   000000002497a780 000007fefdc2a775
0x000000002563cea0:   0000000000000003 0000000000000040
0x000000002563ceb0:   000000001f7cf800 000000002563cf20
0x000000002563cec0:   0000000000000000 0000000000000000
0x000000002563ced0:   00000000292f0ca0 000000001ea90000
0x000000002563cee0:   000000002497a780 00000000000000b4
0x000000002563cef0:   00000000000000b4 0000000051683f79
0x000000002563cf00:   000000001ea90000 000000002497a780
0x000000002563cf10:   00000000000000b4 0000000000000000
0x000000002563cf20:   00000000292f0ca0 000000001f7cf800
0x000000002563cf30:   000000002340b9a0 000000001f7cf800
0x000000002563cf40:   000000001f7cf800 000000002340b9a0 

Instructions: (pc=0x0000000051631ac8)
0x0000000051631aa8:   00 4c 8b dc 4d 89 4b 20 49 89 53 10 49 89 4b 08
0x0000000051631ab8:   56 48 81 ec a0 00 00 00 49 89 6b e8 49 89 7b e0
0x0000000051631ac8:   41 8b 39 33 c0 48 8b f2 49 63 d0 4d 89 73 c8 4c
0x0000000051631ad8:   8b b4 24 d0 00 00 00 8b ef 89 7c 24 34 48 89 44 


Register to memory mapping:

RAX=0x0000000024abe820 is an unknown value
RBX=0x00000000000000b5 is an unknown value
RCX=0x000000001ea90000 is pointing into the stack for thread: 0x000000001d188000
RDX=0x000000002497a780 is an unknown value
RSP=0x000000002563ce50 is pointing into the stack for thread: 0x000000001f7cf800
RBP=0x000000002497a780 is an unknown value
RSI=0x00000000000000b4 is an unknown value
RDI=0x000000001ea90000 is pointing into the stack for thread: 0x000000001d188000
R8 =0x00000000000000b4 is an unknown value
R9 =0x0000000000000000 is an unknown value
R10=0x00000000000000b6 is an unknown value
R11=0x000000002563cef8 is pointing into the stack for thread: 0x000000001f7cf800
R12=0x0000000000000000 is an unknown value
R13={method} {0x000000002340b9a8} 'dispatch_glDeleteTextures1' '(ILjava/lang/Object;IZJ)V' in 'jogamp/opengl/gl4/GL4bcImpl'
R14=0x0000000000000000 is an unknown value
R15=0x00000000292f0ca0 is an unknown value


Stack: [0x0000000025540000,0x0000000025640000],  sp=0x000000002563ce50,  free space=1011k
Native frames: (J=compiled Java code, j=interpreted, Vv=VM code, C=native code)
C  [nvoglv64.DLL+0x851ac8]
C  [nvoglv64.DLL+0x8a3f79]
C  0x0000000002325e34

Java frames: (J=compiled Java code, j=interpreted, Vv=VM code)
j  jogamp.opengl.gl4.GL4bcImpl.dispatch_glDeleteTextures1(ILjava/lang/Object;IZJ)V+0
j  jogamp.opengl.gl4.GL4bcImpl.glDeleteTextures(ILjava/nio/IntBuffer;)V+81
j  gl4_kepler.bindlessApp.v23.BindlessApp.shutdownRendering(Lcom/jogamp/opengl/GL4;)V+21
j  nvAppBase.NvSampleApp.baseShutdownRendering(Lcom/jogamp/opengl/GL4;)V+2
j  nvAppBase.NvSampleApp.dispose(Lcom/jogamp/opengl/GLAutoDrawable;)V+14
j  jogamp.opengl.GLDrawableHelper.disposeAllGLEventListener(Lcom/jogamp/opengl/GLAutoDrawable;Z)I+155
j  jogamp.opengl.GLDrawableHelper.disposeGL(Lcom/jogamp/opengl/GLAutoDrawable;Lcom/jogamp/opengl/GLContext;Z)V+119
j  jogamp.opengl.GLAutoDrawableBase.destroyImplInLock()V+48
j  com.jogamp.newt.opengl.GLWindow.access$300(Lcom/jogamp/newt/opengl/GLWindow;)V+1
j  com.jogamp.newt.opengl.GLWindow$GLLifecycleHook.destroyActionInLock()V+44
j  jogamp.newt.WindowImpl$1.run()V+267
j  jogamp.newt.DisplayImpl.runOnEDTIfAvail(ZLjava/lang/Runnable;)V+172
j  jogamp.newt.WindowImpl.runOnEDTIfAvail(ZLjava/lang/Runnable;)V+36
j  jogamp.newt.WindowImpl.destroy()V+16
j  com.jogamp.newt.opengl.GLWindow.destroy()V+4
j  jogamp.opengl.GLAutoDrawableBase.destroyAvoidAwareOfLocking()V+31
j  jogamp.opengl.GLAutoDrawableBase.defaultWindowDestroyNotifyOp()V+43
j  com.jogamp.newt.opengl.GLWindow.access$000(Lcom/jogamp/newt/opengl/GLWindow;)V+1
j  com.jogamp.newt.opengl.GLWindow$1.run()V+4
j  jogamp.newt.WindowImpl.windowDestroyNotify(Z)Z+147
v  ~StubRoutines::call_stub
J 974  jogamp.newt.driver.windows.DisplayDriver.DispatchMessages0()V (0 bytes) @ 0x00000000026ca03e [0x00000000026ca000+0x3e]
J 973 C1 jogamp.newt.driver.windows.DisplayDriver.dispatchMessagesNative()V (4 bytes) @ 0x00000000026c9cfc [0x00000000026c9c80+0x7c]
J 971 C1 jogamp.newt.DisplayImpl.dispatchMessages()V (125 bytes) @ 0x00000000026c8cc4 [0x00000000026c81a0+0xb24]
J 970 C1 jogamp.newt.DisplayImpl$7.run()V (8 bytes) @ 0x00000000026c7d44 [0x00000000026c7c40+0x104]
j  jogamp.newt.DefaultEDTUtil$NEDT.run()V+67
v  ~StubRoutines::call_stub

---------------  P R O C E S S  ---------------

Java Threads: ( => current thread )
  0x0000000001cde000 JavaThread "DestroyJavaVM" [_thread_blocked, id=11060, stack(0x0000000001f40000,0x0000000002040000)]
  0x00000000239f9800 JavaThread "main-AWTAnimator#00" [_thread_blocked, id=12672, stack(0x0000000021bb0000,0x0000000021cb0000)]
=>0x000000001f7cf800 JavaThread "main-Display-.windows_nil-1-EDT-1" daemon [_thread_in_native, id=8264, stack(0x0000000025540000,0x0000000025640000)]
  0x000000001f878000 JavaThread "main-SharedResourceRunner" daemon [_thread_blocked, id=16256, stack(0x0000000024700000,0x0000000024800000)]
  0x000000001f49f000 JavaThread "AWT-Windows" daemon [_thread_in_native, id=8544, stack(0x000000001ff60000,0x0000000020060000)]
  0x000000001f454000 JavaThread "Java2D Disposer" daemon [_thread_blocked, id=12668, stack(0x000000001fc40000,0x000000001fd40000)]
  0x000000001d21e800 JavaThread "Service Thread" daemon [_thread_blocked, id=16076, stack(0x000000001ee20000,0x000000001ef20000)]
  0x000000001d195800 JavaThread "C1 CompilerThread3" daemon [_thread_blocked, id=9676, stack(0x000000001e560000,0x000000001e660000)]
  0x000000001d195000 JavaThread "C2 CompilerThread2" daemon [_thread_blocked, id=4412, stack(0x000000001ed10000,0x000000001ee10000)]
  0x000000001d18f800 JavaThread "C2 CompilerThread1" daemon [_thread_blocked, id=7808, stack(0x000000001eb40000,0x000000001ec40000)]
  0x000000001d188000 JavaThread "C2 CompilerThread0" daemon [_thread_blocked, id=10672, stack(0x000000001e990000,0x000000001ea90000)]
  0x000000001d186000 JavaThread "Attach Listener" daemon [_thread_blocked, id=16188, stack(0x000000001e780000,0x000000001e880000)]
  0x000000001d185000 JavaThread "Signal Dispatcher" daemon [_thread_blocked, id=15976, stack(0x000000001e660000,0x000000001e760000)]
  0x000000001c1dc800 JavaThread "Finalizer" daemon [_thread_blocked, id=8032, stack(0x000000001e410000,0x000000001e510000)]
  0x000000001d133000 JavaThread "Reference Handler" daemon [_thread_blocked, id=13840, stack(0x000000001e2e0000,0x000000001e3e0000)]

Other Threads:
  0x0000000001caf000 VMThread [stack: 0x000000001e150000,0x000000001e250000] [id=11840]
  0x000000001d24f000 WatcherThread [stack: 0x000000001f080000,0x000000001f180000] [id=14840]

VM state:not at safepoint (normal execution)

VM Mutex/Monitor currently owned by a thread: None

Heap:
 PSYoungGen      total 141824K, used 104333K [0x000000076b180000, 0x0000000774680000, 0x00000007c0000000)
  eden space 131072K, 71% used [0x000000076b180000,0x0000000770ce5578,0x0000000773180000)
  from space 10752K, 99% used [0x0000000773c00000,0x000000077467e240,0x0000000774680000)
  to   space 10752K, 0% used [0x0000000773180000,0x0000000773180000,0x0000000773c00000)
 ParOldGen       total 175104K, used 14086K [0x00000006c1400000, 0x00000006cbf00000, 0x000000076b180000)
  object space 175104K, 8% used [0x00000006c1400000,0x00000006c21c1b20,0x00000006cbf00000)
 Metaspace       used 14214K, capacity 14414K, committed 14848K, reserved 1062912K
  class space    used 1353K, capacity 1410K, committed 1536K, reserved 1048576K

Card table byte_map: [0x00000000116d0000,0x0000000011ed0000] byte_map_base: 0x000000000e0c6000

Marking Bits: (ParMarkBitMap*) 0x000000005475a5b0
 Begin Bits: [0x0000000013090000, 0x0000000017040000)
 End Bits:   [0x0000000017040000, 0x000000001aff0000)

Polling page: 0x0000000000330000

CodeCache: size=245760Kb used=4190Kb max_used=4190Kb free=241569Kb
 bounds [0x0000000002310000, 0x0000000002730000, 0x0000000011310000]
 total_blobs=1896 nmethods=1100 adapters=709
 compilation: enabled

Compilation events (10 events):
Event: 13.732 Thread 0x000000001d195800 1096       3       nvAppBase.NvInputTransformer::update (241 bytes)
Event: 13.733 Thread 0x000000001d195800 nmethod 1096 0x0000000002725910 code [0x0000000002725ce0, 0x0000000002728078]
Event: 13.733 Thread 0x000000001d195800 1097       3       nvAppBase.NvInputTransformer::updateMats (72 bytes)
Event: 13.733 Thread 0x000000001d195800 nmethod 1097 0x0000000002729650 code [0x0000000002729880, 0x0000000002729f38]
Event: 13.733 Thread 0x000000001d195800 1098       3       nvAppBase.NvMatrix::rotationYawPitchRoll (43 bytes)
Event: 13.734 Thread 0x000000001d195800 nmethod 1098 0x00000000027224d0 code [0x00000000027226a0, 0x0000000002722d38]
Event: 13.734 Thread 0x000000001d195800 1099       3       glm.mat._4.Mat4::rotateX (7 bytes)
Event: 13.734 Thread 0x000000001d195800 nmethod 1099 0x000000000272a4d0 code [0x000000000272a640, 0x000000000272a7c8]
Event: 14.780 Thread 0x000000001d195800 1100       1       jogamp.newt.DefaultEDTUtil::access$100 (4 bytes)
Event: 14.780 Thread 0x000000001d195800 nmethod 1100 0x000000000272a890 code [0x000000000272a9e0, 0x000000000272aad0]

GC Heap History (8 events):
Event: 1.295 GC heap before
{Heap before GC invocations=1 (full 0):
 PSYoungGen      total 76288K, used 65536K [0x000000076b180000, 0x0000000770680000, 0x00000007c0000000)
  eden space 65536K, 100% used [0x000000076b180000,0x000000076f180000,0x000000076f180000)
  from space 10752K, 0% used [0x000000076fc00000,0x000000076fc00000,0x0000000770680000)
  to   space 10752K, 0% used [0x000000076f180000,0x000000076f180000,0x000000076fc00000)
 ParOldGen       total 175104K, used 0K [0x00000006c1400000, 0x00000006cbf00000, 0x000000076b180000)
  object space 175104K, 0% used [0x00000006c1400000,0x00000006c1400000,0x00000006cbf00000)
 Metaspace       used 13877K, capacity 14094K, committed 14336K, reserved 1062912K
  class space    used 1334K, capacity 1410K, committed 1536K, reserved 1048576K
Event: 1.302 GC heap after
Heap after GC invocations=1 (full 0):
 PSYoungGen      total 76288K, used 10742K [0x000000076b180000, 0x0000000770680000, 0x00000007c0000000)
  eden space 65536K, 0% used [0x000000076b180000,0x000000076b180000,0x000000076f180000)
  from space 10752K, 99% used [0x000000076f180000,0x000000076fbfdac8,0x000000076fc00000)
  to   space 10752K, 0% used [0x000000076fc00000,0x000000076fc00000,0x0000000770680000)
 ParOldGen       total 175104K, used 622K [0x00000006c1400000, 0x00000006cbf00000, 0x000000076b180000)
  object space 175104K, 0% used [0x00000006c1400000,0x00000006c149baf0,0x00000006cbf00000)
 Metaspace       used 13877K, capacity 14094K, committed 14336K, reserved 1062912K
  class space    used 1334K, capacity 1410K, committed 1536K, reserved 1048576K
}
Event: 1.460 GC heap before
{Heap before GC invocations=2 (full 0):
 PSYoungGen      total 76288K, used 76278K [0x000000076b180000, 0x0000000770680000, 0x00000007c0000000)
  eden space 65536K, 100% used [0x000000076b180000,0x000000076f180000,0x000000076f180000)
  from space 10752K, 99% used [0x000000076f180000,0x000000076fbfdac8,0x000000076fc00000)
  to   space 10752K, 0% used [0x000000076fc00000,0x000000076fc00000,0x0000000770680000)
 ParOldGen       total 175104K, used 622K [0x00000006c1400000, 0x00000006cbf00000, 0x000000076b180000)
  object space 175104K, 0% used [0x00000006c1400000,0x00000006c149baf0,0x00000006cbf00000)
 Metaspace       used 13884K, capacity 14094K, committed 14336K, reserved 1062912K
  class space    used 1334K, capacity 1410K, committed 1536K, reserved 1048576K
Event: 1.471 GC heap after
Heap after GC invocations=2 (full 0):
 PSYoungGen      total 76288K, used 10728K [0x000000076b180000, 0x0000000774680000, 0x00000007c0000000)
  eden space 65536K, 0% used [0x000000076b180000,0x000000076b180000,0x000000076f180000)
  from space 10752K, 99% used [0x000000076fc00000,0x000000077067a250,0x0000000770680000)
  to   space 10752K, 0% used [0x000000076f180000,0x000000076f180000,0x000000076fc00000)
 ParOldGen       total 175104K, used 4150K [0x00000006c1400000, 0x00000006cbf00000, 0x000000076b180000)
  object space 175104K, 2% used [0x00000006c1400000,0x00000006c180daf0,0x00000006cbf00000)
 Metaspace       used 13884K, capacity 14094K, committed 14336K, reserved 1062912K
  class space    used 1334K, capacity 1410K, committed 1536K, reserved 1048576K
}
Event: 1.618 GC heap before
{Heap before GC invocations=3 (full 0):
 PSYoungGen      total 76288K, used 76264K [0x000000076b180000, 0x0000000774680000, 0x00000007c0000000)
  eden space 65536K, 100% used [0x000000076b180000,0x000000076f180000,0x000000076f180000)
  from space 10752K, 99% used [0x000000076fc00000,0x000000077067a250,0x0000000770680000)
  to   space 10752K, 0% used [0x000000076f180000,0x000000076f180000,0x000000076fc00000)
 ParOldGen       total 175104K, used 4150K [0x00000006c1400000, 0x00000006cbf00000, 0x000000076b180000)
  object space 175104K, 2% used [0x00000006c1400000,0x00000006c180daf0,0x00000006cbf00000)
 Metaspace       used 13888K, capacity 14094K, committed 14336K, reserved 1062912K
  class space    used 1335K, capacity 1410K, committed 1536K, reserved 1048576K
Event: 1.628 GC heap after
Heap after GC invocations=3 (full 0):
 PSYoungGen      total 76288K, used 10731K [0x000000076b180000, 0x0000000774680000, 0x00000007c0000000)
  eden space 65536K, 0% used [0x000000076b180000,0x000000076b180000,0x000000076f180000)
  from space 10752K, 99% used [0x000000076f180000,0x000000076fbfaf88,0x000000076fc00000)
  to   space 10752K, 0% used [0x0000000773c00000,0x0000000773c00000,0x0000000774680000)
 ParOldGen       total 175104K, used 9110K [0x00000006c1400000, 0x00000006cbf00000, 0x000000076b180000)
  object space 175104K, 5% used [0x00000006c1400000,0x00000006c1ce5af0,0x00000006cbf00000)
 Metaspace       used 13888K, capacity 14094K, committed 14336K, reserved 1062912K
  class space    used 1335K, capacity 1410K, committed 1536K, reserved 1048576K
}
Event: 1.770 GC heap before
{Heap before GC invocations=4 (full 0):
 PSYoungGen      total 76288K, used 76267K [0x000000076b180000, 0x0000000774680000, 0x00000007c0000000)
  eden space 65536K, 100% used [0x000000076b180000,0x000000076f180000,0x000000076f180000)
  from space 10752K, 99% used [0x000000076f180000,0x000000076fbfaf88,0x000000076fc00000)
  to   space 10752K, 0% used [0x0000000773c00000,0x0000000773c00000,0x0000000774680000)
 ParOldGen       total 175104K, used 9110K [0x00000006c1400000, 0x00000006cbf00000, 0x000000076b180000)
  object space 175104K, 5% used [0x00000006c1400000,0x00000006c1ce5af0,0x00000006cbf00000)
 Metaspace       used 13896K, capacity 14094K, committed 14336K, reserved 1062912K
  class space    used 1335K, capacity 1410K, committed 1536K, reserved 1048576K
Event: 1.783 GC heap after
Heap after GC invocations=4 (full 0):
 PSYoungGen      total 141824K, used 10744K [0x000000076b180000, 0x0000000774680000, 0x00000007c0000000)
  eden space 131072K, 0% used [0x000000076b180000,0x000000076b180000,0x0000000773180000)
  from space 10752K, 99% used [0x0000000773c00000,0x000000077467e240,0x0000000774680000)
  to   space 10752K, 0% used [0x0000000773180000,0x0000000773180000,0x0000000773c00000)
 ParOldGen       total 175104K, used 14086K [0x00000006c1400000, 0x00000006cbf00000, 0x000000076b180000)
  object space 175104K, 8% used [0x00000006c1400000,0x00000006c21c1b20,0x00000006cbf00000)
 Metaspace       used 13896K, capacity 14094K, committed 14336K, reserved 1062912K
  class space    used 1335K, capacity 1410K, committed 1536K, reserved 1048576K
}

Deoptimization events (9 events):
Event: 0.666 Thread 0x0000000001cde000 Uncommon trap: reason=unstable_if action=reinterpret pc=0x0000000002449eb0 method=java.lang.String.startsWith(Ljava/lang/String;I)Z @ 25
Event: 1.083 Thread 0x0000000001cde000 Uncommon trap: reason=unstable_if action=reinterpret pc=0x00000000025ccf30 method=java.lang.reflect.AccessibleObject.setAccessible0(Ljava/lang/reflect/AccessibleObject;Z)V @ 4
Event: 1.086 Thread 0x0000000001cde000 Uncommon trap: reason=unstable_if action=reinterpret pc=0x00000000025cffd4 method=java.util.HashMap.containsKey(Ljava/lang/Object;)Z @ 9
Event: 1.975 Thread 0x000000001f7cf800 Uncommon trap: reason=unstable_if action=reinterpret pc=0x0000000002658454 method=com.jogamp.common.util.IntObjectHashMap.get(I)Ljava/lang/Object; @ 19
Event: 1.977 Thread 0x000000001f7cf800 Uncommon trap: reason=unstable_if action=reinterpret pc=0x000000000265a72c method=com.jogamp.common.nio.Buffers.getDirectBufferByteOffset(Ljava/lang/Object;)I @ 34
Event: 1.977 Thread 0x000000001f7cf800 Uncommon trap: reason=unstable_if action=reinterpret pc=0x000000000260a0ec method=java.lang.Math.min(FF)F @ 37
Event: 2.061 Thread 0x00000000239f9800 Uncommon trap: reason=unstable_if action=reinterpret pc=0x0000000002669078 method=jogamp.opengl.GLDebugMessageHandler.sendMessage(Lcom/jogamp/opengl/GLDebugMessage;)V @ 55
Event: 2.112 Thread 0x00000000239f9800 Uncommon trap: reason=unstable_if action=reinterpret pc=0x00000000026a5e8c method=gl4_kepler.bindlessApp.v23.BindlessApp.draw(Lcom/jogamp/opengl/GL4;)V @ 306
Event: 15.943 Thread 0x000000001f7cf800 Uncommon trap: reason=unstable_if action=reinterpret pc=0x0000000002657ca8 method=com.jogamp.common.nio.Buffers.isDirect(Ljava/lang/Object;)Z @ 1

Internal exceptions (10 events):
Event: 0.022 Thread 0x0000000001cde000 Exception <a 'java/lang/NoSuchMethodError': Method sun.misc.Unsafe.prefetchRead(Ljava/lang/Object;J)V name or signature does not match> (0x000000076b18d890) thrown at [C:\re\workspace\8-2-build-windows-amd64-cygwin\jdk8u60\4407\hotspot\src\share\vm\prims\j3Á∏‚äºµ?
Event: 0.085 Thread 0x0000000001cde000 Exception <a 'java/security/PrivilegedActionException'> (0x000000076b62ceb8) thrown at [C:\re\workspace\8-2-build-windows-amd64-cygwin\jdk8u60\4407\hotspot\src\share\vm\prims\jvm.cpp, line 1386]
Event: 0.085 Thread 0x0000000001cde000 Exception <a 'java/security/PrivilegedActionException'> (0x000000076b62d0c8) thrown at [C:\re\workspace\8-2-build-windows-amd64-cygwin\jdk8u60\4407\hotspot\src\share\vm\prims\jvm.cpp, line 1386]
Event: 0.085 Thread 0x0000000001cde000 Exception <a 'java/security/PrivilegedActionException'> (0x000000076b630f10) thrown at [C:\re\workspace\8-2-build-windows-amd64-cygwin\jdk8u60\4407\hotspot\src\share\vm\prims\jvm.cpp, line 1386]
Event: 0.085 Thread 0x0000000001cde000 Exception <a 'java/security/PrivilegedActionException'> (0x000000076b631120) thrown at [C:\re\workspace\8-2-build-windows-amd64-cygwin\jdk8u60\4407\hotspot\src\share\vm\prims\jvm.cpp, line 1386]
Event: 0.375 Thread 0x0000000001cde000 Exception <a 'java/lang/NoSuchFieldError': method resolution failed> (0x000000076b981738) thrown at [C:\re\workspace\8-2-build-windows-amd64-cygwin\jdk8u60\4407\hotspot\src\share\vm\prims\methodHandles.cpp, line 1146]
Event: 0.376 Thread 0x0000000001cde000 Exception <a 'java/lang/NoSuchFieldError': method resolution failed> (0x000000076b98eed8) thrown at [C:\re\workspace\8-2-build-windows-amd64-cygwin\jdk8u60\4407\hotspot\src\share\vm\prims\methodHandles.cpp, line 1146]
Event: 0.392 Thread 0x0000000001cde000 Exception <a 'java/io/FileNotFoundException'> (0x000000076ba41c70) thrown at [C:\re\workspace\8-2-build-windows-amd64-cygwin\jdk8u60\4407\hotspot\src\share\vm\prims\jni.cpp, line 709]
Event: 0.428 Thread 0x0000000001cde000 Exception <a 'java/io/FileNotFoundException'> (0x000000076bc161a8) thrown at [C:\re\workspace\8-2-build-windows-amd64-cygwin\jdk8u60\4407\hotspot\src\share\vm\prims\jni.cpp, line 709]
Event: 15.943 Thread 0x000000001f7cf800 Implicit null exception at 0x0000000002657c2c to 0x0000000002657c9a

Events (10 events):
Event: 2.112 Thread 0x00000000239f9800 DEOPT PACKING pc=0x000000000269bc8d sp=0x0000000021caee50
Event: 2.112 Thread 0x00000000239f9800 DEOPT UNPACKING pc=0x000000000235787f sp=0x0000000021caebe0 mode 0
Event: 2.112 Thread 0x00000000239f9800 Uncommon trap: trap_request=0xffffff65 fr.pc=0x00000000026a5e8c
Event: 2.112 Thread 0x00000000239f9800 DEOPT PACKING pc=0x00000000026a5e8c sp=0x0000000021caeed0
Event: 2.112 Thread 0x00000000239f9800 DEOPT UNPACKING pc=0x000000000235582a sp=0x0000000021caeed8 mode 2
Event: 4.184 Executing VM operation: EnableBiasedLocking
Event: 4.187 Executing VM operation: EnableBiasedLocking done
Event: 15.943 Thread 0x000000001f7cf800 Uncommon trap: trap_request=0xffffff65 fr.pc=0x0000000002657ca8
Event: 15.943 Thread 0x000000001f7cf800 DEOPT PACKING pc=0x0000000002657ca8 sp=0x000000002563d030
Event: 15.943 Thread 0x000000001f7cf800 DEOPT UNPACKING pc=0x000000000235582a sp=0x000000002563cfd8 mode 2


Dynamic libraries:
0x000000013f900000 - 0x000000013f937000 	C:\Program Files\Java\jdk1.8.0_60\bin\java.exe
0x0000000077b90000 - 0x0000000077d3a000 	C:\Windows\SYSTEM32\ntdll.dll
0x0000000077a70000 - 0x0000000077b8f000 	C:\Windows\system32\kernel32.dll
0x000007fefdc20000 - 0x000007fefdc8b000 	C:\Windows\system32\KERNELBASE.dll
0x000007feffdb0000 - 0x000007feffe8b000 	C:\Windows\system32\ADVAPI32.dll
0x000007fefdf00000 - 0x000007fefdf9f000 	C:\Windows\system32\msvcrt.dll
0x000007feff170000 - 0x000007feff18f000 	C:\Windows\SYSTEM32\sechost.dll
0x000007feff380000 - 0x000007feff4ad000 	C:\Windows\system32\RPCRT4.dll
0x0000000077970000 - 0x0000000077a6a000 	C:\Windows\system32\USER32.dll
0x000007fefe110000 - 0x000007fefe177000 	C:\Windows\system32\GDI32.dll
0x000007feffe90000 - 0x000007feffe9e000 	C:\Windows\system32\LPK.dll
0x000007feffb00000 - 0x000007feffbca000 	C:\Windows\system32\USP10.dll
0x000007fefc350000 - 0x000007fefc544000 	C:\Windows\WinSxS\amd64_microsoft.windows.common-controls_6595b64144ccf1df_6.0.7601.18837_none_fa3b1e3d17594757\COMCTL32.dll
0x000007feff2a0000 - 0x000007feff311000 	C:\Windows\system32\SHLWAPI.dll
0x000007fefdfa0000 - 0x000007fefdfce000 	C:\Windows\system32\IMM32.DLL
0x000007feff190000 - 0x000007feff299000 	C:\Windows\system32\MSCTF.dll
0x000000006f7f0000 - 0x000000006f8c2000 	C:\Program Files\Java\jdk1.8.0_60\jre\bin\msvcr100.dll
0x0000000053f50000 - 0x00000000547d9000 	C:\Program Files\Java\jdk1.8.0_60\jre\bin\server\jvm.dll
0x000007fef9860000 - 0x000007fef9869000 	C:\Windows\system32\WSOCK32.dll
0x000007feff120000 - 0x000007feff16d000 	C:\Windows\system32\WS2_32.dll
0x000007feff820000 - 0x000007feff828000 	C:\Windows\system32\NSI.dll
0x000007fef7b90000 - 0x000007fef7bcb000 	C:\Windows\system32\WINMM.dll
0x000007fefc9e0000 - 0x000007fefc9ec000 	C:\Windows\system32\VERSION.dll
0x0000000077d50000 - 0x0000000077d57000 	C:\Windows\system32\PSAPI.DLL
0x0000000071dc0000 - 0x0000000071dcf000 	C:\Program Files\Java\jdk1.8.0_60\jre\bin\verify.dll
0x0000000070090000 - 0x00000000700b9000 	C:\Program Files\Java\jdk1.8.0_60\jre\bin\java.dll
0x0000000071ba0000 - 0x0000000071bb6000 	C:\Program Files\Java\jdk1.8.0_60\jre\bin\zip.dll
0x000007fefe390000 - 0x000007feff11a000 	C:\Windows\system32\SHELL32.dll
0x000007fefe180000 - 0x000007fefe383000 	C:\Windows\system32\ole32.dll
0x000007fefd910000 - 0x000007fefd91f000 	C:\Windows\system32\profapi.dll
0x000007fefd2f0000 - 0x000007fefd308000 	C:\Windows\system32\CRYPTSP.dll
0x000007fefce00000 - 0x000007fefce47000 	C:\Windows\system32\rsaenh.dll
0x000007fefdc90000 - 0x000007fefdcae000 	C:\Windows\system32\USERENV.dll
0x000007fefd7b0000 - 0x000007fefd7bf000 	C:\Windows\system32\CRYPTBASE.dll
0x0000000070070000 - 0x000000007008a000 	C:\Program Files\Java\jdk1.8.0_60\jre\bin\net.dll
0x000007fefd180000 - 0x000007fefd1d5000 	C:\Windows\system32\mswsock.dll
0x000007fefd220000 - 0x000007fefd227000 	C:\Windows\System32\wship6.dll
0x000007fefa750000 - 0x000007fefa777000 	C:\Windows\system32\IPHLPAPI.DLL
0x000007fefa740000 - 0x000007fefa74b000 	C:\Windows\system32\WINNSI.DLL
0x000007fefa560000 - 0x000007fefa571000 	C:\Windows\system32\dhcpcsvc6.DLL
0x000007fefa420000 - 0x000007fefa438000 	C:\Windows\system32\dhcpcsvc.DLL
0x0000000070050000 - 0x0000000070061000 	C:\Program Files\Java\jdk1.8.0_60\jre\bin\nio.dll
0x000007fefd750000 - 0x000007fefd7a7000 	C:\Windows\system32\apphelp.dll
0x00000000637c0000 - 0x00000000637cd000 	C:\Users\GBarbieri\AppData\Local\Temp\jogamp_0000\file_cache\jln2580408051266983566\jln6655717406130870164\natives\windows-amd64\gluegen-rt.dll
0x000000006bfe0000 - 0x000000006c178000 	C:\Program Files\Java\jdk1.8.0_60\jre\bin\awt.dll
0x000007feff4b0000 - 0x000007feff587000 	C:\Windows\system32\OLEAUT32.dll
0x000007fefbf10000 - 0x000007fefbf66000 	C:\Windows\system32\uxtheme.dll
0x000007fefbaf0000 - 0x000007fefbb08000 	C:\Windows\system32\dwmapi.dll
0x0000000072d70000 - 0x0000000072d77000 	C:\Program Files\Java\jdk1.8.0_60\jre\bin\jawt.dll
0x000000006a440000 - 0x000000006a44d000 	C:\Users\GBarbieri\AppData\Local\Temp\jogamp_0000\file_cache\jln2580408051266983566\jln6655717406130870164\natives\windows-amd64\nativewindow_awt.dll
0x000007feeb970000 - 0x000007feebb6f000 	C:\Windows\system32\d3d9.dll
0x000007fef6d50000 - 0x000007fef6d57000 	C:\Windows\system32\d3d8thk.dll
0x000007fee6af0000 - 0x000007fee79b9000 	C:\Windows\system32\nvd3dumx.dll
0x000007fefc270000 - 0x000007fefc29c000 	C:\Windows\system32\powrprof.dll
0x000007feffbd0000 - 0x000007feffda7000 	C:\Windows\system32\SETUPAPI.dll
0x000007fefd9d0000 - 0x000007fefda06000 	C:\Windows\system32\CFGMGR32.dll
0x000007fefda30000 - 0x000007fefda4a000 	C:\Windows\system32\DEVOBJ.dll
0x0000000012520000 - 0x000000001252f000 	C:\Users\GBarbieri\AppData\Local\Temp\jogamp_0000\file_cache\jln2580408051266983566\jln6655717406130870164\natives\windows-amd64\nativewindow_win32.dll
0x000000006cbc0000 - 0x000000006cbd3000 	C:\Users\GBarbieri\AppData\Local\Temp\jogamp_0000\file_cache\jln2580408051266983566\jln6655717406130870164\natives\windows-amd64\newt.dll
0x000007fef7bd0000 - 0x000007fef7c6c000 	C:\Windows\system32\mscms.dll
0x000007feefe60000 - 0x000007feefea2000 	C:\Windows\system32\icm32.dll
0x000007fee9260000 - 0x000007fee937d000 	C:\Windows\system32\OpenGL32.dll
0x000007fef6a00000 - 0x000007fef6a2d000 	C:\Windows\system32\GLU32.dll
0x000007fef6900000 - 0x000007fef69f1000 	C:\Windows\system32\DDRAW.dll
0x000007fefc210000 - 0x000007fefc218000 	C:\Windows\system32\DCIMAN32.dll
0x0000000064500000 - 0x00000000645b1000 	C:\Users\GBarbieri\AppData\Local\Temp\jogamp_0000\file_cache\jln2580408051266983566\jln6655717406130870164\natives\windows-amd64\jogl_desktop.dll
0x0000000064340000 - 0x00000000643a2000 	C:\Users\GBarbieri\AppData\Local\Temp\jogamp_0000\file_cache\jln2580408051266983566\jln6655717406130870164\natives\windows-amd64\jogl_mobile.dll
0x0000000050de0000 - 0x000000005242d000 	C:\Windows\system32\nvoglv64.DLL
0x000007fefcb60000 - 0x000007fefcb71000 	C:\Windows\system32\WTSAPI32.dll
0x000007fefdbe0000 - 0x000007fefdc1b000 	C:\Windows\system32\WINTRUST.dll
0x000007fefda60000 - 0x000007fefdbcd000 	C:\Windows\system32\CRYPT32.dll
0x000007fefd920000 - 0x000007fefd92f000 	C:\Windows\system32\MSASN1.dll
0x000007fefb910000 - 0x000007fefb93d000 	C:\Windows\system32\ntmarta.dll
0x000007feff320000 - 0x000007feff372000 	C:\Windows\system32\WLDAP32.dll
0x000007fefb360000 - 0x000007fefb485000 	C:\Windows\system32\dbghelp.dll

VM Arguments:
jvm_args: -Dfile.encoding=UTF-8 
java_command: gl4_kepler.bindlessApp.v23.Main
java_class_path (initial): C:\Users\GBarbieri\Documents\NetBeansProjects\Jglm\Jglm\build\classes;C:\Users\GBarbieri\Downloads\jogamp-all-platforms\jogamp-all-platforms\jar\gluegen-rt.jar;C:\Users\GBarbieri\Downloads\jogamp-all-platforms\jogamp-all-platforms\jar\jogl-all.jar;C:\Users\GBarbieri\Downloads\jogamp-all-platforms\jogamp-all-platforms\jar\jogl-test.jar;C:\Users\GBarbieri\Documents\NetBeansProjects\jgli\build\libs\jgli.jar;C:\Users\GBarbieri\Documents\NetBeansProjects\NvGlSamples\build\classes
Launcher Type: SUN_STANDARD

Environment Variables:
PATH=C:\ProgramData\Oracle\Java\javapath;C:\Windows\system32;C:\Windows;C:\Windows\System32\Wbem;C:\Windows\System32\WindowsPowerShell\v1.0\;cygwin-directory\bin;C:\Program Files (x86)\CMake\bin;C:\Program Files (x86)\Windows Kits\8.1\Windows Performance Toolkit\;C:\Program Files\Microsoft\Web Platform Installer\;C:\Program Files (x86)\Skype\Phone\;C:\Program Files\Microsoft SQL Server\110\Tools\Binn\;C:\Users\GBarbieri\Documents\NetBeansProjects\nifty-gui\nifty-examples\target\natives
USERNAME=GBarbieri
OS=Windows_NT
PROCESSOR_IDENTIFIER=Intel64 Family 6 Model 60 Stepping 3, GenuineIntel



---------------  S Y S T E M  ---------------

OS: Windows 7 , 64 bit Build 7601 (6.1.7601.19135)

CPU:total 8 (4 cores per cpu, 2 threads per core) family 6 model 60 stepping 3, cmov, cx8, fxsr, mmx, sse, sse2, sse3, ssse3, sse4.1, sse4.2, popcnt, avx, avx2, aes, clmul, erms, rtm, lzcnt, ht, tsc, tscinvbit, bmi1, bmi2

Memory: 4k page, physical 16694948k(10768476k free), swap 33388060k(25080928k free)

vm_info: Java HotSpot(TM) 64-Bit Server VM (25.60-b23) for windows-amd64 JRE (1.8.0_60-b27), built on Aug  4 2015 11:06:27 by "java_re" with MS VC++ 10.0 (VS2010)

time: Fri Feb 26 13:38:09 2016
elapsed time: 15 seconds (0d 0h 0m 15s)

