#
# A fatal error has been detected by the Java Runtime Environment:
#
#  SIGSEGV (0xb) at pc=0x00007fcc7e5fc610, pid=30840, tid=140514431510272
#
# JRE version: Java(TM) SE Runtime Environment (8.0_72-b15) (build 1.8.0_72-b15)
# Java VM: Java HotSpot(TM) 64-Bit Server VM (25.72-b15 mixed mode linux-amd64 compressed oops)
# Problematic frame:
# C  [libc.so.6+0x160610]
#
# Failed to write core dump. Core dumps have been disabled. To enable core dumping, try "ulimit -c unlimited" before starting Java again
#
# If you would like to submit a bug report, please visit:
#   http://bugreport.java.com/bugreport/crash.jsp
# The crash happened outside the Java Virtual Machine in native code.
# See problematic frame for where to report the bug.
#

---------------  T H R E A D  ---------------

Current thread (0x00007fcc78386000):  JavaThread "main-Display-.x11_:0-1-EDT-1" daemon [_thread_in_native, id=30872, stack(0x00007fcc10b6a000,0x00007fcc10c6b000)]

siginfo: si_signo: 11 (SIGSEGV), si_code: 1 (SEGV_MAPERR), si_addr: 0x0000000000000000

Registers:
RAX=0x00007fcc092df51c, RBX=0x00007fcc092df520, RCX=0x00007fcc092df51c, RDX=0x00007fcc7e5fc610
RSP=0x00007fcc10c68838, RBP=0x0000000000000001, RSI=0x0000000000000000, RDI=0x00007fcc092df51c
R8 =0x0000000000000010, R9 =0x0000000000000001, R10=0x0000000000000001, R11=0x00007fcc7e632fb0
R12=0x0000000000000010, R13=0x0000000000000004, R14=0x0000000000000010, R15=0x00007fcc09640908
RIP=0x00007fcc7e5fc610, EFLAGS=0x0000000000010287, CSGSFS=0x0000000000000033, ERR=0x0000000000000004
  TRAPNO=0x000000000000000e

Top of Stack: (sp=0x00007fcc10c68838)
0x00007fcc10c68838:   00007fcc12dbe279 00007fcc0018fa20
0x00007fcc10c68848:   0000000000000001 00007fcc002ef090
0x00007fcc10c68858:   0000000101c7d767 0000000000000001
0x00007fcc10c68868:   0000000040c6c000 00007fcc092df51c
0x00007fcc10c68878:   00007fcc12d04260 000000013d2f3520
0x00007fcc10c68888:   00007fcbf19fb278 0000000000000000
0x00007fcc10c68898:   00007fcc10c68710 00007fcc10c689b0
0x00007fcc10c688a8:   0000000410c68bcc 0000000000000002
0x00007fcc10c688b8:   00007fcbf19fb5d8 00007fcc0022d388
0x00007fcc10c688c8:   0000000000000002 0000000040c6c000
0x00007fcc10c688d8:   00007fcbf19fb278 00007fcc10c68bcc
0x00007fcc10c688e8:   00007fcc10c689b0 00007fcc00190bd0
0x00007fcc10c688f8:   0000000000000001 00007fcc00148ca0
0x00007fcc10c68908:   00007fcc00148c90 0000000040c6c000
0x00007fcc10c68918:   00007fcbf19fb278 0000000000000004
0x00007fcc10c68928:   00007fcc12dc9e3f 0000000000000001
0x00007fcc10c68938:   2800000000000000 0000000000000000
0x00007fcc10c68948:   00007fcc0023f31c 00007fcbf19fb880
0x00007fcc10c68958:   00007fcc10c689b0 0000000140c6c000
0x00007fcc10c68968:   0000000000000000 0000140300190bd0
0x00007fcc10c68978:   0000000000000006 00007fcc00190bd0
0x00007fcc10c68988:   01c0000000000000 0004000700000000
0x00007fcc10c68998:   0000000000000003 0000000400001801
0x00007fcc10c689a8:   00007fcc10c6a700 00007fcc002d9c00
0x00007fcc10c689b8:   0000000100010005 0000000000100001
0x00007fcc10c689c8:   00007fcc12d9fe8c 0000000040ced1c0
0x00007fcc10c689d8:   0000000040cb0100 0000000040cc0638
0x00007fcc10c689e8:   00007fcc00249238 0000000000000007
0x00007fcc10c689f8:   00007fcc10c68900 00000000395cebe5
0x00007fcc10c68a08:   0000000000000000 0000000000000000
0x00007fcc10c68a18:   00007fcc2145cc6d 00007fcc002ef090
0x00007fcc10c68a28:   00007fcc12b0fa37 0000000040cb0140 

Instructions: (pc=0x00007fcc7e5fc610)
0x00007fcc7e5fc5f0:   14 f3 0f 7f 47 14 f2 0f f0 46 04 f2 0f f0 0e f3
0x00007fcc7e5fc600:   0f 7f 47 04 f3 0f 7f 0f c3 0f 1f 80 00 00 00 00
0x00007fcc7e5fc610:   8b 16 89 17 c3 90 66 2e 0f 1f 84 00 00 00 00 00
0x00007fcc7e5fc620:   f2 0f f0 46 73 f3 0f 7f 47 73 f2 0f f0 46 63 f3 

Register to memory mapping:

RAX=0x00007fcc092df51c is an unknown value
RBX=0x00007fcc092df520 is an unknown value
RCX=0x00007fcc092df51c is an unknown value
RDX=0x00007fcc7e5fc610: <offset 0x160610> in /lib/x86_64-linux-gnu/libc.so.6 at 0x00007fcc7e49c000
RSP=0x00007fcc10c68838 is pointing into the stack for thread: 0x00007fcc78386000
RBP=0x0000000000000001 is an unknown value
RSI=0x0000000000000000 is an unknown value
RDI=0x00007fcc092df51c is an unknown value
R8 =0x0000000000000010 is an unknown value
R9 =0x0000000000000001 is an unknown value
R10=0x0000000000000001 is an unknown value
R11=0x00007fcc7e632fb0: <offset 0x196fb0> in /lib/x86_64-linux-gnu/libc.so.6 at 0x00007fcc7e49c000
R12=0x0000000000000010 is an unknown value
R13=0x0000000000000004 is an unknown value
R14=0x0000000000000010 is an unknown value
R15=0x00007fcc09640908 is an unknown value


Stack: [0x00007fcc10b6a000,0x00007fcc10c6b000],  sp=0x00007fcc10c68838,  free space=1018k
Native frames: (J=compiled Java code, j=interpreted, Vv=VM code, C=native code)
C  [libc.so.6+0x160610]

Java frames: (J=compiled Java code, j=interpreted, Vv=VM code)
j  jogamp.opengl.gl4.GL4bcImpl.dispatch_glDrawElementsInstancedBaseVertexBaseInstance1(IIIJIIIJ)V+0
j  jogamp.opengl.gl4.GL4bcImpl.glDrawElementsInstancedBaseVertexBaseInstance(IIIJIII)V+59
j  gl4_kepler.bindlessApp.v30.Mesh.render(Lcom/jogamp/opengl/GL4;I)V+22
j  gl4_kepler.bindlessApp.v30.BindlessApp.draw(Lcom/jogamp/opengl/GL4;)V+356
j  nvAppBase.NvSampleApp.baseDraw(Lcom/jogamp/opengl/GL4;)V+2
j  nvAppBase.NvSampleApp.display(Lcom/jogamp/opengl/GLAutoDrawable;)V+77
j  jogamp.opengl.GLDrawableHelper.displayImpl(Lcom/jogamp/opengl/GLAutoDrawable;)V+62
j  jogamp.opengl.GLDrawableHelper.display(Lcom/jogamp/opengl/GLAutoDrawable;)V+2
j  jogamp.opengl.GLAutoDrawableBase$2.run()V+59
j  jogamp.opengl.GLDrawableHelper.invokeGLImpl(Lcom/jogamp/opengl/GLDrawable;Lcom/jogamp/opengl/GLContext;Ljava/lang/Runnable;Ljava/lang/Runnable;)V+203
j  jogamp.opengl.GLDrawableHelper.invokeGL(Lcom/jogamp/opengl/GLDrawable;Lcom/jogamp/opengl/GLContext;Ljava/lang/Runnable;Ljava/lang/Runnable;)V+72
j  com.jogamp.newt.opengl.GLWindow.display()V+90
j  jogamp.opengl.GLAutoDrawableBase.defaultWindowResizedOp(II)V+206
j  com.jogamp.newt.opengl.GLWindow.access$200(Lcom/jogamp/newt/opengl/GLWindow;II)V+3
j  com.jogamp.newt.opengl.GLWindow$2.windowResized(Lcom/jogamp/newt/event/WindowEvent;)V+18
j  jogamp.newt.WindowImpl.consumeWindowEvent(Lcom/jogamp/newt/event/WindowEvent;)V+234
j  jogamp.newt.WindowImpl.sendWindowEvent(I)V+14
j  jogamp.newt.WindowImpl.setVisibleActionImpl(Z)V+691
j  jogamp.newt.WindowImpl$VisibleAction.run()V+8
j  com.jogamp.common.util.RunnableTask.run()V+198
j  jogamp.newt.DefaultEDTUtil$NEDT.run()V+221
v  ~StubRoutines::call_stub

---------------  P R O C E S S  ---------------

Java Threads: ( => current thread )
=>0x00007fcc78386000 JavaThread "main-Display-.x11_:0-1-EDT-1" daemon [_thread_in_native, id=30872, stack(0x00007fcc10b6a000,0x00007fcc10c6b000)]
  0x00007fcc78375800 JavaThread "main-SharedResourceRunner" daemon [_thread_blocked, id=30871, stack(0x00007fcc20309000,0x00007fcc2040a000)]
  0x00007fcc78660000 JavaThread "main-SharedResourceRunner" daemon [_thread_blocked, id=30870, stack(0x00007fcc20df7000,0x00007fcc20ef8000)]
  0x00007fcc782b8800 JavaThread "AWT-XAWT" daemon [_thread_in_native, id=30867, stack(0x00007fcc5c036000,0x00007fcc5c137000)]
  0x00007fcc7829b000 JavaThread "Java2D Disposer" daemon [_thread_blocked, id=30866, stack(0x00007fcc5cdd3000,0x00007fcc5ced4000)]
  0x00007fcc7821b800 JavaThread "process reaper" daemon [_thread_blocked, id=30861, stack(0x00007fcc5d5fd000,0x00007fcc5d636000)]
  0x00007fcc780d4000 JavaThread "Service Thread" daemon [_thread_blocked, id=30856, stack(0x00007fcc5d75b000,0x00007fcc5d85c000)]
  0x00007fcc780be800 JavaThread "C1 CompilerThread2" daemon [_thread_blocked, id=30855, stack(0x00007fcc5d85c000,0x00007fcc5d95d000)]
  0x00007fcc780bd000 JavaThread "C2 CompilerThread1" daemon [_thread_blocked, id=30854, stack(0x00007fcc5d95d000,0x00007fcc5da5e000)]
  0x00007fcc780ba000 JavaThread "C2 CompilerThread0" daemon [_thread_blocked, id=30853, stack(0x00007fcc5da5e000,0x00007fcc5db5f000)]
  0x00007fcc780b8800 JavaThread "Signal Dispatcher" daemon [_thread_blocked, id=30852, stack(0x00007fcc5db5f000,0x00007fcc5dc60000)]
  0x00007fcc78084000 JavaThread "Finalizer" daemon [_thread_blocked, id=30851, stack(0x00007fcc5e343000,0x00007fcc5e444000)]
  0x00007fcc7807f800 JavaThread "Reference Handler" daemon [_thread_blocked, id=30850, stack(0x00007fcc5e444000,0x00007fcc5e545000)]
  0x00007fcc78009800 JavaThread "main" [_thread_blocked, id=30843, stack(0x00007fcc7ef97000,0x00007fcc7f098000)]

Other Threads:
  0x00007fcc78077800 VMThread [stack: 0x00007fcc5e545000,0x00007fcc5e646000] [id=30849]
  0x00007fcc780d7000 WatcherThread [stack: 0x00007fcc5d65a000,0x00007fcc5d75b000] [id=30857]

VM state:not at safepoint (normal execution)

VM Mutex/Monitor currently owned by a thread: None

Heap:
 PSYoungGen      total 136192K, used 12376K [0x00000000d6780000, 0x00000000e8980000, 0x0000000100000000)
  eden space 131072K, 5% used [0x00000000d6780000,0x00000000d6e971c8,0x00000000de780000)
  from space 5120K, 99% used [0x00000000de780000,0x00000000dec7f148,0x00000000dec80000)
  to   space 17408K, 0% used [0x00000000e7880000,0x00000000e7880000,0x00000000e8980000)
 ParOldGen       total 86016K, used 32037K [0x0000000083600000, 0x0000000088a00000, 0x00000000d6780000)
  object space 86016K, 37% used [0x0000000083600000,0x0000000085549748,0x0000000088a00000)
 Metaspace       used 14213K, capacity 14398K, committed 14848K, reserved 1062912K
  class space    used 1362K, capacity 1444K, committed 1536K, reserved 1048576K

Card table byte_map: [0x00007fcc6885a000,0x00007fcc68c40000] byte_map_base: 0x00007fcc6843f000

Marking Bits: (ParMarkBitMap*) 0x00007fcc7e471100
 Begin Bits: [0x00007fcc6446e000, 0x00007fcc66396000)
 End Bits:   [0x00007fcc66396000, 0x00007fcc682be000)

Polling page: 0x00007fcc7f0be000

CodeCache: size=245760Kb used=3435Kb max_used=3435Kb free=242324Kb
 bounds [0x00007fcc69000000, 0x00007fcc69370000, 0x00007fcc78000000]
 total_blobs=1744 nmethods=833 adapters=826
 compilation: enabled

Compilation events (10 events):
Event: 1,317 Thread 0x00007fcc780ba000 nmethod 830 0x00007fcc69340910 code [0x00007fcc69340a60, 0x00007fcc69340bf8]
Event: 1,322 Thread 0x00007fcc780ba000  831       4       java.nio.DirectShortBufferU::put (157 bytes)
Event: 1,325 Thread 0x00007fcc780bd000 nmethod 824 0x00007fcc69351fd0 code [0x00007fcc693526c0, 0x00007fcc69356d88]
Event: 1,325 Thread 0x00007fcc780ba000 nmethod 831 0x00007fcc69340250 code [0x00007fcc693403c0, 0x00007fcc69340638]
Event: 1,360 Thread 0x00007fcc780bd000  832       4       glm.vec._2.Vec2::<init> (15 bytes)
Event: 1,360 Thread 0x00007fcc780bd000 nmethod 832 0x00007fcc69324f90 code [0x00007fcc693250e0, 0x00007fcc69325158]
Event: 1,878 Thread 0x00007fcc780be800  833 %     3       gl4_kepler.bindlessApp.v30.BindlessApp::initRendering @ 145 (358 bytes)
Event: 1,881 Thread 0x00007fcc780be800 nmethod 833% 0x00007fcc6934d650 code [0x00007fcc6934db00, 0x00007fcc69350218]
Event: 1,916 Thread 0x00007fcc780be800  834       3       gl4_kepler.bindlessApp.v30.BindlessApp::initRendering (358 bytes)
Event: 1,918 Thread 0x00007fcc780be800 nmethod 834 0x00007fcc6935bc90 code [0x00007fcc6935c140, 0x00007fcc6935e758]

GC Heap History (10 events):
Event: 1,016 GC heap before
{Heap before GC invocations=1 (full 0):
 PSYoungGen      total 37888K, used 32768K [0x00000000d6780000, 0x00000000d9180000, 0x0000000100000000)
  eden space 32768K, 100% used [0x00000000d6780000,0x00000000d8780000,0x00000000d8780000)
  from space 5120K, 0% used [0x00000000d8c80000,0x00000000d8c80000,0x00000000d9180000)
  to   space 5120K, 0% used [0x00000000d8780000,0x00000000d8780000,0x00000000d8c80000)
 ParOldGen       total 86016K, used 0K [0x0000000083600000, 0x0000000088a00000, 0x00000000d6780000)
  object space 86016K, 0% used [0x0000000083600000,0x0000000083600000,0x0000000088a00000)
 Metaspace       used 14140K, capacity 14302K, committed 14592K, reserved 1062912K
  class space    used 1356K, capacity 1412K, committed 1536K, reserved 1048576K
Event: 1,030 GC heap after
Heap after GC invocations=1 (full 0):
 PSYoungGen      total 37888K, used 5112K [0x00000000d6780000, 0x00000000db180000, 0x0000000100000000)
  eden space 32768K, 0% used [0x00000000d6780000,0x00000000d6780000,0x00000000d8780000)
  from space 5120K, 99% used [0x00000000d8780000,0x00000000d8c7e250,0x00000000d8c80000)
  to   space 5120K, 0% used [0x00000000dac80000,0x00000000dac80000,0x00000000db180000)
 ParOldGen       total 86016K, used 5132K [0x0000000083600000, 0x0000000088a00000, 0x00000000d6780000)
  object space 86016K, 5% used [0x0000000083600000,0x0000000083b03210,0x0000000088a00000)
 Metaspace       used 14140K, capacity 14302K, committed 14592K, reserved 1062912K
  class space    used 1356K, capacity 1412K, committed 1536K, reserved 1048576K
}
Event: 1,258 GC heap before
{Heap before GC invocations=2 (full 0):
 PSYoungGen      total 37888K, used 37880K [0x00000000d6780000, 0x00000000db180000, 0x0000000100000000)
  eden space 32768K, 100% used [0x00000000d6780000,0x00000000d8780000,0x00000000d8780000)
  from space 5120K, 99% used [0x00000000d8780000,0x00000000d8c7e250,0x00000000d8c80000)
  to   space 5120K, 0% used [0x00000000dac80000,0x00000000dac80000,0x00000000db180000)
 ParOldGen       total 86016K, used 5132K [0x0000000083600000, 0x0000000088a00000, 0x00000000d6780000)
  object space 86016K, 5% used [0x0000000083600000,0x0000000083b03210,0x0000000088a00000)
 Metaspace       used 14158K, capacity 14302K, committed 14592K, reserved 1062912K
  class space    used 1356K, capacity 1412K, committed 1536K, reserved 1048576K
Event: 1,275 GC heap after
Heap after GC invocations=2 (full 0):
 PSYoungGen      total 70656K, used 5099K [0x00000000d6780000, 0x00000000db180000, 0x0000000100000000)
  eden space 65536K, 0% used [0x00000000d6780000,0x00000000d6780000,0x00000000da780000)
  from space 5120K, 99% used [0x00000000dac80000,0x00000000db17af88,0x00000000db180000)
  to   space 5120K, 0% used [0x00000000da780000,0x00000000da780000,0x00000000dac80000)
 ParOldGen       total 86016K, used 7852K [0x0000000083600000, 0x0000000088a00000, 0x00000000d6780000)
  object space 86016K, 9% used [0x0000000083600000,0x0000000083dab210,0x0000000088a00000)
 Metaspace       used 14158K, capacity 14302K, committed 14592K, reserved 1062912K
  class space    used 1356K, capacity 1412K, committed 1536K, reserved 1048576K
}
Event: 1,593 GC heap before
{Heap before GC invocations=3 (full 0):
 PSYoungGen      total 70656K, used 70635K [0x00000000d6780000, 0x00000000db180000, 0x0000000100000000)
  eden space 65536K, 100% used [0x00000000d6780000,0x00000000da780000,0x00000000da780000)
  from space 5120K, 99% used [0x00000000dac80000,0x00000000db17af88,0x00000000db180000)
  to   space 5120K, 0% used [0x00000000da780000,0x00000000da780000,0x00000000dac80000)
 ParOldGen       total 86016K, used 7852K [0x0000000083600000, 0x0000000088a00000, 0x00000000d6780000)
  object space 86016K, 9% used [0x0000000083600000,0x0000000083dab210,0x0000000088a00000)
 Metaspace       used 14161K, capacity 14302K, committed 14592K, reserved 1062912K
  class space    used 1357K, capacity 1412K, committed 1536K, reserved 1048576K
Event: 1,612 GC heap after
Heap after GC invocations=3 (full 0):
 PSYoungGen      total 70656K, used 5116K [0x00000000d6780000, 0x00000000df180000, 0x0000000100000000)
  eden space 65536K, 0% used [0x00000000d6780000,0x00000000d6780000,0x00000000da780000)
  from space 5120K, 99% used [0x00000000da780000,0x00000000dac7f148,0x00000000dac80000)
  to   space 5120K, 0% used [0x00000000dec80000,0x00000000dec80000,0x00000000df180000)
 ParOldGen       total 86016K, used 13848K [0x0000000083600000, 0x0000000088a00000, 0x00000000d6780000)
  object space 86016K, 16% used [0x0000000083600000,0x0000000084386328,0x0000000088a00000)
 Metaspace       used 14161K, capacity 14302K, committed 14592K, reserved 1062912K
  class space    used 1357K, capacity 1412K, committed 1536K, reserved 1048576K
}
Event: 1,926 GC heap before
{Heap before GC invocations=4 (full 0):
 PSYoungGen      total 70656K, used 70652K [0x00000000d6780000, 0x00000000df180000, 0x0000000100000000)
  eden space 65536K, 100% used [0x00000000d6780000,0x00000000da780000,0x00000000da780000)
  from space 5120K, 99% used [0x00000000da780000,0x00000000dac7f148,0x00000000dac80000)
  to   space 5120K, 0% used [0x00000000dec80000,0x00000000dec80000,0x00000000df180000)
 ParOldGen       total 86016K, used 13848K [0x0000000083600000, 0x0000000088a00000, 0x00000000d6780000)
  object space 86016K, 16% used [0x0000000083600000,0x0000000084386328,0x0000000088a00000)
 Metaspace       used 14169K, capacity 14366K, committed 14848K, reserved 1062912K
  class space    used 1357K, capacity 1412K, committed 1536K, reserved 1048576K
Event: 1,946 GC heap after
Heap after GC invocations=4 (full 0):
 PSYoungGen      total 136192K, used 5116K [0x00000000d6780000, 0x00000000df180000, 0x0000000100000000)
  eden space 131072K, 0% used [0x00000000d6780000,0x00000000d6780000,0x00000000de780000)
  from space 5120K, 99% used [0x00000000dec80000,0x00000000df17f148,0x00000000df180000)
  to   space 5120K, 0% used [0x00000000de780000,0x00000000de780000,0x00000000dec80000)
 ParOldGen       total 86016K, used 19221K [0x0000000083600000, 0x0000000088a00000, 0x00000000d6780000)
  object space 86016K, 22% used [0x0000000083600000,0x00000000848c5748,0x0000000088a00000)
 Metaspace       used 14169K, capacity 14366K, committed 14848K, reserved 1062912K
  class space    used 1357K, capacity 1412K, committed 1536K, reserved 1048576K
}
Event: 2,573 GC heap before
{Heap before GC invocations=5 (full 0):
 PSYoungGen      total 136192K, used 136188K [0x00000000d6780000, 0x00000000df180000, 0x0000000100000000)
  eden space 131072K, 100% used [0x00000000d6780000,0x00000000de780000,0x00000000de780000)
  from space 5120K, 99% used [0x00000000dec80000,0x00000000df17f148,0x00000000df180000)
  to   space 5120K, 0% used [0x00000000de780000,0x00000000de780000,0x00000000dec80000)
 ParOldGen       total 86016K, used 19221K [0x0000000083600000, 0x0000000088a00000, 0x00000000d6780000)
  object space 86016K, 22% used [0x0000000083600000,0x00000000848c5748,0x0000000088a00000)
 Metaspace       used 14169K, capacity 14366K, committed 14848K, reserved 1062912K
  class space    used 1357K, capacity 1412K, committed 1536K, reserved 1048576K
Event: 2,604 GC heap after
Heap after GC invocations=5 (full 0):
 PSYoungGen      total 136192K, used 5116K [0x00000000d6780000, 0x00000000e8980000, 0x0000000100000000)
  eden space 131072K, 0% used [0x00000000d6780000,0x00000000d6780000,0x00000000de780000)
  from space 5120K, 99% used [0x00000000de780000,0x00000000dec7f148,0x00000000dec80000)
  to   space 17408K, 0% used [0x00000000e7880000,0x00000000e7880000,0x00000000e8980000)
 ParOldGen       total 86016K, used 32037K [0x0000000083600000, 0x0000000088a00000, 0x00000000d6780000)
  object space 86016K, 37% used [0x0000000083600000,0x0000000085549748,0x0000000088a00000)
 Metaspace       used 14169K, capacity 14366K, committed 14848K, reserved 1062912K
  class space    used 1357K, capacity 1412K, committed 1536K, reserved 1048576K
}

Deoptimization events (2 events):
Event: 0,673 Thread 0x00007fcc78375800 Uncommon trap: reason=unstable_if action=reinterpret pc=0x00007fcc69192868 method=java.lang.String.startsWith(Ljava/lang/String;I)Z @ 25
Event: 2,656 Thread 0x00007fcc78386000 Uncommon trap: reason=unstable_if action=reinterpret pc=0x00007fcc6933a47c method=com.jogamp.common.nio.Buffers.getDirectBufferByteOffset(Ljava/lang/Object;)I @ 34

Internal exceptions (10 events):
Event: 0,040 Thread 0x00007fcc78009800 Exception <a 'java/lang/NoSuchMethodError': Method sun.misc.Unsafe.defineClass(Ljava/lang/String;[BII)Ljava/lang/Class; name or signature does not match> (0x00000000d6787cc0) thrown at [/HUDSON/workspace/8-2-build-linux-amd64/jdk8u72/5732/hotspot/src/shar
Event: 0,040 Thread 0x00007fcc78009800 Exception <a 'java/lang/NoSuchMethodError': Method sun.misc.Unsafe.prefetchRead(Ljava/lang/Object;J)V name or signature does not match> (0x00000000d6787fa8) thrown at [/HUDSON/workspace/8-2-build-linux-amd64/jdk8u72/5732/hotspot/src/share/vm/prims/jni.cpp
Event: 0,143 Thread 0x00007fcc78009800 Exception <a 'java/security/PrivilegedActionException'> (0x00000000d69ffc48) thrown at [/HUDSON/workspace/8-2-build-linux-amd64/jdk8u72/5732/hotspot/src/share/vm/prims/jvm.cpp, line 1386]
Event: 0,144 Thread 0x00007fcc78009800 Exception <a 'java/security/PrivilegedActionException'> (0x00000000d69ffe58) thrown at [/HUDSON/workspace/8-2-build-linux-amd64/jdk8u72/5732/hotspot/src/share/vm/prims/jvm.cpp, line 1386]
Event: 0,144 Thread 0x00007fcc78009800 Exception <a 'java/security/PrivilegedActionException'> (0x00000000d6a02298) thrown at [/HUDSON/workspace/8-2-build-linux-amd64/jdk8u72/5732/hotspot/src/share/vm/prims/jvm.cpp, line 1386]
Event: 0,144 Thread 0x00007fcc78009800 Exception <a 'java/security/PrivilegedActionException'> (0x00000000d6a024a8) thrown at [/HUDSON/workspace/8-2-build-linux-amd64/jdk8u72/5732/hotspot/src/share/vm/prims/jvm.cpp, line 1386]
Event: 0,204 Thread 0x00007fcc78009800 Exception <a 'java/lang/NoSuchFieldError': method resolution failed> (0x00000000d6b45ae0) thrown at [/HUDSON/workspace/8-2-build-linux-amd64/jdk8u72/5732/hotspot/src/share/vm/prims/methodHandles.cpp, line 1146]
Event: 0,206 Thread 0x00007fcc78009800 Exception <a 'java/lang/NoSuchFieldError': method resolution failed> (0x00000000d6b532b0) thrown at [/HUDSON/workspace/8-2-build-linux-amd64/jdk8u72/5732/hotspot/src/share/vm/prims/methodHandles.cpp, line 1146]
Event: 0,258 Thread 0x00007fcc78009800 Exception <a 'java/io/FileNotFoundException'> (0x00000000d6dbdb80) thrown at [/HUDSON/workspace/8-2-build-linux-amd64/jdk8u72/5732/hotspot/src/share/vm/prims/jni.cpp, line 709]
Event: 0,258 Thread 0x00007fcc78009800 Exception <a 'java/io/FileNotFoundException'> (0x00000000d6dbe530) thrown at [/HUDSON/workspace/8-2-build-linux-amd64/jdk8u72/5732/hotspot/src/share/vm/prims/jni.cpp, line 709]

Events (10 events):
Event: 2,654 loading class glm/funcGeometric done
Event: 2,654 loading class glm/funcExponential
Event: 2,654 loading class glm/funcExponential done
Event: 2,654 loading class glm/funcCommon
Event: 2,654 loading class glm/funcCommon done
Event: 2,655 loading class nvAppBase/NvMatrix
Event: 2,655 loading class nvAppBase/NvMatrix done
Event: 2,656 Thread 0x00007fcc78386000 Uncommon trap: trap_request=0xffffff65 fr.pc=0x00007fcc6933a47c
Event: 2,656 Thread 0x00007fcc78386000 DEOPT PACKING pc=0x00007fcc6933a47c sp=0x00007fcc10c68e00
Event: 2,656 Thread 0x00007fcc78386000 DEOPT UNPACKING pc=0x00007fcc69005229 sp=0x00007fcc10c68dc0 mode 2


Dynamic libraries:
00400000-00401000 r-xp 00000000 08:04 7743760                            /usr/lib/jvm/java-8-oracle/jre/bin/java
00600000-00601000 rw-p 00000000 08:04 7743760                            /usr/lib/jvm/java-8-oracle/jre/bin/java
006e5000-00706000 rw-p 00000000 00:00 0                                  [heap]
402ee000-402f0000 r-xs 00000000 08:04 922987                             /tmp/.glUBFGcR (deleted)
40c6c000-40d0b000 rw-p 00000000 00:00 0 
41b11000-41bb0000 rw-p 00000000 00:00 0 
83600000-88a00000 rw-p 00000000 00:00 0 
88a00000-d6780000 ---p 00000000 00:00 0 
d6780000-e8980000 rw-p 00000000 00:00 0 
e8980000-100000000 ---p 00000000 00:00 0 
100000000-100180000 rw-p 00000000 00:00 0 
100180000-140000000 ---p 00000000 00:00 0 
7fcbf0000000-7fcbf1a0f000 rw-p 00000000 00:00 0 
7fcbf1a0f000-7fcbf4000000 ---p 00000000 00:00 0 
7fcbf8000000-7fcc00000000 rw-p 00000000 00:00 0 
7fcc00000000-7fcc03fff000 rw-p 00000000 00:00 0 
7fcc03fff000-7fcc04000000 ---p 00000000 00:00 0 
7fcc04000000-7fcc044b7000 rw-p 00000000 00:00 0 
7fcc044b7000-7fcc08000000 ---p 00000000 00:00 0 
7fcc08a6a000-7fcc0912c000 rw-p 00000000 00:00 0 
7fcc0912c000-7fcc0952c000 rw-s 11f7e0000 00:06 512                       /dev/nvidiactl
7fcc0952c000-7fcc0972c000 rw-s 0a3b9000 00:06 512                        /dev/nvidiactl
7fcc0972c000-7fcc0b285000 r-xp 00000000 08:04 7471950                    /usr/lib/x86_64-linux-gnu/libnvidia-eglcore.so.352.79
7fcc0b285000-7fcc0b484000 ---p 01b59000 08:04 7471950                    /usr/lib/x86_64-linux-gnu/libnvidia-eglcore.so.352.79
7fcc0b484000-7fcc0bff0000 rw-p 01b58000 08:04 7471950                    /usr/lib/x86_64-linux-gnu/libnvidia-eglcore.so.352.79
7fcc0bff0000-7fcc0c000000 rw-p 00000000 00:00 0 
7fcc0c000000-7fcc0c505000 rw-p 00000000 00:00 0 
7fcc0c505000-7fcc10000000 ---p 00000000 00:00 0 
7fcc1018a000-7fcc1058a000 rw-s 16a020000 00:06 512                       /dev/nvidiactl
7fcc1058a000-7fcc1078a000 rw-s 0a31e000 00:06 512                        /dev/nvidiactl
7fcc1078a000-7fcc1098a000 rw-s 23e8e000 00:06 512                        /dev/nvidiactl
7fcc1098a000-7fcc10a8a000 rw-s 11a142000 00:06 512                       /dev/nvidiactl
7fcc10a8a000-7fcc10aaa000 rw-s d83a0000 00:06 513                        /dev/nvidia0
7fcc10aaa000-7fcc10aea000 rw-s 0a03b000 00:06 512                        /dev/nvidiactl
7fcc10aea000-7fcc10b0a000 rw-s 23e88000 00:06 512                        /dev/nvidiactl
7fcc10b0a000-7fcc10b4a000 rw-s 13b1ac000 00:06 512                       /dev/nvidiactl
7fcc10b6a000-7fcc10b6d000 ---p 00000000 00:00 0 
7fcc10b6d000-7fcc10d6b000 rw-p 00000000 00:00 0                          [stack:30872]
7fcc10d6b000-7fcc10e6b000 ---p 00000000 00:00 0 
7fcc10e6b000-7fcc10eeb000 rw-s 23d50000 00:06 512                        /dev/nvidiactl
7fcc10eeb000-7fcc10f6b000 rw-s 1680d7000 00:06 512                       /dev/nvidiactl
7fcc10f6b000-7fcc10feb000 rw-s 11f5d6000 00:06 512                       /dev/nvidiactl
7fcc10feb000-7fcc110eb000 rw-s 45665000 00:06 512                        /dev/nvidiactl
7fcc110eb000-7fcc1110b000 rw-s d8360000 00:06 513                        /dev/nvidia0
7fcc1110b000-7fcc1114b000 rw-s 11f139000 00:06 512                       /dev/nvidiactl
7fcc1114b000-7fcc1116b000 rw-s 11f70d000 00:06 512                       /dev/nvidiactl
7fcc1116b000-7fcc111ab000 rw-s 150a0a000 00:06 512                       /dev/nvidiactl
7fcc111ab000-7fcc1125f000 rw-s 21fdf6000 00:06 512                       /dev/nvidiactl
7fcc1125f000-7fcc11269000 r-xp 00000000 08:04 7472640                    /usr/lib/x86_64-linux-gnu/libGLESv1_CM.so.352.79
7fcc11269000-7fcc11469000 ---p 0000a000 08:04 7472640                    /usr/lib/x86_64-linux-gnu/libGLESv1_CM.so.352.79
7fcc11469000-7fcc1146c000 rw-p 0000a000 08:04 7472640                    /usr/lib/x86_64-linux-gnu/libGLESv1_CM.so.352.79
7fcc1146c000-7fcc114ec000 rw-s 11f29c000 00:06 512                       /dev/nvidiactl
7fcc114ec000-7fcc1156c000 rw-s 405d9000 00:06 512                        /dev/nvidiactl
7fcc1156c000-7fcc12f6a000 r-xp 00000000 08:04 7472930                    /usr/lib/x86_64-linux-gnu/libnvidia-glcore.so.352.79
7fcc12f6a000-7fcc12f8a000 rwxp 019fe000 08:04 7472930                    /usr/lib/x86_64-linux-gnu/libnvidia-glcore.so.352.79
7fcc12f8a000-7fcc13251000 r-xp 01a1e000 08:04 7472930                    /usr/lib/x86_64-linux-gnu/libnvidia-glcore.so.352.79
7fcc13251000-7fcc13450000 ---p 01ce5000 08:04 7472930                    /usr/lib/x86_64-linux-gnu/libnvidia-glcore.so.352.79
7fcc13450000-7fcc13fed000 rw-p 01ce4000 08:04 7472930                    /usr/lib/x86_64-linux-gnu/libnvidia-glcore.so.352.79
7fcc13fed000-7fcc14000000 rw-p 00000000 00:00 0 
7fcc14000000-7fcc14021000 rw-p 00000000 00:00 0 
7fcc14021000-7fcc18000000 ---p 00000000 00:00 0 
7fcc18000000-7fcc18021000 rw-p 00000000 00:00 0 
7fcc18021000-7fcc1c000000 ---p 00000000 00:00 0 
7fcc1c000000-7fcc1c021000 rw-p 00000000 00:00 0 
7fcc1c021000-7fcc20000000 ---p 00000000 00:00 0 
7fcc20002000-7fcc20015000 rw-s 12222e000 00:06 512                       /dev/nvidiactl
7fcc20035000-7fcc200b5000 rw-s 46c99000 00:06 512                        /dev/nvidiactl
7fcc200b5000-7fcc201b5000 rw-s 168d27000 00:06 512                       /dev/nvidiactl
7fcc201b5000-7fcc201d5000 rw-s d8320000 00:06 513                        /dev/nvidia0
7fcc201d5000-7fcc20215000 rw-s 46c36000 00:06 512                        /dev/nvidiactl
7fcc20215000-7fcc20255000 rw-s 168147000 00:06 512                       /dev/nvidiactl
7fcc20255000-7fcc20309000 rw-s 21fdf6000 00:06 512                       /dev/nvidiactl
7fcc20309000-7fcc2030c000 ---p 00000000 00:00 0 
7fcc2030c000-7fcc2040a000 rw-p 00000000 00:00 0                          [stack:30871]
7fcc2040a000-7fcc20466000 r-xp 00000000 08:04 922640                     /tmp/jogamp_0000/file_cache/jln4161120264425513759/jln4092001681640824421/natives/linux-amd64/libjogl_mobile.so
7fcc20466000-7fcc20666000 ---p 0005c000 08:04 922640                     /tmp/jogamp_0000/file_cache/jln4161120264425513759/jln4092001681640824421/natives/linux-amd64/libjogl_mobile.so
7fcc20666000-7fcc20667000 rw-p 0005c000 08:04 922640                     /tmp/jogamp_0000/file_cache/jln4161120264425513759/jln4092001681640824421/natives/linux-amd64/libjogl_mobile.so
7fcc20667000-7fcc206d5000 r-xp 00000000 08:04 7472128                    /usr/lib/x86_64-linux-gnu/libnvidia-glsi.so.352.79
7fcc206d5000-7fcc208d5000 ---p 0006e000 08:04 7472128                    /usr/lib/x86_64-linux-gnu/libnvidia-glsi.so.352.79
7fcc208d5000-7fcc208de000 rw-p 0006e000 08:04 7472128                    /usr/lib/x86_64-linux-gnu/libnvidia-glsi.so.352.79
7fcc208de000-7fcc208ec000 rw-p 00000000 00:00 0 
7fcc208ec000-7fcc209a9000 r-xp 00000000 08:04 7472641                    /usr/lib/x86_64-linux-gnu/libEGL.so.352.79
7fcc209a9000-7fcc20ba9000 ---p 000bd000 08:04 7472641                    /usr/lib/x86_64-linux-gnu/libEGL.so.352.79
7fcc20ba9000-7fcc20bd0000 rw-p 000bd000 08:04 7472641                    /usr/lib/x86_64-linux-gnu/libEGL.so.352.79
7fcc20bd0000-7fcc20be4000 rw-p 00000000 00:00 0 
7fcc20be4000-7fcc20bf3000 r-xp 00000000 08:04 7472237                    /usr/lib/x86_64-linux-gnu/libGLESv2.so.352.79
7fcc20bf3000-7fcc20df3000 ---p 0000f000 08:04 7472237                    /usr/lib/x86_64-linux-gnu/libGLESv2.so.352.79
7fcc20df3000-7fcc20df6000 rw-p 0000f000 08:04 7472237                    /usr/lib/x86_64-linux-gnu/libGLESv2.so.352.79
7fcc20df6000-7fcc20df7000 rw-p 00000000 00:00 0 
7fcc20df7000-7fcc20dfa000 ---p 00000000 00:00 0 
7fcc20dfa000-7fcc20ef8000 rw-p 00000000 00:00 0                          [stack:30870]
7fcc20ef8000-7fcc20fb0000 r-xp 00000000 08:04 922639                     /tmp/jogamp_0000/file_cache/jln4161120264425513759/jln4092001681640824421/natives/linux-amd64/libjogl_desktop.so
7fcc20fb0000-7fcc211b0000 ---p 000b8000 08:04 922639                     /tmp/jogamp_0000/file_cache/jln4161120264425513759/jln4092001681640824421/natives/linux-amd64/libjogl_desktop.so
7fcc211b0000-7fcc211b1000 rw-p 000b8000 08:04 922639                     /tmp/jogamp_0000/file_cache/jln4161120264425513759/jln4092001681640824421/natives/linux-amd64/libjogl_desktop.so
7fcc211b1000-7fcc211b4000 r-xp 00000000 08:04 7473672                    /usr/lib/x86_64-linux-gnu/tls/libnvidia-tls.so.352.79
7fcc211b4000-7fcc213b3000 ---p 00003000 08:04 7473672                    /usr/lib/x86_64-linux-gnu/tls/libnvidia-tls.so.352.79
7fcc213b3000-7fcc213b4000 rw-p 00002000 08:04 7473672                    /usr/lib/x86_64-linux-gnu/tls/libnvidia-tls.so.352.79
7fcc213b4000-7fcc21472000 r-xp 00000000 08:04 7472931                    /usr/lib/x86_64-linux-gnu/libGL.so.352.79
7fcc21472000-7fcc214a5000 rwxp 000be000 08:04 7472931                    /usr/lib/x86_64-linux-gnu/libGL.so.352.79
7fcc214a5000-7fcc214b7000 r-xp 000f1000 08:04 7472931                    /usr/lib/x86_64-linux-gnu/libGL.so.352.79
7fcc214b7000-7fcc216b6000 ---p 00103000 08:04 7472931                    /usr/lib/x86_64-linux-gnu/libGL.so.352.79
7fcc216b6000-7fcc216de000 rw-p 00102000 08:04 7472931                    /usr/lib/x86_64-linux-gnu/libGL.so.352.79
7fcc216de000-7fcc218e4000 rw-p 00000000 00:00 0 
7fcc218e4000-7fcc218e6000 r-xp 00000000 08:04 7479857                    /usr/lib/x86_64-linux-gnu/libXinerama.so.1.0.0
7fcc218e6000-7fcc21ae5000 ---p 00002000 08:04 7479857                    /usr/lib/x86_64-linux-gnu/libXinerama.so.1.0.0
7fcc21ae5000-7fcc21ae6000 r--p 00001000 08:04 7479857                    /usr/lib/x86_64-linux-gnu/libXinerama.so.1.0.0
7fcc21ae6000-7fcc21ae7000 rw-p 00002000 08:04 7479857                    /usr/lib/x86_64-linux-gnu/libXinerama.so.1.0.0
7fcc21ae7000-7fcc21ce7000 rw-p 00000000 00:00 0 
7fcc21ce7000-7fcc21cf1000 r-xp 00000000 08:04 7479865                    /usr/lib/x86_64-linux-gnu/libXrandr.so.2.2.0
7fcc21cf1000-7fcc21ef0000 ---p 0000a000 08:04 7479865                    /usr/lib/x86_64-linux-gnu/libXrandr.so.2.2.0
7fcc21ef0000-7fcc21ef1000 r--p 00009000 08:04 7479865                    /usr/lib/x86_64-linux-gnu/libXrandr.so.2.2.0
7fcc21ef1000-7fcc21ef2000 rw-p 0000a000 08:04 7479865                    /usr/lib/x86_64-linux-gnu/libXrandr.so.2.2.0
7fcc21ef2000-7fcc21f03000 r-xp 00000000 08:04 922644                     /tmp/jogamp_0000/file_cache/jln4161120264425513759/jln4092001681640824421/natives/linux-amd64/libnewt.so
7fcc21f03000-7fcc22102000 ---p 00011000 08:04 922644                     /tmp/jogamp_0000/file_cache/jln4161120264425513759/jln4092001681640824421/natives/linux-amd64/libnewt.so
7fcc22102000-7fcc22103000 rw-p 00010000 08:04 922644                     /tmp/jogamp_0000/file_cache/jln4161120264425513759/jln4092001681640824421/natives/linux-amd64/libnewt.so
7fcc22103000-7fcc2210a000 r-xp 00000000 08:04 922643                     /tmp/jogamp_0000/file_cache/jln4161120264425513759/jln4092001681640824421/natives/linux-amd64/libnativewindow_x11.so
7fcc2210a000-7fcc22309000 ---p 00007000 08:04 922643                     /tmp/jogamp_0000/file_cache/jln4161120264425513759/jln4092001681640824421/natives/linux-amd64/libnativewindow_x11.so
7fcc22309000-7fcc2230a000 rw-p 00006000 08:04 922643                     /tmp/jogamp_0000/file_cache/jln4161120264425513759/jln4092001681640824421/natives/linux-amd64/libnativewindow_x11.so
7fcc2230a000-7fcc2230d000 ---p 00000000 00:00 0 
7fcc2230d000-7fcc2240b000 rw-p 00000000 00:00 0 
7fcc2240b000-7fcc2240e000 ---p 00000000 00:00 0 
7fcc2240e000-7fcc2250c000 rw-p 00000000 00:00 0 
7fcc2250c000-7fcc22511000 r-xp 00000000 08:04 7479883                    /usr/lib/x86_64-linux-gnu/libXxf86vm.so.1.0.0
7fcc22511000-7fcc22710000 ---p 00005000 08:04 7479883                    /usr/lib/x86_64-linux-gnu/libXxf86vm.so.1.0.0
7fcc22710000-7fcc22711000 r--p 00004000 08:04 7479883                    /usr/lib/x86_64-linux-gnu/libXxf86vm.so.1.0.0
7fcc22711000-7fcc22712000 rw-p 00005000 08:04 7479883                    /usr/lib/x86_64-linux-gnu/libXxf86vm.so.1.0.0
7fcc22712000-7fcc22714000 r-xp 00000000 08:04 922641                     /tmp/jogamp_0000/file_cache/jln4161120264425513759/jln4092001681640824421/natives/linux-amd64/libnativewindow_awt.so
7fcc22714000-7fcc22913000 ---p 00002000 08:04 922641                     /tmp/jogamp_0000/file_cache/jln4161120264425513759/jln4092001681640824421/natives/linux-amd64/libnativewindow_awt.so
7fcc22913000-7fcc22914000 rw-p 00001000 08:04 922641                     /tmp/jogamp_0000/file_cache/jln4161120264425513759/jln4092001681640824421/natives/linux-amd64/libnativewindow_awt.so
7fcc22914000-7fcc22915000 r-xp 00000000 08:04 7615190                    /usr/lib/jvm/java-8-oracle/jre/lib/amd64/libjawt.so
7fcc22915000-7fcc22b14000 ---p 00001000 08:04 7615190                    /usr/lib/jvm/java-8-oracle/jre/lib/amd64/libjawt.so
7fcc22b14000-7fcc22b15000 rw-p 00000000 08:04 7615190                    /usr/lib/jvm/java-8-oracle/jre/lib/amd64/libjawt.so
7fcc22b15000-7fcc22b1a000 r-xp 00000000 08:04 7479849                    /usr/lib/x86_64-linux-gnu/libXfixes.so.3.1.0
7fcc22b1a000-7fcc22d19000 ---p 00005000 08:04 7479849                    /usr/lib/x86_64-linux-gnu/libXfixes.so.3.1.0
7fcc22d19000-7fcc22d1a000 r--p 00004000 08:04 7479849                    /usr/lib/x86_64-linux-gnu/libXfixes.so.3.1.0
7fcc22d1a000-7fcc22d1b000 rw-p 00005000 08:04 7479849                    /usr/lib/x86_64-linux-gnu/libXfixes.so.3.1.0
7fcc22d1b000-7fcc22d24000 r-xp 00000000 08:04 7479841                    /usr/lib/x86_64-linux-gnu/libXcursor.so.1.0.2
7fcc22d24000-7fcc22f23000 ---p 00009000 08:04 7479841                    /usr/lib/x86_64-linux-gnu/libXcursor.so.1.0.2
7fcc22f23000-7fcc22f24000 r--p 00008000 08:04 7479841                    /usr/lib/x86_64-linux-gnu/libXcursor.so.1.0.2
7fcc22f24000-7fcc22f25000 rw-p 00009000 08:04 7479841                    /usr/lib/x86_64-linux-gnu/libXcursor.so.1.0.2
7fcc22f25000-7fcc22f3b000 r-xp 00000000 08:04 7606677                    /lib/x86_64-linux-gnu/libgcc_s.so.1
7fcc22f3b000-7fcc2313a000 ---p 00016000 08:04 7606677                    /lib/x86_64-linux-gnu/libgcc_s.so.1
7fcc2313a000-7fcc2313b000 r--p 00015000 08:04 7606677                    /lib/x86_64-linux-gnu/libgcc_s.so.1
7fcc2313b000-7fcc2313c000 rw-p 00016000 08:04 7606677                    /lib/x86_64-linux-gnu/libgcc_s.so.1
7fcc2313c000-7fcc231a1000 r-xp 00000000 08:04 7615209                    /usr/lib/jvm/java-8-oracle/jre/lib/amd64/libfontmanager.so
7fcc231a1000-7fcc233a0000 ---p 00065000 08:04 7615209                    /usr/lib/jvm/java-8-oracle/jre/lib/amd64/libfontmanager.so
7fcc233a0000-7fcc233a5000 rw-p 00064000 08:04 7615209                    /usr/lib/jvm/java-8-oracle/jre/lib/amd64/libfontmanager.so
7fcc233a5000-7fcc233b5000 rw-p 00000000 00:00 0 
7fcc233b5000-7fcc233ba000 r-xp 00000000 08:04 7479845                    /usr/lib/x86_64-linux-gnu/libXdmcp.so.6.0.0
7fcc233ba000-7fcc235b9000 ---p 00005000 08:04 7479845                    /usr/lib/x86_64-linux-gnu/libXdmcp.so.6.0.0
7fcc235b9000-7fcc235ba000 r--p 00004000 08:04 7479845                    /usr/lib/x86_64-linux-gnu/libXdmcp.so.6.0.0
7fcc235ba000-7fcc235bb000 rw-p 00005000 08:04 7479845                    /usr/lib/x86_64-linux-gnu/libXdmcp.so.6.0.0
7fcc235bb000-7fcc235bd000 r-xp 00000000 08:04 7479834                    /usr/lib/x86_64-linux-gnu/libXau.so.6.0.0
7fcc235bd000-7fcc237bd000 ---p 00002000 08:04 7479834                    /usr/lib/x86_64-linux-gnu/libXau.so.6.0.0
7fcc237bd000-7fcc237be000 r--p 00002000 08:04 7479834                    /usr/lib/x86_64-linux-gnu/libXau.so.6.0.0
7fcc237be000-7fcc237bf000 rw-p 00003000 08:04 7479834                    /usr/lib/x86_64-linux-gnu/libXau.so.6.0.0
7fcc237bf000-7fcc237df000 r-xp 00000000 08:04 7481028                    /usr/lib/x86_64-linux-gnu/libxcb.so.1.1.0
7fcc237df000-7fcc239de000 ---p 00020000 08:04 7481028                    /usr/lib/x86_64-linux-gnu/libxcb.so.1.1.0
7fcc239de000-7fcc239df000 r--p 0001f000 08:04 7481028                    /usr/lib/x86_64-linux-gnu/libxcb.so.1.1.0
7fcc239df000-7fcc239e0000 rw-p 00020000 08:04 7481028                    /usr/lib/x86_64-linux-gnu/libxcb.so.1.1.0
7fcc239e0000-7fcc239ef000 r-xp 00000000 08:04 7479855                    /usr/lib/x86_64-linux-gnu/libXi.so.6.1.0
7fcc239ef000-7fcc23bee000 ---p 0000f000 08:04 7479855                    /usr/lib/x86_64-linux-gnu/libXi.so.6.1.0
7fcc23bee000-7fcc23bef000 r--p 0000e000 08:04 7479855                    /usr/lib/x86_64-linux-gnu/libXi.so.6.1.0
7fcc23bef000-7fcc23bf0000 rw-p 0000f000 08:04 7479855                    /usr/lib/x86_64-linux-gnu/libXi.so.6.1.0
7fcc23bf0000-7fcc23bf5000 r-xp 00000000 08:04 7479873                    /usr/lib/x86_64-linux-gnu/libXtst.so.6.1.0
7fcc23bf5000-7fcc23df4000 ---p 00005000 08:04 7479873                    /usr/lib/x86_64-linux-gnu/libXtst.so.6.1.0
7fcc23df4000-7fcc23df5000 r--p 00004000 08:04 7479873                    /usr/lib/x86_64-linux-gnu/libXtst.so.6.1.0
7fcc23df5000-7fcc23df6000 rw-p 00005000 08:04 7479873                    /usr/lib/x86_64-linux-gnu/libXtst.so.6.1.0
7fcc23df6000-7fcc23dff000 r-xp 00000000 08:04 7479867                    /usr/lib/x86_64-linux-gnu/libXrender.so.1.3.0
7fcc23dff000-7fcc23ffe000 ---p 00009000 08:04 7479867                    /usr/lib/x86_64-linux-gnu/libXrender.so.1.3.0
7fcc23ffe000-7fcc23fff000 r--p 00008000 08:04 7479867                    /usr/lib/x86_64-linux-gnu/libXrender.so.1.3.0
7fcc23fff000-7fcc24000000 rw-p 00009000 08:04 7479867                    /usr/lib/x86_64-linux-gnu/libXrender.so.1.3.0
7fcc24000000-7fcc24021000 rw-p 00000000 00:00 0 
7fcc24021000-7fcc28000000 ---p 00000000 00:00 0 
7fcc28000000-7fcc28021000 rw-p 00000000 00:00 0 
7fcc28021000-7fcc2c000000 ---p 00000000 00:00 0 
7fcc2c000000-7fcc2c021000 rw-p 00000000 00:00 0 
7fcc2c021000-7fcc30000000 ---p 00000000 00:00 0 
7fcc30000000-7fcc30021000 rw-p 00000000 00:00 0 
7fcc30021000-7fcc34000000 ---p 00000000 00:00 0 
7fcc34000000-7fcc343dd000 rw-p 00000000 00:00 0 
7fcc343dd000-7fcc38000000 ---p 00000000 00:00 0 
7fcc38000000-7fcc381bd000 rw-p 00000000 00:00 0 
7fcc381bd000-7fcc3c000000 ---p 00000000 00:00 0 
7fcc3c000000-7fcc3c1dd000 rw-p 00000000 00:00 0 
7fcc3c1dd000-7fcc40000000 ---p 00000000 00:00 0 
7fcc40000000-7fcc40021000 rw-p 00000000 00:00 0 
7fcc40021000-7fcc44000000 ---p 00000000 00:00 0 
7fcc44000000-7fcc44021000 rw-p 00000000 00:00 0 
7fcc44021000-7fcc48000000 ---p 00000000 00:00 0 
7fcc48000000-7fcc48021000 rw-p 00000000 00:00 0 
7fcc48021000-7fcc4c000000 ---p 00000000 00:00 0 
7fcc4c000000-7fcc4c021000 rw-p 00000000 00:00 0 
7fcc4c021000-7fcc50000000 ---p 00000000 00:00 0 
7fcc50000000-7fcc50021000 rw-p 00000000 00:00 0 
7fcc50021000-7fcc54000000 ---p 00000000 00:00 0 
7fcc54000000-7fcc54021000 rw-p 00000000 00:00 0 
7fcc54021000-7fcc58000000 ---p 00000000 00:00 0 
7fcc58000000-7fcc58021000 rw-p 00000000 00:00 0 
7fcc58021000-7fcc5c000000 ---p 00000000 00:00 0 
7fcc5c003000-7fcc5c016000 rw-s 40558000 00:06 512                        /dev/nvidiactl
7fcc5c016000-7fcc5c036000 rw-s 526d2000 00:06 512                        /dev/nvidiactl
7fcc5c036000-7fcc5c039000 ---p 00000000 00:00 0 
7fcc5c039000-7fcc5c137000 rw-p 00000000 00:00 0                          [stack:30867]
7fcc5c137000-7fcc5c26c000 r-xp 00000000 08:04 7479830                    /usr/lib/x86_64-linux-gnu/libX11.so.6.3.0
7fcc5c26c000-7fcc5c46c000 ---p 00135000 08:04 7479830                    /usr/lib/x86_64-linux-gnu/libX11.so.6.3.0
7fcc5c46c000-7fcc5c46d000 r--p 00135000 08:04 7479830                    /usr/lib/x86_64-linux-gnu/libX11.so.6.3.0
7fcc5c46d000-7fcc5c471000 rw-p 00136000 08:04 7479830                    /usr/lib/x86_64-linux-gnu/libX11.so.6.3.0
7fcc5c471000-7fcc5c482000 r-xp 00000000 08:04 7479847                    /usr/lib/x86_64-linux-gnu/libXext.so.6.4.0
7fcc5c482000-7fcc5c681000 ---p 00011000 08:04 7479847                    /usr/lib/x86_64-linux-gnu/libXext.so.6.4.0
7fcc5c681000-7fcc5c682000 r--p 00010000 08:04 7479847                    /usr/lib/x86_64-linux-gnu/libXext.so.6.4.0
7fcc5c682000-7fcc5c683000 rw-p 00011000 08:04 7479847                    /usr/lib/x86_64-linux-gnu/libXext.so.6.4.0
7fcc5c686000-7fcc5c6a6000 rw-s 14f596000 00:06 512                       /dev/nvidiactl
7fcc5c6a6000-7fcc5c6fa000 r-xp 00000000 08:04 7615215                    /usr/lib/jvm/java-8-oracle/jre/lib/amd64/libawt_xawt.so
7fcc5c6fa000-7fcc5c8fa000 ---p 00054000 08:04 7615215                    /usr/lib/jvm/java-8-oracle/jre/lib/amd64/libawt_xawt.so
7fcc5c8fa000-7fcc5c8fe000 rw-p 00054000 08:04 7615215                    /usr/lib/jvm/java-8-oracle/jre/lib/amd64/libawt_xawt.so
7fcc5c8fe000-7fcc5c8ff000 rw-p 00000000 00:00 0 
7fcc5c8ff000-7fcc5c9a1000 r-xp 00000000 08:04 7615222                    /usr/lib/jvm/java-8-oracle/jre/lib/amd64/libawt.so
7fcc5c9a1000-7fcc5cba1000 ---p 000a2000 08:04 7615222                    /usr/lib/jvm/java-8-oracle/jre/lib/amd64/libawt.so
7fcc5cba1000-7fcc5cbad000 rw-p 000a2000 08:04 7615222                    /usr/lib/jvm/java-8-oracle/jre/lib/amd64/libawt.so
7fcc5cbad000-7fcc5cbd1000 rw-p 00000000 00:00 0 
7fcc5cbd1000-7fcc5cbd3000 r-xp 00000000 08:04 922638                     /tmp/jogamp_0000/file_cache/jln4161120264425513759/jln4092001681640824421/natives/linux-amd64/libgluegen-rt.so
7fcc5cbd3000-7fcc5cdd2000 ---p 00002000 08:04 922638                     /tmp/jogamp_0000/file_cache/jln4161120264425513759/jln4092001681640824421/natives/linux-amd64/libgluegen-rt.so
7fcc5cdd2000-7fcc5cdd3000 rw-p 00001000 08:04 922638                     /tmp/jogamp_0000/file_cache/jln4161120264425513759/jln4092001681640824421/natives/linux-amd64/libgluegen-rt.so
7fcc5cdd3000-7fcc5cdd6000 ---p 00000000 00:00 0 
7fcc5cdd6000-7fcc5ced4000 rw-p 00000000 00:00 0                          [stack:30866]
7fcc5ced4000-7fcc5cee5000 r-xp 00000000 08:04 7615228                    /usr/lib/jvm/java-8-oracle/jre/lib/amd64/libnio.so
7fcc5cee5000-7fcc5d0e4000 ---p 00011000 08:04 7615228                    /usr/lib/jvm/java-8-oracle/jre/lib/amd64/libnio.so
7fcc5d0e4000-7fcc5d0e5000 rw-p 00010000 08:04 7615228                    /usr/lib/jvm/java-8-oracle/jre/lib/amd64/libnio.so
7fcc5d0e5000-7fcc5d3e6000 rw-p 00000000 00:00 0 
7fcc5d3e6000-7fcc5d3fc000 r-xp 00000000 08:04 7615205                    /usr/lib/jvm/java-8-oracle/jre/lib/amd64/libnet.so
7fcc5d3fc000-7fcc5d5fc000 ---p 00016000 08:04 7615205                    /usr/lib/jvm/java-8-oracle/jre/lib/amd64/libnet.so
7fcc5d5fc000-7fcc5d5fd000 rw-p 00016000 08:04 7615205                    /usr/lib/jvm/java-8-oracle/jre/lib/amd64/libnet.so
7fcc5d5fd000-7fcc5d600000 ---p 00000000 00:00 0 
7fcc5d600000-7fcc5d636000 rw-p 00000000 00:00 0                          [stack:30861]
7fcc5d636000-7fcc5d65a000 r--s 0031e000 08:04 2753816                    /home/elect/Downloads/jogamp-all-platforms/jar/jogl-all.jar
7fcc5d65a000-7fcc5d65b000 ---p 00000000 00:00 0 
7fcc5d65b000-7fcc5d75b000 rw-p 00000000 00:00 0                          [stack:30857]
7fcc5d75b000-7fcc5d75e000 ---p 00000000 00:00 0 
7fcc5d75e000-7fcc5d85c000 rw-p 00000000 00:00 0                          [stack:30856]
7fcc5d85c000-7fcc5d85f000 ---p 00000000 00:00 0 
7fcc5d85f000-7fcc5d95d000 rw-p 00000000 00:00 0                          [stack:30855]
7fcc5d95d000-7fcc5d960000 ---p 00000000 00:00 0 
7fcc5d960000-7fcc5da5e000 rw-p 00000000 00:00 0                          [stack:30854]
7fcc5da5e000-7fcc5da61000 ---p 00000000 00:00 0 
7fcc5da61000-7fcc5db5f000 rw-p 00000000 00:00 0                          [stack:30853]
7fcc5db5f000-7fcc5db62000 ---p 00000000 00:00 0 
7fcc5db62000-7fcc5dc60000 rw-p 00000000 00:00 0                          [stack:30852]
7fcc5dc60000-7fcc5e343000 r--p 00000000 08:04 7478612                    /usr/lib/locale/locale-archive
7fcc5e343000-7fcc5e346000 ---p 00000000 00:00 0 
7fcc5e346000-7fcc5e444000 rw-p 00000000 00:00 0                          [stack:30851]
7fcc5e444000-7fcc5e447000 ---p 00000000 00:00 0 
7fcc5e447000-7fcc5e545000 rw-p 00000000 00:00 0                          [stack:30850]
7fcc5e545000-7fcc5e546000 ---p 00000000 00:00 0 
7fcc5e546000-7fcc5f628000 rw-p 00000000 00:00 0                          [stack:30849]
7fcc5f628000-7fcc5f800000 r--s 03d1d000 08:04 7615236                    /usr/lib/jvm/java-8-oracle/jre/lib/rt.jar
7fcc5f800000-7fcc60000000 rw-p 00000000 00:00 0 
7fcc60000000-7fcc60021000 rw-p 00000000 00:00 0 
7fcc60021000-7fcc64000000 ---p 00000000 00:00 0 
7fcc64002000-7fcc64005000 rw-p 00000000 00:00 0 
7fcc64005000-7fcc64006000 rw-s 11f70f000 00:06 512                       /dev/nvidiactl
7fcc64006000-7fcc64007000 rw-s dfd65000 00:06 513                        /dev/nvidia0
7fcc64007000-7fcc64008000 rw-s dfd65000 00:06 513                        /dev/nvidia0
7fcc64008000-7fcc64009000 rw-s fa642000 00:06 513                        /dev/nvidia0
7fcc64009000-7fcc6400a000 rw-s ce383000 00:06 512                        /dev/nvidiactl
7fcc6400a000-7fcc6400b000 rw-s fa641000 00:06 513                        /dev/nvidia0
7fcc6400b000-7fcc6400c000 rw-s ce382000 00:06 512                        /dev/nvidiactl
7fcc6400c000-7fcc6400d000 rw-s 14f594000 00:06 512                       /dev/nvidiactl
7fcc6400d000-7fcc6400f000 rw-s 00000000 08:04 922987                     /tmp/.glUBFGcR (deleted)
7fcc6400f000-7fcc64013000 rw-s 526d7000 00:06 512                        /dev/nvidiactl
7fcc64013000-7fcc682be000 rw-p 00000000 00:00 0 
7fcc682be000-7fcc682bf000 ---p 00000000 00:00 0 
7fcc682bf000-7fcc683bf000 rw-p 00000000 00:00 0                          [stack:30848]
7fcc683bf000-7fcc683c0000 ---p 00000000 00:00 0 
7fcc683c0000-7fcc684c0000 rw-p 00000000 00:00 0                          [stack:30847]
7fcc684c0000-7fcc684c1000 ---p 00000000 00:00 0 
7fcc684c1000-7fcc685eb000 rw-p 00000000 00:00 0                          [stack:30846]
7fcc685eb000-7fcc6885a000 ---p 00000000 00:00 0 
7fcc6885a000-7fcc68884000 rw-p 00000000 00:00 0 
7fcc68884000-7fcc68af2000 ---p 00000000 00:00 0 
7fcc68af2000-7fcc68b84000 rw-p 00000000 00:00 0 
7fcc68b84000-7fcc68c3f000 ---p 00000000 00:00 0 
7fcc68c3f000-7fcc68c4e000 rw-p 00000000 00:00 0 
7fcc68c4e000-7fcc69000000 ---p 00000000 00:00 0 
7fcc69000000-7fcc69370000 rwxp 00000000 00:00 0 
7fcc69370000-7fcc78000000 ---p 00000000 00:00 0 
7fcc78000000-7fcc78aac000 rw-p 00000000 00:00 0 
7fcc78aac000-7fcc7c000000 ---p 00000000 00:00 0 
7fcc7c000000-7fcc7c001000 rw-s 0a0b7000 00:06 512                        /dev/nvidiactl
7fcc7c001000-7fcc7c002000 rw-s dfd65000 00:06 513                        /dev/nvidia0
7fcc7c002000-7fcc7c003000 rw-s dfd65000 00:06 513                        /dev/nvidia0
7fcc7c003000-7fcc7c004000 rw-s fa642000 00:06 513                        /dev/nvidia0
7fcc7c004000-7fcc7c005000 rw-s ce383000 00:06 512                        /dev/nvidiactl
7fcc7c005000-7fcc7c006000 rw-s fa641000 00:06 513                        /dev/nvidia0
7fcc7c006000-7fcc7c019000 rw-s 11a125000 00:06 512                       /dev/nvidiactl
7fcc7c019000-7fcc7c01a000 ---p 00000000 00:00 0 
7fcc7c01a000-7fcc7c11a000 rw-p 00000000 00:00 0                          [stack:30845]
7fcc7c11a000-7fcc7c134000 r-xp 00000000 08:04 7615200                    /usr/lib/jvm/java-8-oracle/jre/lib/amd64/libzip.so
7fcc7c134000-7fcc7c334000 ---p 0001a000 08:04 7615200                    /usr/lib/jvm/java-8-oracle/jre/lib/amd64/libzip.so
7fcc7c334000-7fcc7c335000 rw-p 0001a000 08:04 7615200                    /usr/lib/jvm/java-8-oracle/jre/lib/amd64/libzip.so
7fcc7c335000-7fcc7c341000 r-xp 00000000 08:04 7602381                    /lib/x86_64-linux-gnu/libnss_files-2.21.so
7fcc7c341000-7fcc7c540000 ---p 0000c000 08:04 7602381                    /lib/x86_64-linux-gnu/libnss_files-2.21.so
7fcc7c540000-7fcc7c541000 r--p 0000b000 08:04 7602381                    /lib/x86_64-linux-gnu/libnss_files-2.21.so
7fcc7c541000-7fcc7c542000 rw-p 0000c000 08:04 7602381                    /lib/x86_64-linux-gnu/libnss_files-2.21.so
7fcc7c542000-7fcc7c54d000 r-xp 00000000 08:04 7602392                    /lib/x86_64-linux-gnu/libnss_nis-2.21.so
7fcc7c54d000-7fcc7c74c000 ---p 0000b000 08:04 7602392                    /lib/x86_64-linux-gnu/libnss_nis-2.21.so
7fcc7c74c000-7fcc7c74d000 r--p 0000a000 08:04 7602392                    /lib/x86_64-linux-gnu/libnss_nis-2.21.so
7fcc7c74d000-7fcc7c74e000 rw-p 0000b000 08:04 7602392                    /lib/x86_64-linux-gnu/libnss_nis-2.21.so
7fcc7c74e000-7fcc7c765000 r-xp 00000000 08:04 7602386                    /lib/x86_64-linux-gnu/libnsl-2.21.so
7fcc7c765000-7fcc7c964000 ---p 00017000 08:04 7602386                    /lib/x86_64-linux-gnu/libnsl-2.21.so
7fcc7c964000-7fcc7c965000 r--p 00016000 08:04 7602386                    /lib/x86_64-linux-gnu/libnsl-2.21.so
7fcc7c965000-7fcc7c966000 rw-p 00017000 08:04 7602386                    /lib/x86_64-linux-gnu/libnsl-2.21.so
7fcc7c966000-7fcc7c968000 rw-p 00000000 00:00 0 
7fcc7c968000-7fcc7c970000 r-xp 00000000 08:04 7602382                    /lib/x86_64-linux-gnu/libnss_compat-2.21.so
7fcc7c970000-7fcc7cb6f000 ---p 00008000 08:04 7602382                    /lib/x86_64-linux-gnu/libnss_compat-2.21.so
7fcc7cb6f000-7fcc7cb70000 r--p 00007000 08:04 7602382                    /lib/x86_64-linux-gnu/libnss_compat-2.21.so
7fcc7cb70000-7fcc7cb71000 rw-p 00008000 08:04 7602382                    /lib/x86_64-linux-gnu/libnss_compat-2.21.so
7fcc7cb71000-7fcc7cb9b000 r-xp 00000000 08:04 7615180                    /usr/lib/jvm/java-8-oracle/jre/lib/amd64/libjava.so
7fcc7cb9b000-7fcc7cd9b000 ---p 0002a000 08:04 7615180                    /usr/lib/jvm/java-8-oracle/jre/lib/amd64/libjava.so
7fcc7cd9b000-7fcc7cd9d000 rw-p 0002a000 08:04 7615180                    /usr/lib/jvm/java-8-oracle/jre/lib/amd64/libjava.so
7fcc7cd9d000-7fcc7cdaa000 r-xp 00000000 08:04 7615194                    /usr/lib/jvm/java-8-oracle/jre/lib/amd64/libverify.so
7fcc7cdaa000-7fcc7cfaa000 ---p 0000d000 08:04 7615194                    /usr/lib/jvm/java-8-oracle/jre/lib/amd64/libverify.so
7fcc7cfaa000-7fcc7cfac000 rw-p 0000d000 08:04 7615194                    /usr/lib/jvm/java-8-oracle/jre/lib/amd64/libverify.so
7fcc7cfac000-7fcc7cfb3000 r-xp 00000000 08:04 7602379                    /lib/x86_64-linux-gnu/librt-2.21.so
7fcc7cfb3000-7fcc7d1b2000 ---p 00007000 08:04 7602379                    /lib/x86_64-linux-gnu/librt-2.21.so
7fcc7d1b2000-7fcc7d1b3000 r--p 00006000 08:04 7602379                    /lib/x86_64-linux-gnu/librt-2.21.so
7fcc7d1b3000-7fcc7d1b4000 rw-p 00007000 08:04 7602379                    /lib/x86_64-linux-gnu/librt-2.21.so
7fcc7d1b4000-7fcc7d2bb000 r-xp 00000000 08:04 7602394                    /lib/x86_64-linux-gnu/libm-2.21.so
7fcc7d2bb000-7fcc7d4ba000 ---p 00107000 08:04 7602394                    /lib/x86_64-linux-gnu/libm-2.21.so
7fcc7d4ba000-7fcc7d4bb000 r--p 00106000 08:04 7602394                    /lib/x86_64-linux-gnu/libm-2.21.so
7fcc7d4bb000-7fcc7d4bc000 rw-p 00107000 08:04 7602394                    /lib/x86_64-linux-gnu/libm-2.21.so
7fcc7d4bc000-7fcc7e17b000 r-xp 00000000 08:04 7743701                    /usr/lib/jvm/java-8-oracle/jre/lib/amd64/server/libjvm.so
7fcc7e17b000-7fcc7e37a000 ---p 00cbf000 08:04 7743701                    /usr/lib/jvm/java-8-oracle/jre/lib/amd64/server/libjvm.so
7fcc7e37a000-7fcc7e453000 rw-p 00cbe000 08:04 7743701                    /usr/lib/jvm/java-8-oracle/jre/lib/amd64/server/libjvm.so
7fcc7e453000-7fcc7e49c000 rw-p 00000000 00:00 0 
7fcc7e49c000-7fcc7e65c000 r-xp 00000000 08:04 7602395                    /lib/x86_64-linux-gnu/libc-2.21.so
7fcc7e65c000-7fcc7e85c000 ---p 001c0000 08:04 7602395                    /lib/x86_64-linux-gnu/libc-2.21.so
7fcc7e85c000-7fcc7e860000 r--p 001c0000 08:04 7602395                    /lib/x86_64-linux-gnu/libc-2.21.so
7fcc7e860000-7fcc7e862000 rw-p 001c4000 08:04 7602395                    /lib/x86_64-linux-gnu/libc-2.21.so
7fcc7e862000-7fcc7e866000 rw-p 00000000 00:00 0 
7fcc7e866000-7fcc7e869000 r-xp 00000000 08:04 7602391                    /lib/x86_64-linux-gnu/libdl-2.21.so
7fcc7e869000-7fcc7ea68000 ---p 00003000 08:04 7602391                    /lib/x86_64-linux-gnu/libdl-2.21.so
7fcc7ea68000-7fcc7ea69000 r--p 00002000 08:04 7602391                    /lib/x86_64-linux-gnu/libdl-2.21.so
7fcc7ea69000-7fcc7ea6a000 rw-p 00003000 08:04 7602391                    /lib/x86_64-linux-gnu/libdl-2.21.so
7fcc7ea6a000-7fcc7ea7f000 r-xp 00000000 08:04 7743697                    /usr/lib/jvm/java-8-oracle/jre/lib/amd64/jli/libjli.so
7fcc7ea7f000-7fcc7ec7f000 ---p 00015000 08:04 7743697                    /usr/lib/jvm/java-8-oracle/jre/lib/amd64/jli/libjli.so
7fcc7ec7f000-7fcc7ec80000 rw-p 00015000 08:04 7743697                    /usr/lib/jvm/java-8-oracle/jre/lib/amd64/jli/libjli.so
7fcc7ec80000-7fcc7ec98000 r-xp 00000000 08:04 7602380                    /lib/x86_64-linux-gnu/libpthread-2.21.so
7fcc7ec98000-7fcc7ee98000 ---p 00018000 08:04 7602380                    /lib/x86_64-linux-gnu/libpthread-2.21.so
7fcc7ee98000-7fcc7ee99000 r--p 00018000 08:04 7602380                    /lib/x86_64-linux-gnu/libpthread-2.21.so
7fcc7ee99000-7fcc7ee9a000 rw-p 00019000 08:04 7602380                    /lib/x86_64-linux-gnu/libpthread-2.21.so
7fcc7ee9a000-7fcc7ee9e000 rw-p 00000000 00:00 0 
7fcc7ee9e000-7fcc7eec2000 r-xp 00000000 08:04 7602389                    /lib/x86_64-linux-gnu/ld-2.21.so
7fcc7eec2000-7fcc7eec3000 rw-s ce382000 00:06 512                        /dev/nvidiactl
7fcc7eec3000-7fcc7eec4000 rw-s 0a0b2000 00:06 512                        /dev/nvidiactl
7fcc7eec4000-7fcc7eec5000 rw-s fa060000 00:06 513                        /dev/nvidia0
7fcc7eec5000-7fcc7eec6000 rw-s 16a3e6000 00:06 512                       /dev/nvidiactl
7fcc7eec6000-7fcc7eeca000 rw-s 168d26000 00:06 512                       /dev/nvidiactl
7fcc7eeca000-7fcc7eecb000 rw-s dfd65000 00:06 513                        /dev/nvidia0
7fcc7eecb000-7fcc7eecc000 rw-s dfd65000 00:06 513                        /dev/nvidia0
7fcc7eecc000-7fcc7ef97000 rw-p 00000000 00:00 0 
7fcc7ef97000-7fcc7ef9a000 ---p 00000000 00:00 0 
7fcc7ef9a000-7fcc7f09c000 rw-p 00000000 00:00 0                          [stack:30843]
7fcc7f09c000-7fcc7f09d000 rw-s fa642000 00:06 513                        /dev/nvidia0
7fcc7f09d000-7fcc7f09e000 rw-s ce383000 00:06 512                        /dev/nvidiactl
7fcc7f09e000-7fcc7f09f000 rw-s fa641000 00:06 513                        /dev/nvidia0
7fcc7f09f000-7fcc7f0a0000 rw-s ce382000 00:06 512                        /dev/nvidiactl
7fcc7f0a0000-7fcc7f0a1000 rw-s 168d29000 00:06 512                       /dev/nvidiactl
7fcc7f0a1000-7fcc7f0a2000 r--s 00036000 08:04 2753099                    /home/elect/Downloads/jogamp-all-platforms/jar/jogl-all-natives-linux-amd64.jar
7fcc7f0a2000-7fcc7f0a4000 r--s 00000000 08:04 2752924                    /home/elect/Downloads/jogamp-all-platforms/jar/gluegen-rt-natives-linux-amd64.jar
7fcc7f0a4000-7fcc7f0a5000 r--p 00000000 00:00 0 
7fcc7f0a5000-7fcc7f0a9000 r--s 00097000 08:04 7615239                    /usr/lib/jvm/java-8-oracle/jre/lib/jsse.jar
7fcc7f0a9000-7fcc7f0ad000 r--s 008c6000 08:04 3806030                    /home/elect/NetBeansProjects/jgli/build/libs/jgli.jar
7fcc7f0ad000-7fcc7f0b3000 r--s 0004f000 08:04 2752933                    /home/elect/Downloads/jogamp-all-platforms/jar/gluegen-rt.jar
7fcc7f0b3000-7fcc7f0b5000 r--s 00042000 08:04 4721046                    /home/elect/NetBeansProjects/Jglm/Jglm/dist/Jglm.jar
7fcc7f0b5000-7fcc7f0bd000 rw-s 00000000 08:04 922575                     /tmp/hsperfdata_elect/30840
7fcc7f0bd000-7fcc7f0be000 rw-p 00000000 00:00 0 
7fcc7f0be000-7fcc7f0bf000 r--p 00000000 00:00 0 
7fcc7f0bf000-7fcc7f0c1000 rw-p 00000000 00:00 0 
7fcc7f0c1000-7fcc7f0c2000 r--p 00023000 08:04 7602389                    /lib/x86_64-linux-gnu/ld-2.21.so
7fcc7f0c2000-7fcc7f0c3000 rw-p 00024000 08:04 7602389                    /lib/x86_64-linux-gnu/ld-2.21.so
7fcc7f0c3000-7fcc7f0c4000 rw-p 00000000 00:00 0 
7ffc42a2c000-7ffc42a4d000 rw-p 00000000 00:00 0                          [stack]
7ffc42b32000-7ffc42b34000 r--p 00000000 00:00 0                          [vvar]
7ffc42b34000-7ffc42b36000 r-xp 00000000 00:00 0                          [vdso]
ffffffffff600000-ffffffffff601000 r-xp 00000000 00:00 0                  [vsyscall]

VM Arguments:
jvm_args: -Dfile.encoding=UTF-8 
java_command: gl4_kepler.bindlessApp.v30.Main
java_class_path (initial): /home/elect/NetBeansProjects/Jglm/Jglm/dist/Jglm.jar:/home/elect/Downloads/jogamp-all-platforms/jar/gluegen-rt.jar:/home/elect/Downloads/jogamp-all-platforms/jar/jogl-all.jar:/home/elect/NetBeansProjects/jgli/build/libs/jgli.jar:/home/elect/NetBeansProjects/NvGlSamples/build/classes
Launcher Type: SUN_STANDARD

Environment Variables:
JAVA_HOME=/usr/lib/jvm/java-8-oracle
PATH=/usr/local/sbin:/usr/local/bin:/usr/sbin:/usr/bin:/sbin:/bin:/usr/games:/usr/local/games:/usr/lib/jvm/java-8-oracle/bin:/usr/lib/jvm/java-8-oracle/db/bin:/usr/lib/jvm/java-8-oracle/jre/bin
LD_LIBRARY_PATH=/usr/lib/jvm/java-8-oracle/jre/lib/amd64:/usr/lib/jvm/java-8-oracle/jre/lib/i386:
SHELL=/bin/bash
DISPLAY=:0

Signal Handlers:
SIGSEGV: [libjvm.so+0xabb070], sa_mask[0]=11111111011111111101111111111110, sa_flags=SA_RESTART|SA_SIGINFO
SIGBUS: [libjvm.so+0xabb070], sa_mask[0]=11111111011111111101111111111110, sa_flags=SA_RESTART|SA_SIGINFO
SIGFPE: [libjvm.so+0x918480], sa_mask[0]=11111111011111111101111111111110, sa_flags=SA_RESTART|SA_SIGINFO
SIGPIPE: [libjvm.so+0x918480], sa_mask[0]=11111111011111111101111111111110, sa_flags=SA_RESTART|SA_SIGINFO
SIGXFSZ: [libjvm.so+0x918480], sa_mask[0]=11111111011111111101111111111110, sa_flags=SA_RESTART|SA_SIGINFO
SIGILL: [libjvm.so+0x918480], sa_mask[0]=11111111011111111101111111111110, sa_flags=SA_RESTART|SA_SIGINFO
SIGUSR1: SIG_DFL, sa_mask[0]=00000000000000000000000000000000, sa_flags=none
SIGUSR2: [libjvm.so+0x919ab0], sa_mask[0]=00100000000000000000000000000000, sa_flags=SA_RESTART|SA_SIGINFO
SIGHUP: [libjvm.so+0x91aeb0], sa_mask[0]=11111111011111111101111111111110, sa_flags=SA_RESTART|SA_SIGINFO
SIGINT: SIG_IGN, sa_mask[0]=00000000000000000000000000000000, sa_flags=none
SIGTERM: [libjvm.so+0x91aeb0], sa_mask[0]=11111111011111111101111111111110, sa_flags=SA_RESTART|SA_SIGINFO
SIGQUIT: [libjvm.so+0x91aeb0], sa_mask[0]=11111111011111111101111111111110, sa_flags=SA_RESTART|SA_SIGINFO


---------------  S Y S T E M  ---------------

OS:DISTRIB_ID=Ubuntu
DISTRIB_RELEASE=15.10
DISTRIB_CODENAME=wily
DISTRIB_DESCRIPTION="Ubuntu 15.10"

uname:Linux 4.2.0-31-generic #36-Ubuntu SMP Tue Feb 23 02:21:00 UTC 2016 x86_64
libc:glibc 2.21 NPTL 2.21 
rlimit: STACK 8192k, CORE 0k, NPROC 31756, NOFILE 65536, AS infinity
load average:4,96 2,06 1,41

/proc/meminfo:
MemTotal:        8164296 kB
MemFree:         1079296 kB
MemAvailable:    3578744 kB
Buffers:          256960 kB
Cached:          2093144 kB
SwapCached:            0 kB
Active:          5583936 kB
Inactive:        1033176 kB
Active(anon):    4269232 kB
Inactive(anon):    30228 kB
Active(file):    1314704 kB
Inactive(file):  1002948 kB
Unevictable:          60 kB
Mlocked:              60 kB
SwapTotal:       1048572 kB
SwapFree:        1048572 kB
Dirty:             39344 kB
Writeback:             0 kB
AnonPages:       4267176 kB
Mapped:           416148 kB
Shmem:             32404 kB
Slab:             264496 kB
SReclaimable:     224336 kB
SUnreclaim:        40160 kB
KernelStack:        9888 kB
PageTables:        38344 kB
NFS_Unstable:          0 kB
Bounce:                0 kB
WritebackTmp:          0 kB
CommitLimit:     5130720 kB
Committed_AS:    8471844 kB
VmallocTotal:   34359738367 kB
VmallocUsed:      332136 kB
VmallocChunk:   34358947836 kB
HardwareCorrupted:     0 kB
AnonHugePages:   2353152 kB
CmaTotal:              0 kB
CmaFree:               0 kB
HugePages_Total:       0
HugePages_Free:        0
HugePages_Rsvd:        0
HugePages_Surp:        0
Hugepagesize:       2048 kB
DirectMap4k:      255424 kB
DirectMap2M:     8124416 kB


CPU:total 4 (4 cores per cpu, 1 threads per core) family 6 model 30 stepping 5, cmov, cx8, fxsr, mmx, sse, sse2, sse3, ssse3, sse4.1, sse4.2, popcnt, tsc, tscinvbit

/proc/cpuinfo:
processor	: 0
vendor_id	: GenuineIntel
cpu family	: 6
model		: 30
model name	: Intel(R) Core(TM) i5 CPU         750  @ 2.67GHz
stepping	: 5
microcode	: 0x7
cpu MHz		: 1333.000
cache size	: 8192 KB
physical id	: 0
siblings	: 4
core id		: 0
cpu cores	: 4
apicid		: 0
initial apicid	: 0
fpu		: yes
fpu_exception	: yes
cpuid level	: 11
wp		: yes
flags		: fpu vme de pse tsc msr pae mce cx8 apic sep mtrr pge mca cmov pat pse36 clflush dts acpi mmx fxsr sse sse2 ss ht tm pbe syscall nx rdtscp lm constant_tsc arch_perfmon pebs bts rep_good nopl xtopology nonstop_tsc aperfmperf pni dtes64 monitor ds_cpl vmx smx est tm2 ssse3 cx16 xtpr pdcm sse4_1 sse4_2 popcnt lahf_lm ida dtherm tpr_shadow vnmi flexpriority ept vpid
bugs		:
bogomips	: 5352.36
clflush size	: 64
cache_alignment	: 64
address sizes	: 36 bits physical, 48 bits virtual
power management:

processor	: 1
vendor_id	: GenuineIntel
cpu family	: 6
model		: 30
model name	: Intel(R) Core(TM) i5 CPU         750  @ 2.67GHz
stepping	: 5
microcode	: 0x7
cpu MHz		: 2668.000
cache size	: 8192 KB
physical id	: 0
siblings	: 4
core id		: 1
cpu cores	: 4
apicid		: 2
initial apicid	: 2
fpu		: yes
fpu_exception	: yes
cpuid level	: 11
wp		: yes
flags		: fpu vme de pse tsc msr pae mce cx8 apic sep mtrr pge mca cmov pat pse36 clflush dts acpi mmx fxsr sse sse2 ss ht tm pbe syscall nx rdtscp lm constant_tsc arch_perfmon pebs bts rep_good nopl xtopology nonstop_tsc aperfmperf pni dtes64 monitor ds_cpl vmx smx est tm2 ssse3 cx16 xtpr pdcm sse4_1 sse4_2 popcnt lahf_lm ida dtherm tpr_shadow vnmi flexpriority ept vpid
bugs		:
bogomips	: 5352.36
clflush size	: 64
cache_alignment	: 64
address sizes	: 36 bits physical, 48 bits virtual
power management:

processor	: 2
vendor_id	: GenuineIntel
cpu family	: 6
model		: 30
model name	: Intel(R) Core(TM) i5 CPU         750  @ 2.67GHz
stepping	: 5
microcode	: 0x7
cpu MHz		: 2000.000
cache size	: 8192 KB
physical id	: 0
siblings	: 4
core id		: 2
cpu cores	: 4
apicid		: 4
initial apicid	: 4
fpu		: yes
fpu_exception	: yes
cpuid level	: 11
wp		: yes
flags		: fpu vme de pse tsc msr pae mce cx8 apic sep mtrr pge mca cmov pat pse36 clflush dts acpi mmx fxsr sse sse2 ss ht tm pbe syscall nx rdtscp lm constant_tsc arch_perfmon pebs bts rep_good nopl xtopology nonstop_tsc aperfmperf pni dtes64 monitor ds_cpl vmx smx est tm2 ssse3 cx16 xtpr pdcm sse4_1 sse4_2 popcnt lahf_lm ida dtherm tpr_shadow vnmi flexpriority ept vpid
bugs		:
bogomips	: 5352.36
clflush size	: 64
cache_alignment	: 64
address sizes	: 36 bits physical, 48 bits virtual
power management:

processor	: 3
vendor_id	: GenuineIntel
cpu family	: 6
model		: 30
model name	: Intel(R) Core(TM) i5 CPU         750  @ 2.67GHz
stepping	: 5
microcode	: 0x7
cpu MHz		: 2668.000
cache size	: 8192 KB
physical id	: 0
siblings	: 4
core id		: 3
cpu cores	: 4
apicid		: 6
initial apicid	: 6
fpu		: yes
fpu_exception	: yes
cpuid level	: 11
wp		: yes
flags		: fpu vme de pse tsc msr pae mce cx8 apic sep mtrr pge mca cmov pat pse36 clflush dts acpi mmx fxsr sse sse2 ss ht tm pbe syscall nx rdtscp lm constant_tsc arch_perfmon pebs bts rep_good nopl xtopology nonstop_tsc aperfmperf pni dtes64 monitor ds_cpl vmx smx est tm2 ssse3 cx16 xtpr pdcm sse4_1 sse4_2 popcnt lahf_lm ida dtherm tpr_shadow vnmi flexpriority ept vpid
bugs		:
bogomips	: 5352.36
clflush size	: 64
cache_alignment	: 64
address sizes	: 36 bits physical, 48 bits virtual
power management:



Memory: 4k page, physical 8164296k(1079296k free), swap 1048572k(1048572k free)

vm_info: Java HotSpot(TM) 64-Bit Server VM (25.72-b15) for linux-amd64 JRE (1.8.0_72-b15), built on Dec 22 2015 22:00:07 by "java_re" with gcc 4.3.0 20080428 (Red Hat 4.3.0-8)

time: Fri Feb 26 23:56:07 2016
elapsed time: 2 seconds (0d 0h 0m 2s)

