#
# A fatal error has been detected by the Java Runtime Environment:
#
#  SIGSEGV (0xb) at pc=0x00007f2aaa70c7dc, pid=10079, tid=139821189859072
#
# JRE version: Java(TM) SE Runtime Environment (8.0_45-b14) (build 1.8.0_45-b14)
# Java VM: Java HotSpot(TM) 64-Bit Server VM (25.45-b02 mixed mode linux-amd64 compressed oops)
# Problematic frame:
# C  [libnvidia-glcore.so.346.59+0x13e77dc]
#
# Failed to write core dump. Core dumps have been disabled. To enable core dumping, try "ulimit -c unlimited" before starting Java again
#
# If you would like to submit a bug report, please visit:
#   http://bugreport.java.com/bugreport/crash.jsp
# The crash happened outside the Java Virtual Machine in native code.
# See problematic frame for where to report the bug.
#

---------------  T H R E A D  ---------------

Current thread (0x00007f2b0c880800):  JavaThread "main-Display-.x11_:0-1-EDT-1" daemon [_thread_in_native, id=10111, stack(0x00007f2aa84a8000,0x00007f2aa85a9000)]

siginfo: si_signo: 11 (SIGSEGV), si_code: 1 (SEGV_MAPERR), si_addr: 0x0000000000000000

Registers:
RAX=0x00007f2a982c8f30, RBX=0x00007f2a982c8f30, RCX=0x0000000000000000, RDX=0x0000000000000001
RSP=0x00007f2aa85a7210, RBP=0x0000000040f1c000, RSI=0x0000000000000000, RDI=0x0000000040f1c000
R8 =0x00007f2a982c8f30, R9 =0x00007f2a982c8f20, R10=0x00007f2afd013768, R11=0x00007f2b13593e30
R12=0x00007f2a982c8f30, R13=0x0000000000000001, R14=0x00007f2a9813ebd0, R15=0x0000000040f1c000
RIP=0x00007f2aaa70c7dc, EFLAGS=0x0000000000010202, CSGSFS=0x0000000000000033, ERR=0x0000000000000004
  TRAPNO=0x000000000000000e

Top of Stack: (sp=0x00007f2aa85a7210)
0x00007f2aa85a7210:   0000000000000002 0000000000000001
0x00007f2aa85a7220:   0000000040f1c000 00007f2a982c8f30
0x00007f2aa85a7230:   0000000000000000 00007f2aabffe800
0x00007f2aa85a7240:   00007f2b0c880800 00007f2aaa67ca58
0x00007f2aa85a7250:   00007f2ab9b46900 00007f2aa85a72c0
0x00007f2aa85a7260:   0000000000000000 00007f2ab9b46900
0x00007f2aa85a7270:   00007f2aa85a7398 00007f2ab9118756
0x00007f2aa85a7280:   00007f2b0c880800 00007f000c880800
0x00007f2aa85a7290:   0000000000000000 0000000100000000
0x00007f2aa85a72a0:   00007f2aa85a7398 00007f2b0c8809f8
0x00007f2aa85a72b0:   00007f2ab9655ac0 0000000000000000
0x00007f2aa85a72c0:   00007f2aa85a7348 00007f2afd013794
0x00007f2aa85a72d0:   00007f2ab9655ac0 00007f2ab9b15490
0x00007f2aa85a72e0:   00007f2ab9b46900 0000000000000000
0x00007f2aa85a72f0:   00007f2aa85a7348 00007f2afd013527
0x00007f2aa85a7300:   00007f2afd0134e2 00007f2aa85a7308
0x00007f2aa85a7310:   00007f2ab9b46900 00007f2aa85a7398
0x00007f2aa85a7320:   00007f2ab9c3c028 0000000000000000
0x00007f2aa85a7330:   00007f2ab9b46900 0000000000000000
0x00007f2aa85a7340:   00007f2aa85a7368 00007f2aa85a73e0
0x00007f2aa85a7350:   00007f2afd007c4d 0000000000000000
0x00007f2aa85a7360:   00007f2afd00f578 00007f2ab9655ac0
0x00007f2aa85a7370:   00007f2aa85a7418 0000000000000000
0x00007f2aa85a7380:   0000000000000000 0000000000000000
0x00007f2aa85a7390:   0000000000000001 00000000c2b9c0c0
0x00007f2aa85a73a0:   00007f2aa85a73a0 00007f2ab9b469fd
0x00007f2aa85a73b0:   00007f2aa85a7418 00007f2ab9c3c028
0x00007f2aa85a73c0:   0000000000000000 00007f2ab9b46a10
0x00007f2aa85a73d0:   00007f2aa85a7368 00007f2aa85a7400
0x00007f2aa85a73e0:   00007f2aa85a7460 00007f2afd007c92
0x00007f2aa85a73f0:   00007f2ab9655ac0 0000000000000000
0x00007f2aa85a7400:   0000000000000000 0000000000000000 

Instructions: (pc=0x00007f2aaa70c7dc)
0x00007f2aaa70c7bc:   00 00 00 00 41 57 49 89 ff 41 56 49 89 f6 31 f6
0x00007f2aaa70c7cc:   41 55 41 89 d5 41 54 55 53 4c 89 c3 48 83 ec 08
0x00007f2aaa70c7dc:   8b 01 45 85 ed 89 c2 7e 56 31 ed 49 89 cc 89 c2
0x00007f2aaa70c7ec:   ff c5 8d 48 01 41 39 ed 74 41 41 8b 44 24 04 39 

Register to memory mapping:

RAX=0x00007f2a982c8f30 is an unknown value
RBX=0x00007f2a982c8f30 is an unknown value
RCX=0x0000000000000000 is an unknown value
RDX=0x0000000000000001 is an unknown value
RSP=0x00007f2aa85a7210 is pointing into the stack for thread: 0x00007f2b0c880800
RBP=0x0000000040f1c000 is an unknown value
RSI=0x0000000000000000 is an unknown value
RDI=0x0000000040f1c000 is an unknown value
R8 =0x00007f2a982c8f30 is an unknown value
R9 =0x00007f2a982c8f20 is an unknown value
R10=0x00007f2afd013768 is at code_begin+808 in an Interpreter codelet
method entry point (kind = native)  [0x00007f2afd013440, 0x00007f2afd013d40]  2304 bytes
R11=0x00007f2b13593e30: <offset 0x9ace30> in /usr/lib/jvm/java-8-oracle/jre/lib/amd64/server/libjvm.so at 0x00007f2b12be7000
R12=0x00007f2a982c8f30 is an unknown value
R13=0x0000000000000001 is an unknown value
R14=0x00007f2a9813ebd0 is an unknown value
R15=0x0000000040f1c000 is an unknown value


Stack: [0x00007f2aa84a8000,0x00007f2aa85a9000],  sp=0x00007f2aa85a7210,  free space=1020k
Native frames: (J=compiled Java code, j=interpreted, Vv=VM code, C=native code)
C  [libnvidia-glcore.so.346.59+0x13e77dc]

Java frames: (J=compiled Java code, j=interpreted, Vv=VM code)
j  jogamp.opengl.gl4.GL4bcImpl.dispatch_glDeleteVertexArrays1(ILjava/lang/Object;IZJ)V+0
j  jogamp.opengl.gl4.GL4bcImpl.glDeleteVertexArrays(I[II)V+101
j  nvGlSamples.bindlessApp.BindlessApp.dispose(Lcom/jogamp/opengl/GLAutoDrawable;)V+139
j  jogamp.opengl.GLDrawableHelper.disposeAllGLEventListener(Lcom/jogamp/opengl/GLAutoDrawable;Z)I+155
j  jogamp.opengl.GLDrawableHelper.disposeGL(Lcom/jogamp/opengl/GLAutoDrawable;Lcom/jogamp/opengl/GLContext;Z)V+119
j  jogamp.opengl.GLAutoDrawableBase.destroyImplInLock()V+48
j  com.jogamp.newt.opengl.GLWindow.access$300(Lcom/jogamp/newt/opengl/GLWindow;)V+1
j  com.jogamp.newt.opengl.GLWindow$GLLifecycleHook.destroyActionInLock()V+44
j  jogamp.newt.WindowImpl$1.run()V+267
j  com.jogamp.common.util.RunnableTask.run()V+176
j  jogamp.newt.DefaultEDTUtil$NEDT.run()V+216
v  ~StubRoutines::call_stub

---------------  P R O C E S S  ---------------

Java Threads: ( => current thread )
  0x00007f2b0c00a000 JavaThread "DestroyJavaVM" [_thread_blocked, id=10082, stack(0x00007f2b146b1000,0x00007f2b147b2000)]
=>0x00007f2b0c880800 JavaThread "main-Display-.x11_:0-1-EDT-1" daemon [_thread_in_native, id=10111, stack(0x00007f2aa84a8000,0x00007f2aa85a9000)]
  0x00007f2b0c69c000 JavaThread "main-SharedResourceRunner" daemon [_thread_blocked, id=10110, stack(0x00007f2ab84c3000,0x00007f2ab85c4000)]
  0x00007f2b0c354000 JavaThread "main-SharedResourceRunner" daemon [_thread_blocked, id=10109, stack(0x00007f2ab8fbc000,0x00007f2ab90bd000)]
  0x00007f2b0c324800 JavaThread "AWT-EventQueue-0" [_thread_blocked, id=10108, stack(0x00007f2ab9ed3000,0x00007f2ab9fd4000)]
  0x00007f2b0c323000 JavaThread "AWT-Shutdown" [_thread_blocked, id=10107, stack(0x00007f2ab9fd4000,0x00007f2aba0d5000)]
  0x00007f2b0c309000 JavaThread "AWT-XAWT" daemon [_thread_in_native, id=10106, stack(0x00007f2aba6de000,0x00007f2aba7df000)]
  0x00007f2b0c2e7800 JavaThread "Java2D Disposer" daemon [_thread_blocked, id=10105, stack(0x00007f2af89d2000,0x00007f2af8ad3000)]
  0x00007f2b0c257000 JavaThread "process reaper" daemon [_thread_blocked, id=10100, stack(0x00007f2af91fc000,0x00007f2af9235000)]
  0x00007f2b0c0c3800 JavaThread "Service Thread" daemon [_thread_blocked, id=10095, stack(0x00007f2af9336000,0x00007f2af9437000)]
  0x00007f2b0c0be800 JavaThread "C1 CompilerThread2" daemon [_thread_blocked, id=10094, stack(0x00007f2af9437000,0x00007f2af9538000)]
  0x00007f2b0c0bd000 JavaThread "C2 CompilerThread1" daemon [_thread_blocked, id=10093, stack(0x00007f2af9538000,0x00007f2af9639000)]
  0x00007f2b0c0ba000 JavaThread "C2 CompilerThread0" daemon [_thread_blocked, id=10092, stack(0x00007f2af9639000,0x00007f2af973a000)]
  0x00007f2b0c0b8800 JavaThread "Signal Dispatcher" daemon [_thread_blocked, id=10091, stack(0x00007f2af973a000,0x00007f2af983b000)]
  0x00007f2b0c07f000 JavaThread "Finalizer" daemon [_thread_blocked, id=10090, stack(0x00007f2af9f1e000,0x00007f2afa01f000)]
  0x00007f2b0c07d000 JavaThread "Reference Handler" daemon [_thread_blocked, id=10089, stack(0x00007f2afa01f000,0x00007f2afa120000)]

Other Threads:
  0x00007f2b0c078000 VMThread [stack: 0x00007f2afa120000,0x00007f2afa221000] [id=10088]
  0x00007f2b0c0c6000 WatcherThread [stack: 0x00007f2af9235000,0x00007f2af9336000] [id=10096]

VM state:not at safepoint (normal execution)

VM Mutex/Monitor currently owned by a thread: None

Heap:
 PSYoungGen      total 202240K, used 83879K [0x00000000eb780000, 0x00000000fe480000, 0x0000000100000000)
  eden space 201728K, 41% used [0x00000000eb780000,0x00000000f0911c10,0x00000000f7c80000)
  from space 512K, 68% used [0x00000000fe400000,0x00000000fe458000,0x00000000fe480000)
  to   space 4096K, 0% used [0x00000000fdc80000,0x00000000fdc80000,0x00000000fe080000)
 ParOldGen       total 42496K, used 10382K [0x00000000c2600000, 0x00000000c4f80000, 0x00000000eb780000)
  object space 42496K, 24% used [0x00000000c2600000,0x00000000c3023970,0x00000000c4f80000)
 Metaspace       used 16304K, capacity 16516K, committed 16768K, reserved 1064960K
  class space    used 1585K, capacity 1661K, committed 1664K, reserved 1048576K

Card table byte_map: [0x00007f2b11297000,0x00007f2b11485000] byte_map_base: 0x00007f2b10c84000

Marking Bits: (ParMarkBitMap*) 0x00007f2b13b84760
 Begin Bits: [0x00007f2afb130000, 0x00007f2afc098000)
 End Bits:   [0x00007f2afc098000, 0x00007f2afd000000)

Polling page: 0x00007f2b147d1000

CodeCache: size=245760Kb used=5301Kb max_used=5313Kb free=240458Kb
 bounds [0x00007f2afd000000, 0x00007f2afd540000, 0x00007f2b0c000000]
 total_blobs=2254 nmethods=1328 adapters=841
 compilation: enabled

Compilation events (10 events):
Event: 25,215 Thread 0x00007f2b0c0ba000 1326  s    4       jogamp.opengl.GLBufferObjectTracker::notifyBufferDeleted (138 bytes)
Event: 25,217 Thread 0x00007f2b0c0bd000 1327       4       jogamp.opengl.gl4.GL4bcImpl::glDeleteBuffers (120 bytes)
Event: 25,229 Thread 0x00007f2b0c0ba000 nmethod 1326 0x00007f2afd530450 code [0x00007f2afd5305e0, 0x00007f2afd530fd8]
Event: 25,229 Thread 0x00007f2b0c0ba000 1329       4       com.jogamp.common.util.IntObjectHashMap::put (229 bytes)
Event: 25,234 Thread 0x00007f2b0c0bd000 nmethod 1327 0x00007f2afd52d850 code [0x00007f2afd52da00, 0x00007f2afd52e6c8]
Event: 25,234 Thread 0x00007f2b0c0bd000 1328       4       com.jogamp.common.nio.Buffers::rangeCheck (53 bytes)
Event: 25,234 Thread 0x00007f2b0c0bd000 nmethod 1328 0x00007f2afd52d590 code [0x00007f2afd52d6e0, 0x00007f2afd52d778]
Event: 25,237 Thread 0x00007f2b0c0ba000 nmethod 1329 0x00007f2afd5337d0 code [0x00007f2afd533940, 0x00007f2afd533ed8]
Event: 25,240 Thread 0x00007f2b0c0bd000 1330       4       nvGlSamples.bindlessApp.util.Mesh::dispose (25 bytes)
Event: 25,241 Thread 0x00007f2b0c0bd000 nmethod 1330 0x00007f2afd52d1d0 code [0x00007f2afd52d340, 0x00007f2afd52d458]

GC Heap History (10 events):
Event: 20,532 GC heap before
{Heap before GC invocations=22 (full 0):
 PSYoungGen      total 260608K, used 255872K [0x00000000eb780000, 0x00000000ff080000, 0x0000000100000000)
  eden space 255488K, 100% used [0x00000000eb780000,0x00000000fb100000,0x00000000fb100000)
  from space 5120K, 7% used [0x00000000fe680000,0x00000000fe6e0000,0x00000000feb80000)
  to   space 5120K, 0% used [0x00000000feb80000,0x00000000feb80000,0x00000000ff080000)
 ParOldGen       total 42496K, used 10350K [0x00000000c2600000, 0x00000000c4f80000, 0x00000000eb780000)
  object space 42496K, 24% used [0x00000000c2600000,0x00000000c301b970,0x00000000c4f80000)
 Metaspace       used 16299K, capacity 16516K, committed 16768K, reserved 1064960K
  class space    used 1585K, capacity 1661K, committed 1664K, reserved 1048576K
Event: 20,534 GC heap after
Heap after GC invocations=22 (full 0):
 PSYoungGen      total 244224K, used 416K [0x00000000eb780000, 0x00000000fec00000, 0x0000000100000000)
  eden space 243712K, 0% used [0x00000000eb780000,0x00000000eb780000,0x00000000fa580000)
  from space 512K, 81% used [0x00000000feb80000,0x00000000febe8000,0x00000000fec00000)
  to   space 4608K, 0% used [0x00000000fe300000,0x00000000fe300000,0x00000000fe780000)
 ParOldGen       total 42496K, used 10374K [0x00000000c2600000, 0x00000000c4f80000, 0x00000000eb780000)
  object space 42496K, 24% used [0x00000000c2600000,0x00000000c3021970,0x00000000c4f80000)
 Metaspace       used 16299K, capacity 16516K, committed 16768K, reserved 1064960K
  class space    used 1585K, capacity 1661K, committed 1664K, reserved 1048576K
}
Event: 21,705 GC heap before
{Heap before GC invocations=23 (full 0):
 PSYoungGen      total 244224K, used 244128K [0x00000000eb780000, 0x00000000fec00000, 0x0000000100000000)
  eden space 243712K, 100% used [0x00000000eb780000,0x00000000fa580000,0x00000000fa580000)
  from space 512K, 81% used [0x00000000feb80000,0x00000000febe8000,0x00000000fec00000)
  to   space 4608K, 0% used [0x00000000fe300000,0x00000000fe300000,0x00000000fe780000)
 ParOldGen       total 42496K, used 10374K [0x00000000c2600000, 0x00000000c4f80000, 0x00000000eb780000)
  object space 42496K, 24% used [0x00000000c2600000,0x00000000c3021970,0x00000000c4f80000)
 Metaspace       used 16299K, capacity 16516K, committed 16768K, reserved 1064960K
  class space    used 1585K, capacity 1661K, committed 1664K, reserved 1048576K
Event: 21,707 GC heap after
Heap after GC invocations=23 (full 0):
 PSYoungGen      total 237056K, used 384K [0x00000000eb780000, 0x00000000fec00000, 0x0000000100000000)
  eden space 232448K, 0% used [0x00000000eb780000,0x00000000eb780000,0x00000000f9a80000)
  from space 4608K, 8% used [0x00000000fe300000,0x00000000fe360000,0x00000000fe780000)
  to   space 4608K, 0% used [0x00000000fe780000,0x00000000fe780000,0x00000000fec00000)
 ParOldGen       total 42496K, used 10374K [0x00000000c2600000, 0x00000000c4f80000, 0x00000000eb780000)
  object space 42496K, 24% used [0x00000000c2600000,0x00000000c3021970,0x00000000c4f80000)
 Metaspace       used 16299K, capacity 16516K, committed 16768K, reserved 1064960K
  class space    used 1585K, capacity 1661K, committed 1664K, reserved 1048576K
}
Event: 22,779 GC heap before
{Heap before GC invocations=24 (full 0):
 PSYoungGen      total 237056K, used 232832K [0x00000000eb780000, 0x00000000fec00000, 0x0000000100000000)
  eden space 232448K, 100% used [0x00000000eb780000,0x00000000f9a80000,0x00000000f9a80000)
  from space 4608K, 8% used [0x00000000fe300000,0x00000000fe360000,0x00000000fe780000)
  to   space 4608K, 0% used [0x00000000fe780000,0x00000000fe780000,0x00000000fec00000)
 ParOldGen       total 42496K, used 10374K [0x00000000c2600000, 0x00000000c4f80000, 0x00000000eb780000)
  object space 42496K, 24% used [0x00000000c2600000,0x00000000c3021970,0x00000000c4f80000)
 Metaspace       used 16299K, capacity 16516K, committed 16768K, reserved 1064960K
  class space    used 1585K, capacity 1661K, committed 1664K, reserved 1048576K
Event: 22,781 GC heap after
Heap after GC invocations=24 (full 0):
 PSYoungGen      total 222208K, used 352K [0x00000000eb780000, 0x00000000fe800000, 0x0000000100000000)
  eden space 221696K, 0% used [0x00000000eb780000,0x00000000eb780000,0x00000000f9000000)
  from space 512K, 68% used [0x00000000fe780000,0x00000000fe7d8000,0x00000000fe800000)
  to   space 4608K, 0% used [0x00000000fdf00000,0x00000000fdf00000,0x00000000fe380000)
 ParOldGen       total 42496K, used 10374K [0x00000000c2600000, 0x00000000c4f80000, 0x00000000eb780000)
  object space 42496K, 24% used [0x00000000c2600000,0x00000000c3021970,0x00000000c4f80000)
 Metaspace       used 16299K, capacity 16516K, committed 16768K, reserved 1064960K
  class space    used 1585K, capacity 1661K, committed 1664K, reserved 1048576K
}
Event: 23,813 GC heap before
{Heap before GC invocations=25 (full 0):
 PSYoungGen      total 222208K, used 222048K [0x00000000eb780000, 0x00000000fe800000, 0x0000000100000000)
  eden space 221696K, 100% used [0x00000000eb780000,0x00000000f9000000,0x00000000f9000000)
  from space 512K, 68% used [0x00000000fe780000,0x00000000fe7d8000,0x00000000fe800000)
  to   space 4608K, 0% used [0x00000000fdf00000,0x00000000fdf00000,0x00000000fe380000)
 ParOldGen       total 42496K, used 10374K [0x00000000c2600000, 0x00000000c4f80000, 0x00000000eb780000)
  object space 42496K, 24% used [0x00000000c2600000,0x00000000c3021970,0x00000000c4f80000)
 Metaspace       used 16299K, capacity 16516K, committed 16768K, reserved 1064960K
  class space    used 1585K, capacity 1661K, committed 1664K, reserved 1048576K
Event: 23,814 GC heap after
Heap after GC invocations=25 (full 0):
 PSYoungGen      total 216064K, used 352K [0x00000000eb780000, 0x00000000fe800000, 0x0000000100000000)
  eden space 211456K, 0% used [0x00000000eb780000,0x00000000eb780000,0x00000000f8600000)
  from space 4608K, 7% used [0x00000000fdf00000,0x00000000fdf58000,0x00000000fe380000)
  to   space 4096K, 0% used [0x00000000fe400000,0x00000000fe400000,0x00000000fe800000)
 ParOldGen       total 42496K, used 10382K [0x00000000c2600000, 0x00000000c4f80000, 0x00000000eb780000)
  object space 42496K, 24% used [0x00000000c2600000,0x00000000c3023970,0x00000000c4f80000)
 Metaspace       used 16299K, capacity 16516K, committed 16768K, reserved 1064960K
  class space    used 1585K, capacity 1661K, committed 1664K, reserved 1048576K
}
Event: 24,812 GC heap before
{Heap before GC invocations=26 (full 0):
 PSYoungGen      total 216064K, used 211808K [0x00000000eb780000, 0x00000000fe800000, 0x0000000100000000)
  eden space 211456K, 100% used [0x00000000eb780000,0x00000000f8600000,0x00000000f8600000)
  from space 4608K, 7% used [0x00000000fdf00000,0x00000000fdf58000,0x00000000fe380000)
  to   space 4096K, 0% used [0x00000000fe400000,0x00000000fe400000,0x00000000fe800000)
 ParOldGen       total 42496K, used 10382K [0x00000000c2600000, 0x00000000c4f80000, 0x00000000eb780000)
  object space 42496K, 24% used [0x00000000c2600000,0x00000000c3023970,0x00000000c4f80000)
 Metaspace       used 16299K, capacity 16516K, committed 16768K, reserved 1064960K
  class space    used 1585K, capacity 1661K, committed 1664K, reserved 1048576K
Event: 24,814 GC heap after
Heap after GC invocations=26 (full 0):
 PSYoungGen      total 202240K, used 352K [0x00000000eb780000, 0x00000000fe480000, 0x0000000100000000)
  eden space 201728K, 0% used [0x00000000eb780000,0x00000000eb780000,0x00000000f7c80000)
  from space 512K, 68% used [0x00000000fe400000,0x00000000fe458000,0x00000000fe480000)
  to   space 4096K, 0% used [0x00000000fdc80000,0x00000000fdc80000,0x00000000fe080000)
 ParOldGen       total 42496K, used 10382K [0x00000000c2600000, 0x00000000c4f80000, 0x00000000eb780000)
  object space 42496K, 24% used [0x00000000c2600000,0x00000000c3023970,0x00000000c4f80000)
 Metaspace       used 16299K, capacity 16516K, committed 16768K, reserved 1064960K
  class space    used 1585K, capacity 1661K, committed 1664K, reserved 1048576K
}

Deoptimization events (7 events):
Event: 1,000 Thread 0x00007f2b0c00a000 Uncommon trap: reason=unstable_if action=reinterpret pc=0x00007f2afd2b1f2c method=java.lang.reflect.AccessibleObject.setAccessible0(Ljava/lang/reflect/AccessibleObject;Z)V @ 4
Event: 6,211 Thread 0x00007f2a9ac1e000 Uncommon trap: reason=unstable_if action=reinterpret pc=0x00007f2afd499220 method=nvGlSamples.bindlessApp.BindlessApp.draw(Lcom/jogamp/opengl/GL4;)V @ 246
Event: 11,349 Thread 0x00007f2a9ac1e000 Uncommon trap: reason=unstable_if action=reinterpret pc=0x00007f2afd4c988c method=nvGlSamples.bindlessApp.BindlessApp.draw(Lcom/jogamp/opengl/GL4;)V @ 246
Event: 16,462 Thread 0x00007f2a9ac1e000 Uncommon trap: reason=unstable_if action=reinterpret pc=0x00007f2afd4b68e4 method=nvGlSamples.bindlessApp.BindlessApp.draw(Lcom/jogamp/opengl/GL4;)V @ 246
Event: 18,955 Thread 0x00007f2a9ac1e000 Uncommon trap: reason=unstable_if action=reinterpret pc=0x00007f2afd518c70 method=nvGlSamples.util.NvStopWatch.getDiffTime()J @ 16
Event: 25,181 Thread 0x00007f2a9ac1e000 Uncommon trap: reason=unstable_if action=reinterpret pc=0x00007f2afd524cec method=com.jogamp.opengl.util.Animator$MainLoop.run()V @ 103
Event: 25,198 Thread 0x00007f2b0c880800 Uncommon trap: reason=unstable_if action=reinterpret pc=0x00007f2afd3a434c method=com.jogamp.common.util.IntObjectHashMap.put(ILjava/lang/Object;)Ljava/lang/Object; @ 21

Internal exceptions (10 events):
Event: 0,948 Thread 0x00007f2b0c00a000 Exception <a 'java/lang/InterruptedException'> (0x00000000eb83d5c8) thrown at [/RE-WORK/workspace/8-2-build-linux-amd64/jdk8u45/3457/hotspot/src/share/vm/runtime/objectMonitor.cpp, line 1683]
Event: 1,104 Thread 0x00007f2b0c00a000 Exception <a 'java/lang/reflect/InvocationTargetException'> (0x00000000ec094810) thrown at [/RE-WORK/workspace/8-2-build-linux-amd64/jdk8u45/3457/hotspot/src/share/vm/runtime/reflection.cpp, line 1080]
Event: 1,112 Thread 0x00007f2b0c00a000 Exception <a 'java/lang/reflect/InvocationTargetException'> (0x00000000ec0a6c60) thrown at [/RE-WORK/workspace/8-2-build-linux-amd64/jdk8u45/3457/hotspot/src/share/vm/runtime/reflection.cpp, line 1080]
Event: 1,116 Thread 0x00007f2b0c00a000 Exception <a 'java/lang/reflect/InvocationTargetException'> (0x00000000ec0db9e0) thrown at [/RE-WORK/workspace/8-2-build-linux-amd64/jdk8u45/3457/hotspot/src/share/vm/runtime/reflection.cpp, line 1080]
Event: 1,119 Thread 0x00007f2b0c00a000 Exception <a 'java/lang/reflect/InvocationTargetException'> (0x00000000ec0f1600) thrown at [/RE-WORK/workspace/8-2-build-linux-amd64/jdk8u45/3457/hotspot/src/share/vm/runtime/reflection.cpp, line 1080]
Event: 1,121 Thread 0x00007f2b0c880800 Exception <a 'java/lang/reflect/InvocationTargetException'> (0x00000000ebfb0a30) thrown at [/RE-WORK/workspace/8-2-build-linux-amd64/jdk8u45/3457/hotspot/src/share/vm/runtime/reflection.cpp, line 1080]
Event: 1,122 Thread 0x00007f2b0c880800 Exception <a 'java/lang/reflect/InvocationTargetException'> (0x00000000ebfb1030) thrown at [/RE-WORK/workspace/8-2-build-linux-amd64/jdk8u45/3457/hotspot/src/share/vm/runtime/reflection.cpp, line 1080]
Event: 1,122 Thread 0x00007f2b0c880800 Exception <a 'java/lang/reflect/InvocationTargetException'> (0x00000000ebfb13c8) thrown at [/RE-WORK/workspace/8-2-build-linux-amd64/jdk8u45/3457/hotspot/src/share/vm/runtime/reflection.cpp, line 1080]
Event: 1,142 Thread 0x00007f2b0c880800 Exception <a 'java/lang/reflect/InvocationTargetException'> (0x00000000ec191338) thrown at [/RE-WORK/workspace/8-2-build-linux-amd64/jdk8u45/3457/hotspot/src/share/vm/runtime/reflection.cpp, line 1080]
Event: 1,788 Thread 0x00007f2b0c324800 Exception <a 'java/lang/UnsupportedOperationException': > (0x00000000ec244840) thrown at [/RE-WORK/workspace/8-2-build-linux-amd64/jdk8u45/3457/hotspot/src/share/vm/prims/jni.cpp, line 735]

Events (10 events):
Event: 23,814 Executing VM operation: ParallelGCFailedAllocation done
Event: 24,812 Executing VM operation: ParallelGCFailedAllocation
Event: 24,814 Executing VM operation: ParallelGCFailedAllocation done
Event: 25,181 Thread 0x00007f2a9ac1e000 Uncommon trap: trap_request=0xffffff65 fr.pc=0x00007f2afd524cec
Event: 25,181 Thread 0x00007f2a9ac1e000 DEOPT PACKING pc=0x00007f2afd524cec sp=0x00007f2aa146c930
Event: 25,181 Thread 0x00007f2a9ac1e000 DEOPT UNPACKING pc=0x00007f2afd005229 sp=0x00007f2aa146c8e8 mode 2
Event: 25,181 Thread 0x00007f2a9ac1e000 Thread exited: 0x00007f2a9ac1e000
Event: 25,198 Thread 0x00007f2b0c880800 Uncommon trap: trap_request=0xffffff65 fr.pc=0x00007f2afd3a434c
Event: 25,198 Thread 0x00007f2b0c880800 DEOPT PACKING pc=0x00007f2afd3a434c sp=0x00007f2aa85a71b0
Event: 25,198 Thread 0x00007f2b0c880800 DEOPT UNPACKING pc=0x00007f2afd005229 sp=0x00007f2aa85a7160 mode 2


Dynamic libraries:
00400000-00401000 r-xp 00000000 08:03 6429182                            /usr/lib/jvm/java-8-oracle/jre/bin/java
00600000-00601000 rw-p 00000000 08:03 6429182                            /usr/lib/jvm/java-8-oracle/jre/bin/java
01921000-01942000 rw-p 00000000 00:00 0                                  [heap]
40f1c000-40fbb000 rw-p 00000000 00:00 0 
41116000-41118000 r-xs 00000000 08:03 6029392                            /tmp/.glj4DJRB (deleted)
41bc4000-41c63000 rw-p 00000000 00:00 0 
c2600000-c4f80000 rw-p 00000000 00:00 0 
c4f80000-eb780000 ---p 00000000 00:00 0 
eb780000-fe480000 rw-p 00000000 00:00 0 
fe480000-100000000 ---p 00000000 00:00 0 
100000000-1001a0000 rw-p 00000000 00:00 0 
1001a0000-140000000 ---p 00000000 00:00 0 
7f2a90000000-7f2a90389000 rw-p 00000000 00:00 0 
7f2a90389000-7f2a94000000 ---p 00000000 00:00 0 
7f2a98000000-7f2a9be70000 rw-p 00000000 00:00 0 
7f2a9be70000-7f2a9c000000 ---p 00000000 00:00 0 
7f2a9c000000-7f2a9c381000 rw-p 00000000 00:00 0 
7f2a9c381000-7f2aa0000000 ---p 00000000 00:00 0 
7f2aa105a000-7f2aa115a000 rw-s 20a33000 00:06 12979                      /dev/nvidiactl
7f2aa116d000-7f2aa122d000 rw-p 00000000 00:00 0 
7f2aa122d000-7f2aa1370000 ---p 00000000 00:00 0 
7f2aa1370000-7f2aa146e000 rw-p 00000000 00:00 0 
7f2aa146e000-7f2aa31f7000 r-xp 00000000 08:03 6428062                    /usr/lib/x86_64-linux-gnu/libnvidia-eglcore.so.346.59
7f2aa31f7000-7f2aa33f6000 ---p 01d89000 08:03 6428062                    /usr/lib/x86_64-linux-gnu/libnvidia-eglcore.so.346.59
7f2aa33f6000-7f2aa3fe5000 rw-p 01d88000 08:03 6428062                    /usr/lib/x86_64-linux-gnu/libnvidia-eglcore.so.346.59
7f2aa3fe5000-7f2aa4000000 rw-p 00000000 00:00 0 
7f2aa4000000-7f2aa47a7000 rw-p 00000000 00:00 0 
7f2aa47a7000-7f2aa8000000 ---p 00000000 00:00 0 
7f2aa80c8000-7f2aa82c8000 rw-s 22c0a000 00:06 12979                      /dev/nvidiactl
7f2aa82c8000-7f2aa83c8000 rw-s 30121000 00:06 12979                      /dev/nvidiactl
7f2aa83c8000-7f2aa83e8000 rw-s d8360000 00:06 12980                      /dev/nvidia0
7f2aa83e8000-7f2aa8428000 rw-s 28c41000 00:06 12979                      /dev/nvidiactl
7f2aa8428000-7f2aa8448000 rw-s 4a968000 00:06 12979                      /dev/nvidiactl
7f2aa8448000-7f2aa8488000 rw-s 1a208000 00:06 12979                      /dev/nvidiactl
7f2aa84a8000-7f2aa84ab000 ---p 00000000 00:00 0 
7f2aa84ab000-7f2aa87a9000 rw-p 00000000 00:00 0                          [stack:10111]
7f2aa87a9000-7f2aa87b2000 r-xp 00000000 08:03 6430970                    /usr/lib/x86_64-linux-gnu/libXrandr.so.2.2.0
7f2aa87b2000-7f2aa89b1000 ---p 00009000 08:03 6430970                    /usr/lib/x86_64-linux-gnu/libXrandr.so.2.2.0
7f2aa89b1000-7f2aa89b2000 r--p 00008000 08:03 6430970                    /usr/lib/x86_64-linux-gnu/libXrandr.so.2.2.0
7f2aa89b2000-7f2aa89b3000 rw-p 00009000 08:03 6430970                    /usr/lib/x86_64-linux-gnu/libXrandr.so.2.2.0
7f2aa89bc000-7f2aa89cf000 rw-s 32121000 00:06 12979                      /dev/nvidiactl
7f2aa89cf000-7f2aa89de000 r-xp 00000000 08:03 6029391                    /tmp/jogamp_0000/file_cache/jln9148719820135787008/jln4699630811771611596/libnewt.so
7f2aa89de000-7f2aa8bdd000 ---p 0000f000 08:03 6029391                    /tmp/jogamp_0000/file_cache/jln9148719820135787008/jln4699630811771611596/libnewt.so
7f2aa8bdd000-7f2aa8bde000 rw-p 0000e000 08:03 6029391                    /tmp/jogamp_0000/file_cache/jln9148719820135787008/jln4699630811771611596/libnewt.so
7f2aa8bde000-7f2aa8c5e000 rw-s 314bd000 00:06 12979                      /dev/nvidiactl
7f2aa8c5e000-7f2aa8cde000 rw-s 20973000 00:06 12979                      /dev/nvidiactl
7f2aa8cde000-7f2aa8d5e000 rw-s 308d1000 00:06 12979                      /dev/nvidiactl
7f2aa8d5e000-7f2aa8e5e000 rw-s 1c358000 00:06 12979                      /dev/nvidiactl
7f2aa8e5e000-7f2aa8e7e000 rw-s d8320000 00:06 12980                      /dev/nvidia0
7f2aa8e7e000-7f2aa8ebe000 rw-s a4021000 00:06 12979                      /dev/nvidiactl
7f2aa8ebe000-7f2aa8ede000 rw-s 1a06b000 00:06 12979                      /dev/nvidiactl
7f2aa8ede000-7f2aa8fa2000 rw-s 125f4c000 00:06 12979                     /dev/nvidiactl
7f2aa8fa2000-7f2aa8fa4000 r-xp 00000000 08:03 6430960                    /usr/lib/x86_64-linux-gnu/libXinerama.so.1.0.0
7f2aa8fa4000-7f2aa91a3000 ---p 00002000 08:03 6430960                    /usr/lib/x86_64-linux-gnu/libXinerama.so.1.0.0
7f2aa91a3000-7f2aa91a4000 r--p 00001000 08:03 6430960                    /usr/lib/x86_64-linux-gnu/libXinerama.so.1.0.0
7f2aa91a4000-7f2aa91a5000 rw-p 00002000 08:03 6430960                    /usr/lib/x86_64-linux-gnu/libXinerama.so.1.0.0
7f2aa91a5000-7f2aa9225000 rw-s 99233000 00:06 12979                      /dev/nvidiactl
7f2aa9225000-7f2aa92a5000 rw-s 991d3000 00:06 12979                      /dev/nvidiactl
7f2aa92a5000-7f2aa9325000 rw-s 300be000 00:06 12979                      /dev/nvidiactl
7f2aa9325000-7f2aaad1f000 r-xp 00000000 08:03 6428471                    /usr/lib/x86_64-linux-gnu/libnvidia-glcore.so.346.59
7f2aaad1f000-7f2aaad3f000 rwxp 019fa000 08:03 6428471                    /usr/lib/x86_64-linux-gnu/libnvidia-glcore.so.346.59
7f2aaad3f000-7f2aab1d6000 r-xp 01a1a000 08:03 6428471                    /usr/lib/x86_64-linux-gnu/libnvidia-glcore.so.346.59
7f2aab1d6000-7f2aab3d5000 ---p 01eb1000 08:03 6428471                    /usr/lib/x86_64-linux-gnu/libnvidia-glcore.so.346.59
7f2aab3d5000-7f2aabfe2000 rw-p 01eb0000 08:03 6428471                    /usr/lib/x86_64-linux-gnu/libnvidia-glcore.so.346.59
7f2aabfe2000-7f2aac000000 rw-p 00000000 00:00 0 
7f2aac000000-7f2aac021000 rw-p 00000000 00:00 0 
7f2aac021000-7f2ab0000000 ---p 00000000 00:00 0 
7f2ab0000000-7f2ab0021000 rw-p 00000000 00:00 0 
7f2ab0021000-7f2ab4000000 ---p 00000000 00:00 0 
7f2ab4000000-7f2ab4026000 rw-p 00000000 00:00 0 
7f2ab4026000-7f2ab8000000 ---p 00000000 00:00 0 
7f2ab8009000-7f2ab800c000 rw-p 00000000 00:00 0 
7f2ab800c000-7f2ab800d000 rw-s 20be9000 00:06 12979                      /dev/nvidiactl
7f2ab800d000-7f2ab800e000 rw-s dfd62000 00:06 12980                      /dev/nvidia0
7f2ab800e000-7f2ab800f000 rw-s dfd61000 00:06 12980                      /dev/nvidia0
7f2ab800f000-7f2ab8010000 rw-s fa642000 00:06 12980                      /dev/nvidia0
7f2ab8010000-7f2ab8011000 rw-s 21a41000 00:06 12979                      /dev/nvidiactl
7f2ab8011000-7f2ab8012000 rw-s fa641000 00:06 12980                      /dev/nvidia0
7f2ab8012000-7f2ab8052000 rw-s 20bda000 00:06 12979                      /dev/nvidiactl
7f2ab8052000-7f2ab8072000 rw-s aeb7f000 00:06 12979                      /dev/nvidiactl
7f2ab8072000-7f2ab8172000 rw-s 1a191000 00:06 12979                      /dev/nvidiactl
7f2ab8172000-7f2ab8192000 rw-s d82e0000 00:06 12980                      /dev/nvidia0
7f2ab8192000-7f2ab81d2000 rw-s 115c31000 00:06 12979                     /dev/nvidiactl
7f2ab81d2000-7f2ab81f2000 rw-s 11d9c9000 00:06 12979                     /dev/nvidiactl
7f2ab81f2000-7f2ab81fc000 r-xp 00000000 08:03 6428419                    /usr/lib/x86_64-linux-gnu/libGLESv1_CM.so.346.59
7f2ab81fc000-7f2ab83fc000 ---p 0000a000 08:03 6428419                    /usr/lib/x86_64-linux-gnu/libGLESv1_CM.so.346.59
7f2ab83fc000-7f2ab83ff000 rw-p 0000a000 08:03 6428419                    /usr/lib/x86_64-linux-gnu/libGLESv1_CM.so.346.59
7f2ab83ff000-7f2ab84c3000 rw-s 125f4c000 00:06 12979                     /dev/nvidiactl
7f2ab84c3000-7f2ab84c6000 ---p 00000000 00:00 0 
7f2ab84c6000-7f2ab85c4000 rw-p 00000000 00:00 0                          [stack:10110]
7f2ab85c4000-7f2ab861d000 r-xp 00000000 08:03 6029388                    /tmp/jogamp_0000/file_cache/jln9148719820135787008/jln4699630811771611596/libjogl_mobile.so
7f2ab861d000-7f2ab881d000 ---p 00059000 08:03 6029388                    /tmp/jogamp_0000/file_cache/jln9148719820135787008/jln4699630811771611596/libjogl_mobile.so
7f2ab881d000-7f2ab881e000 rw-p 00059000 08:03 6029388                    /tmp/jogamp_0000/file_cache/jln9148719820135787008/jln4699630811771611596/libjogl_mobile.so
7f2ab881e000-7f2ab888d000 r-xp 00000000 08:03 6428411                    /usr/lib/x86_64-linux-gnu/libnvidia-glsi.so.346.59
7f2ab888d000-7f2ab8a8d000 ---p 0006f000 08:03 6428411                    /usr/lib/x86_64-linux-gnu/libnvidia-glsi.so.346.59
7f2ab8a8d000-7f2ab8a96000 rw-p 0006f000 08:03 6428411                    /usr/lib/x86_64-linux-gnu/libnvidia-glsi.so.346.59
7f2ab8a96000-7f2ab8aa8000 rw-p 00000000 00:00 0 
7f2ab8aa8000-7f2ab8b69000 r-xp 00000000 08:03 6428420                    /usr/lib/x86_64-linux-gnu/libEGL.so.346.59
7f2ab8b69000-7f2ab8d68000 ---p 000c1000 08:03 6428420                    /usr/lib/x86_64-linux-gnu/libEGL.so.346.59
7f2ab8d68000-7f2ab8d91000 rw-p 000c0000 08:03 6428420                    /usr/lib/x86_64-linux-gnu/libEGL.so.346.59
7f2ab8d91000-7f2ab8da9000 rw-p 00000000 00:00 0 
7f2ab8da9000-7f2ab8db8000 r-xp 00000000 08:03 6428413                    /usr/lib/x86_64-linux-gnu/libGLESv2.so.346.59
7f2ab8db8000-7f2ab8fb8000 ---p 0000f000 08:03 6428413                    /usr/lib/x86_64-linux-gnu/libGLESv2.so.346.59
7f2ab8fb8000-7f2ab8fbb000 rw-p 0000f000 08:03 6428413                    /usr/lib/x86_64-linux-gnu/libGLESv2.so.346.59
7f2ab8fbb000-7f2ab8fbc000 rw-p 00000000 00:00 0 
7f2ab8fbc000-7f2ab8fbf000 ---p 00000000 00:00 0 
7f2ab8fbf000-7f2ab90bd000 rw-p 00000000 00:00 0                          [stack:10109]
7f2ab90bd000-7f2ab9170000 r-xp 00000000 08:03 6029387                    /tmp/jogamp_0000/file_cache/jln9148719820135787008/jln4699630811771611596/libjogl_desktop.so
7f2ab9170000-7f2ab9370000 ---p 000b3000 08:03 6029387                    /tmp/jogamp_0000/file_cache/jln9148719820135787008/jln4699630811771611596/libjogl_desktop.so
7f2ab9370000-7f2ab9371000 rw-p 000b3000 08:03 6029387                    /tmp/jogamp_0000/file_cache/jln9148719820135787008/jln4699630811771611596/libjogl_desktop.so
7f2ab9371000-7f2ab9374000 r-xp 00000000 08:03 6553843                    /usr/lib/x86_64-linux-gnu/tls/libnvidia-tls.so.346.59
7f2ab9374000-7f2ab9573000 ---p 00003000 08:03 6553843                    /usr/lib/x86_64-linux-gnu/tls/libnvidia-tls.so.346.59
7f2ab9573000-7f2ab9574000 rw-p 00002000 08:03 6553843                    /usr/lib/x86_64-linux-gnu/tls/libnvidia-tls.so.346.59
7f2ab9574000-7f2ab9640000 r-xp 00000000 08:03 6428568                    /usr/lib/x86_64-linux-gnu/libGL.so.346.59
7f2ab9640000-7f2ab9672000 rwxp 000cc000 08:03 6428568                    /usr/lib/x86_64-linux-gnu/libGL.so.346.59
7f2ab9672000-7f2ab968f000 r-xp 000fe000 08:03 6428568                    /usr/lib/x86_64-linux-gnu/libGL.so.346.59
7f2ab968f000-7f2ab988f000 ---p 0011b000 08:03 6428568                    /usr/lib/x86_64-linux-gnu/libGL.so.346.59
7f2ab988f000-7f2ab98b6000 rw-p 0011b000 08:03 6428568                    /usr/lib/x86_64-linux-gnu/libGL.so.346.59
7f2ab98b6000-7f2ab9acc000 rw-p 00000000 00:00 0 
7f2ab9acc000-7f2ab9ccc000 rw-p 00000000 00:00 0 
7f2ab9ccc000-7f2ab9cd3000 r-xp 00000000 08:03 6029390                    /tmp/jogamp_0000/file_cache/jln9148719820135787008/jln4699630811771611596/libnativewindow_x11.so
7f2ab9cd3000-7f2ab9ed2000 ---p 00007000 08:03 6029390                    /tmp/jogamp_0000/file_cache/jln9148719820135787008/jln4699630811771611596/libnativewindow_x11.so
7f2ab9ed2000-7f2ab9ed3000 rw-p 00006000 08:03 6029390                    /tmp/jogamp_0000/file_cache/jln9148719820135787008/jln4699630811771611596/libnativewindow_x11.so
7f2ab9ed3000-7f2ab9ed6000 ---p 00000000 00:00 0 
7f2ab9ed6000-7f2ab9fd4000 rw-p 00000000 00:00 0                          [stack:10108]
7f2ab9fd4000-7f2ab9fd7000 ---p 00000000 00:00 0 
7f2ab9fd7000-7f2aba0d5000 rw-p 00000000 00:00 0                          [stack:10107]
7f2aba0d5000-7f2aba0d9000 r-xp 00000000 08:03 6430988                    /usr/lib/x86_64-linux-gnu/libXxf86vm.so.1.0.0
7f2aba0d9000-7f2aba2d9000 ---p 00004000 08:03 6430988                    /usr/lib/x86_64-linux-gnu/libXxf86vm.so.1.0.0
7f2aba2d9000-7f2aba2da000 r--p 00004000 08:03 6430988                    /usr/lib/x86_64-linux-gnu/libXxf86vm.so.1.0.0
7f2aba2da000-7f2aba2db000 rw-p 00005000 08:03 6430988                    /usr/lib/x86_64-linux-gnu/libXxf86vm.so.1.0.0
7f2aba2db000-7f2aba2dd000 r-xp 00000000 08:03 6029389                    /tmp/jogamp_0000/file_cache/jln9148719820135787008/jln4699630811771611596/libnativewindow_awt.so
7f2aba2dd000-7f2aba4dc000 ---p 00002000 08:03 6029389                    /tmp/jogamp_0000/file_cache/jln9148719820135787008/jln4699630811771611596/libnativewindow_awt.so
7f2aba4dc000-7f2aba4dd000 rw-p 00001000 08:03 6029389                    /tmp/jogamp_0000/file_cache/jln9148719820135787008/jln4699630811771611596/libnativewindow_awt.so
7f2aba4dd000-7f2aba4de000 r-xp 00000000 08:03 6429460                    /usr/lib/jvm/java-8-oracle/jre/lib/amd64/libjawt.so
7f2aba4de000-7f2aba6dd000 ---p 00001000 08:03 6429460                    /usr/lib/jvm/java-8-oracle/jre/lib/amd64/libjawt.so
7f2aba6dd000-7f2aba6de000 rw-p 00000000 08:03 6429460                    /usr/lib/jvm/java-8-oracle/jre/lib/amd64/libjawt.so
7f2aba6de000-7f2aba6e1000 ---p 00000000 00:00 0 
7f2aba6e1000-7f2aba7df000 rw-p 00000000 00:00 0                          [stack:10106]
7f2aba7df000-7f2aba7e4000 r-xp 00000000 08:03 6430952                    /usr/lib/x86_64-linux-gnu/libXfixes.so.3.1.0
7f2aba7e4000-7f2aba9e3000 ---p 00005000 08:03 6430952                    /usr/lib/x86_64-linux-gnu/libXfixes.so.3.1.0
7f2aba9e3000-7f2aba9e4000 r--p 00004000 08:03 6430952                    /usr/lib/x86_64-linux-gnu/libXfixes.so.3.1.0
7f2aba9e4000-7f2aba9e5000 rw-p 00005000 08:03 6430952                    /usr/lib/x86_64-linux-gnu/libXfixes.so.3.1.0
7f2aba9e5000-7f2aba9ee000 r-xp 00000000 08:03 6430944                    /usr/lib/x86_64-linux-gnu/libXcursor.so.1.0.2
7f2aba9ee000-7f2ababed000 ---p 00009000 08:03 6430944                    /usr/lib/x86_64-linux-gnu/libXcursor.so.1.0.2
7f2ababed000-7f2ababee000 r--p 00008000 08:03 6430944                    /usr/lib/x86_64-linux-gnu/libXcursor.so.1.0.2
7f2ababee000-7f2ababef000 rw-p 00009000 08:03 6430944                    /usr/lib/x86_64-linux-gnu/libXcursor.so.1.0.2
7f2ababef000-7f2abac05000 r-xp 00000000 08:03 4067551                    /lib/x86_64-linux-gnu/libgcc_s.so.1
7f2abac05000-7f2abae04000 ---p 00016000 08:03 4067551                    /lib/x86_64-linux-gnu/libgcc_s.so.1
7f2abae04000-7f2abae05000 rw-p 00015000 08:03 4067551                    /lib/x86_64-linux-gnu/libgcc_s.so.1
7f2abae05000-7f2abae6a000 r-xp 00000000 08:03 6429520                    /usr/lib/jvm/java-8-oracle/jre/lib/amd64/libfontmanager.so
7f2abae6a000-7f2abb069000 ---p 00065000 08:03 6429520                    /usr/lib/jvm/java-8-oracle/jre/lib/amd64/libfontmanager.so
7f2abb069000-7f2abb06e000 rw-p 00064000 08:03 6429520                    /usr/lib/jvm/java-8-oracle/jre/lib/amd64/libfontmanager.so
7f2abb06e000-7f2abb07e000 rw-p 00000000 00:00 0 
7f2abb07e000-7f2abb083000 r-xp 00000000 08:03 6430948                    /usr/lib/x86_64-linux-gnu/libXdmcp.so.6.0.0
7f2abb083000-7f2abb282000 ---p 00005000 08:03 6430948                    /usr/lib/x86_64-linux-gnu/libXdmcp.so.6.0.0
7f2abb282000-7f2abb283000 r--p 00004000 08:03 6430948                    /usr/lib/x86_64-linux-gnu/libXdmcp.so.6.0.0
7f2abb283000-7f2abb284000 rw-p 00005000 08:03 6430948                    /usr/lib/x86_64-linux-gnu/libXdmcp.so.6.0.0
7f2abb284000-7f2abb286000 r-xp 00000000 08:03 6430937                    /usr/lib/x86_64-linux-gnu/libXau.so.6.0.0
7f2abb286000-7f2abb486000 ---p 00002000 08:03 6430937                    /usr/lib/x86_64-linux-gnu/libXau.so.6.0.0
7f2abb486000-7f2abb487000 r--p 00002000 08:03 6430937                    /usr/lib/x86_64-linux-gnu/libXau.so.6.0.0
7f2abb487000-7f2abb488000 rw-p 00003000 08:03 6430937                    /usr/lib/x86_64-linux-gnu/libXau.so.6.0.0
7f2abb488000-7f2abb4a5000 r-xp 00000000 08:03 6432135                    /usr/lib/x86_64-linux-gnu/libxcb.so.1.1.0
7f2abb4a5000-7f2abb6a5000 ---p 0001d000 08:03 6432135                    /usr/lib/x86_64-linux-gnu/libxcb.so.1.1.0
7f2abb6a5000-7f2abb6a6000 r--p 0001d000 08:03 6432135                    /usr/lib/x86_64-linux-gnu/libxcb.so.1.1.0
7f2abb6a6000-7f2abb6a7000 rw-p 0001e000 08:03 6432135                    /usr/lib/x86_64-linux-gnu/libxcb.so.1.1.0
7f2abb6a7000-7f2abb6b6000 r-xp 00000000 08:03 6430958                    /usr/lib/x86_64-linux-gnu/libXi.so.6.1.0
7f2abb6b6000-7f2abb8b5000 ---p 0000f000 08:03 6430958                    /usr/lib/x86_64-linux-gnu/libXi.so.6.1.0
7f2abb8b5000-7f2abb8b6000 r--p 0000e000 08:03 6430958                    /usr/lib/x86_64-linux-gnu/libXi.so.6.1.0
7f2abb8b6000-7f2abb8b7000 rw-p 0000f000 08:03 6430958                    /usr/lib/x86_64-linux-gnu/libXi.so.6.1.0
7f2abb8b7000-7f2abb8bc000 r-xp 00000000 08:03 6430978                    /usr/lib/x86_64-linux-gnu/libXtst.so.6.1.0
7f2abb8bc000-7f2abbabb000 ---p 00005000 08:03 6430978                    /usr/lib/x86_64-linux-gnu/libXtst.so.6.1.0
7f2abbabb000-7f2abbabc000 r--p 00004000 08:03 6430978                    /usr/lib/x86_64-linux-gnu/libXtst.so.6.1.0
7f2abbabc000-7f2abbabd000 rw-p 00005000 08:03 6430978                    /usr/lib/x86_64-linux-gnu/libXtst.so.6.1.0
7f2abbabd000-7f2abbac6000 r-xp 00000000 08:03 6430972                    /usr/lib/x86_64-linux-gnu/libXrender.so.1.3.0
7f2abbac6000-7f2abbcc5000 ---p 00009000 08:03 6430972                    /usr/lib/x86_64-linux-gnu/libXrender.so.1.3.0
7f2abbcc5000-7f2abbcc6000 r--p 00008000 08:03 6430972                    /usr/lib/x86_64-linux-gnu/libXrender.so.1.3.0
7f2abbcc6000-7f2abbcc7000 rw-p 00009000 08:03 6430972                    /usr/lib/x86_64-linux-gnu/libXrender.so.1.3.0
7f2abbcc7000-7f2abbdfa000 r-xp 00000000 08:03 6430933                    /usr/lib/x86_64-linux-gnu/libX11.so.6.3.0
7f2abbdfa000-7f2abbffa000 ---p 00133000 08:03 6430933                    /usr/lib/x86_64-linux-gnu/libX11.so.6.3.0
7f2abbffa000-7f2abbffb000 r--p 00133000 08:03 6430933                    /usr/lib/x86_64-linux-gnu/libX11.so.6.3.0
7f2abbffb000-7f2abbfff000 rw-p 00134000 08:03 6430933                    /usr/lib/x86_64-linux-gnu/libX11.so.6.3.0
7f2abbfff000-7f2abc000000 rw-p 00000000 00:00 0 
7f2abc000000-7f2abc021000 rw-p 00000000 00:00 0 
7f2abc021000-7f2ac0000000 ---p 00000000 00:00 0 
7f2ac0000000-7f2ac0021000 rw-p 00000000 00:00 0 
7f2ac0021000-7f2ac4000000 ---p 00000000 00:00 0 
7f2ac4000000-7f2ac4021000 rw-p 00000000 00:00 0 
7f2ac4021000-7f2ac8000000 ---p 00000000 00:00 0 
7f2ac8000000-7f2ac8021000 rw-p 00000000 00:00 0 
7f2ac8021000-7f2acc000000 ---p 00000000 00:00 0 
7f2acc000000-7f2acd4c1000 rw-p 00000000 00:00 0 
7f2acd4c1000-7f2ad0000000 ---p 00000000 00:00 0 
7f2ad0000000-7f2ad034f000 rw-p 00000000 00:00 0 
7f2ad034f000-7f2ad4000000 ---p 00000000 00:00 0 
7f2ad4000000-7f2ad4021000 rw-p 00000000 00:00 0 
7f2ad4021000-7f2ad8000000 ---p 00000000 00:00 0 
7f2ad8000000-7f2ad99ea000 rw-p 00000000 00:00 0 
7f2ad99ea000-7f2adc000000 ---p 00000000 00:00 0 
7f2adc000000-7f2adc021000 rw-p 00000000 00:00 0 
7f2adc021000-7f2ae0000000 ---p 00000000 00:00 0 
7f2ae0000000-7f2ae0021000 rw-p 00000000 00:00 0 
7f2ae0021000-7f2ae4000000 ---p 00000000 00:00 0 
7f2ae4000000-7f2ae4021000 rw-p 00000000 00:00 0 
7f2ae4021000-7f2ae8000000 ---p 00000000 00:00 0 
7f2ae8000000-7f2ae8021000 rw-p 00000000 00:00 0 
7f2ae8021000-7f2aec000000 ---p 00000000 00:00 0 
7f2aec000000-7f2aec021000 rw-p 00000000 00:00 0 
7f2aec021000-7f2af0000000 ---p 00000000 00:00 0 
7f2af0000000-7f2af0021000 rw-p 00000000 00:00 0 
7f2af0021000-7f2af4000000 ---p 00000000 00:00 0 
7f2af4000000-7f2af4021000 rw-p 00000000 00:00 0 
7f2af4021000-7f2af8000000 ---p 00000000 00:00 0 
7f2af8000000-7f2af8001000 rw-s 21a40000 00:06 12979                      /dev/nvidiactl
7f2af8001000-7f2af8002000 rw-s a4078000 00:06 12979                      /dev/nvidiactl
7f2af8002000-7f2af8004000 rw-s 00000000 08:03 6029392                    /tmp/.glj4DJRB (deleted)
7f2af8004000-7f2af8017000 rw-s 236e5000 00:06 12979                      /dev/nvidiactl
7f2af8017000-7f2af8057000 rw-s 125f39000 00:06 12979                     /dev/nvidiactl
7f2af8057000-7f2af8077000 rw-s 11fcbc000 00:06 12979                     /dev/nvidiactl
7f2af8077000-7f2af8088000 r-xp 00000000 08:03 6430950                    /usr/lib/x86_64-linux-gnu/libXext.so.6.4.0
7f2af8088000-7f2af8287000 ---p 00011000 08:03 6430950                    /usr/lib/x86_64-linux-gnu/libXext.so.6.4.0
7f2af8287000-7f2af8288000 r--p 00010000 08:03 6430950                    /usr/lib/x86_64-linux-gnu/libXext.so.6.4.0
7f2af8288000-7f2af8289000 rw-p 00011000 08:03 6430950                    /usr/lib/x86_64-linux-gnu/libXext.so.6.4.0
7f2af8289000-7f2af828a000 rw-s 236e4000 00:06 12979                      /dev/nvidiactl
7f2af828a000-7f2af828e000 rw-s 1a02b000 00:06 12979                      /dev/nvidiactl
7f2af828e000-7f2af828f000 rw-s dfd61000 00:06 12980                      /dev/nvidia0
7f2af828f000-7f2af8290000 rw-s dfd61000 00:06 12980                      /dev/nvidia0
7f2af8290000-7f2af8291000 rw-s fa642000 00:06 12980                      /dev/nvidia0
7f2af8291000-7f2af8292000 rw-s 21a41000 00:06 12979                      /dev/nvidiactl
7f2af8292000-7f2af82a5000 rw-s 1a158000 00:06 12979                      /dev/nvidiactl
7f2af82a5000-7f2af82f9000 r-xp 00000000 08:03 6429456                    /usr/lib/jvm/java-8-oracle/jre/lib/amd64/libawt_xawt.so
7f2af82f9000-7f2af84f9000 ---p 00054000 08:03 6429456                    /usr/lib/jvm/java-8-oracle/jre/lib/amd64/libawt_xawt.so
7f2af84f9000-7f2af84fd000 rw-p 00054000 08:03 6429456                    /usr/lib/jvm/java-8-oracle/jre/lib/amd64/libawt_xawt.so
7f2af84fd000-7f2af84fe000 rw-p 00000000 00:00 0 
7f2af84fe000-7f2af85a0000 r-xp 00000000 08:03 6429492                    /usr/lib/jvm/java-8-oracle/jre/lib/amd64/libawt.so
7f2af85a0000-7f2af87a0000 ---p 000a2000 08:03 6429492                    /usr/lib/jvm/java-8-oracle/jre/lib/amd64/libawt.so
7f2af87a0000-7f2af87ac000 rw-p 000a2000 08:03 6429492                    /usr/lib/jvm/java-8-oracle/jre/lib/amd64/libawt.so
7f2af87ac000-7f2af87d0000 rw-p 00000000 00:00 0 
7f2af87d0000-7f2af87d2000 r-xp 00000000 08:03 6029386                    /tmp/jogamp_0000/file_cache/jln9148719820135787008/jln4699630811771611596/libgluegen-rt.so
7f2af87d2000-7f2af89d1000 ---p 00002000 08:03 6029386                    /tmp/jogamp_0000/file_cache/jln9148719820135787008/jln4699630811771611596/libgluegen-rt.so
7f2af89d1000-7f2af89d2000 rw-p 00001000 08:03 6029386                    /tmp/jogamp_0000/file_cache/jln9148719820135787008/jln4699630811771611596/libgluegen-rt.so
7f2af89d2000-7f2af89d5000 ---p 00000000 00:00 0 
7f2af89d5000-7f2af8ad3000 rw-p 00000000 00:00 0                          [stack:10105]
7f2af8ad3000-7f2af8ae4000 r-xp 00000000 08:03 6429459                    /usr/lib/jvm/java-8-oracle/jre/lib/amd64/libnio.so
7f2af8ae4000-7f2af8ce3000 ---p 00011000 08:03 6429459                    /usr/lib/jvm/java-8-oracle/jre/lib/amd64/libnio.so
7f2af8ce3000-7f2af8ce4000 rw-p 00010000 08:03 6429459                    /usr/lib/jvm/java-8-oracle/jre/lib/amd64/libnio.so
7f2af8ce4000-7f2af8fe5000 rw-p 00000000 00:00 0 
7f2af8fe5000-7f2af8ffb000 r-xp 00000000 08:03 6429485                    /usr/lib/jvm/java-8-oracle/jre/lib/amd64/libnet.so
7f2af8ffb000-7f2af91fb000 ---p 00016000 08:03 6429485                    /usr/lib/jvm/java-8-oracle/jre/lib/amd64/libnet.so
7f2af91fb000-7f2af91fc000 rw-p 00016000 08:03 6429485                    /usr/lib/jvm/java-8-oracle/jre/lib/amd64/libnet.so
7f2af91fc000-7f2af91ff000 ---p 00000000 00:00 0 
7f2af91ff000-7f2af9235000 rw-p 00000000 00:00 0                          [stack:10100]
7f2af9235000-7f2af9236000 ---p 00000000 00:00 0 
7f2af9236000-7f2af9336000 rw-p 00000000 00:00 0                          [stack:10096]
7f2af9336000-7f2af9339000 ---p 00000000 00:00 0 
7f2af9339000-7f2af9437000 rw-p 00000000 00:00 0                          [stack:10095]
7f2af9437000-7f2af943a000 ---p 00000000 00:00 0 
7f2af943a000-7f2af9538000 rw-p 00000000 00:00 0                          [stack:10094]
7f2af9538000-7f2af953b000 ---p 00000000 00:00 0 
7f2af953b000-7f2af9639000 rw-p 00000000 00:00 0                          [stack:10093]
7f2af9639000-7f2af963c000 ---p 00000000 00:00 0 
7f2af963c000-7f2af973a000 rw-p 00000000 00:00 0                          [stack:10092]
7f2af973a000-7f2af973d000 ---p 00000000 00:00 0 
7f2af973d000-7f2af983b000 rw-p 00000000 00:00 0                          [stack:10091]
7f2af983b000-7f2af9f1e000 r--p 00000000 08:03 6429964                    /usr/lib/locale/locale-archive
7f2af9f1e000-7f2af9f21000 ---p 00000000 00:00 0 
7f2af9f21000-7f2afa01f000 rw-p 00000000 00:00 0                          [stack:10090]
7f2afa01f000-7f2afa022000 ---p 00000000 00:00 0 
7f2afa022000-7f2afa120000 rw-p 00000000 00:00 0                          [stack:10089]
7f2afa120000-7f2afa121000 ---p 00000000 00:00 0 
7f2afa121000-7f2afd000000 rw-p 00000000 00:00 0                          [stack:10088]
7f2afd000000-7f2afd540000 rwxp 00000000 00:00 0 
7f2afd540000-7f2b0c000000 ---p 00000000 00:00 0 
7f2b0c000000-7f2b0cb87000 rw-p 00000000 00:00 0 
7f2b0cb87000-7f2b10000000 ---p 00000000 00:00 0 
7f2b10000000-7f2b10001000 rw-s fa641000 00:06 12980                      /dev/nvidia0
7f2b10001000-7f2b10002000 rw-s 21a40000 00:06 12979                      /dev/nvidiactl
7f2b10002000-7f2b10003000 rw-s 4a95e000 00:06 12979                      /dev/nvidiactl
7f2b10003000-7f2b10004000 rw-s fa060000 00:06 12980                      /dev/nvidia0
7f2b10004000-7f2b10005000 rw-s 27da3000 00:06 12979                      /dev/nvidiactl
7f2b10005000-7f2b10009000 rw-s a4088000 00:06 12979                      /dev/nvidiactl
7f2b10009000-7f2b1000a000 rw-s dfd61000 00:06 12980                      /dev/nvidia0
7f2b1000a000-7f2b1000b000 rw-s dfd61000 00:06 12980                      /dev/nvidia0
7f2b1000b000-7f2b1000c000 rw-s fa642000 00:06 12980                      /dev/nvidia0
7f2b1000c000-7f2b1000d000 rw-s 21a41000 00:06 12979                      /dev/nvidiactl
7f2b1000d000-7f2b1000e000 rw-s fa641000 00:06 12980                      /dev/nvidia0
7f2b1000e000-7f2b1000f000 rw-s 21a40000 00:06 12979                      /dev/nvidiactl
7f2b1000f000-7f2b10010000 rw-s 11fcbd000 00:06 12979                     /dev/nvidiactl
7f2b10010000-7f2b10011000 r--p 00000000 00:00 0 
7f2b10011000-7f2b10016000 r--s 00094000 08:03 6429436                    /usr/lib/jvm/java-8-oracle/jre/lib/jsse.jar
7f2b10016000-7f2b10039000 r--s 00308000 08:03 6553830                    /home/elect/Downloads/jogamp-all-platforms/jar/jogl-all.jar
7f2b10039000-7f2b1005c000 r--s 00308000 08:03 6947614                    /home/elect/NetBeansProjects/java-unofficial-opengl-SDK/javaUnofficialOpenglSDK/dist/lib/jogl-all.jar
7f2b1005c000-7f2b1010e000 rw-p 00000000 00:00 0 
7f2b1010e000-7f2b102e7000 r--s 03d09000 08:03 6429438                    /usr/lib/jvm/java-8-oracle/jre/lib/rt.jar
7f2b102e7000-7f2b10d4a000 rw-p 00000000 00:00 0 
7f2b10d4a000-7f2b10d4b000 ---p 00000000 00:00 0 
7f2b10d4b000-7f2b10e4b000 rw-p 00000000 00:00 0                          [stack:10087]
7f2b10e4b000-7f2b10e4c000 ---p 00000000 00:00 0 
7f2b10e4c000-7f2b10f4c000 rw-p 00000000 00:00 0                          [stack:10086]
7f2b10f4c000-7f2b10f4d000 ---p 00000000 00:00 0 
7f2b10f4d000-7f2b1104d000 rw-p 00000000 00:00 0                          [stack:10085]
7f2b1104d000-7f2b1104e000 ---p 00000000 00:00 0 
7f2b1104e000-7f2b11163000 rw-p 00000000 00:00 0                          [stack:10084]
7f2b11163000-7f2b11297000 ---p 00000000 00:00 0 
7f2b11297000-7f2b112ac000 rw-p 00000000 00:00 0 
7f2b112ac000-7f2b113df000 ---p 00000000 00:00 0 
7f2b113df000-7f2b11477000 rw-p 00000000 00:00 0 
7f2b11477000-7f2b11484000 ---p 00000000 00:00 0 
7f2b11484000-7f2b1149a000 rw-p 00000000 00:00 0 
7f2b1149a000-7f2b11845000 ---p 00000000 00:00 0 
7f2b11845000-7f2b1185f000 r-xp 00000000 08:03 6429464                    /usr/lib/jvm/java-8-oracle/jre/lib/amd64/libzip.so
7f2b1185f000-7f2b11a5f000 ---p 0001a000 08:03 6429464                    /usr/lib/jvm/java-8-oracle/jre/lib/amd64/libzip.so
7f2b11a5f000-7f2b11a60000 rw-p 0001a000 08:03 6429464                    /usr/lib/jvm/java-8-oracle/jre/lib/amd64/libzip.so
7f2b11a60000-7f2b11a6c000 r-xp 00000000 08:03 4067608                    /lib/x86_64-linux-gnu/libnss_files-2.21.so
7f2b11a6c000-7f2b11c6b000 ---p 0000c000 08:03 4067608                    /lib/x86_64-linux-gnu/libnss_files-2.21.so
7f2b11c6b000-7f2b11c6c000 r--p 0000b000 08:03 4067608                    /lib/x86_64-linux-gnu/libnss_files-2.21.so
7f2b11c6c000-7f2b11c6d000 rw-p 0000c000 08:03 4067608                    /lib/x86_64-linux-gnu/libnss_files-2.21.so
7f2b11c6d000-7f2b11c78000 r-xp 00000000 08:03 4067618                    /lib/x86_64-linux-gnu/libnss_nis-2.21.so
7f2b11c78000-7f2b11e77000 ---p 0000b000 08:03 4067618                    /lib/x86_64-linux-gnu/libnss_nis-2.21.so
7f2b11e77000-7f2b11e78000 r--p 0000a000 08:03 4067618                    /lib/x86_64-linux-gnu/libnss_nis-2.21.so
7f2b11e78000-7f2b11e79000 rw-p 0000b000 08:03 4067618                    /lib/x86_64-linux-gnu/libnss_nis-2.21.so
7f2b11e79000-7f2b11e90000 r-xp 00000000 08:03 4067602                    /lib/x86_64-linux-gnu/libnsl-2.21.so
7f2b11e90000-7f2b1208f000 ---p 00017000 08:03 4067602                    /lib/x86_64-linux-gnu/libnsl-2.21.so
7f2b1208f000-7f2b12090000 r--p 00016000 08:03 4067602                    /lib/x86_64-linux-gnu/libnsl-2.21.so
7f2b12090000-7f2b12091000 rw-p 00017000 08:03 4067602                    /lib/x86_64-linux-gnu/libnsl-2.21.so
7f2b12091000-7f2b12093000 rw-p 00000000 00:00 0 
7f2b12093000-7f2b1209b000 r-xp 00000000 08:03 4067604                    /lib/x86_64-linux-gnu/libnss_compat-2.21.so
7f2b1209b000-7f2b1229a000 ---p 00008000 08:03 4067604                    /lib/x86_64-linux-gnu/libnss_compat-2.21.so
7f2b1229a000-7f2b1229b000 r--p 00007000 08:03 4067604                    /lib/x86_64-linux-gnu/libnss_compat-2.21.so
7f2b1229b000-7f2b1229c000 rw-p 00008000 08:03 4067604                    /lib/x86_64-linux-gnu/libnss_compat-2.21.so
7f2b1229c000-7f2b122c6000 r-xp 00000000 08:03 6429457                    /usr/lib/jvm/java-8-oracle/jre/lib/amd64/libjava.so
7f2b122c6000-7f2b124c6000 ---p 0002a000 08:03 6429457                    /usr/lib/jvm/java-8-oracle/jre/lib/amd64/libjava.so
7f2b124c6000-7f2b124c8000 rw-p 0002a000 08:03 6429457                    /usr/lib/jvm/java-8-oracle/jre/lib/amd64/libjava.so
7f2b124c8000-7f2b124d5000 r-xp 00000000 08:03 6429499                    /usr/lib/jvm/java-8-oracle/jre/lib/amd64/libverify.so
7f2b124d5000-7f2b126d5000 ---p 0000d000 08:03 6429499                    /usr/lib/jvm/java-8-oracle/jre/lib/amd64/libverify.so
7f2b126d5000-7f2b126d7000 rw-p 0000d000 08:03 6429499                    /usr/lib/jvm/java-8-oracle/jre/lib/amd64/libverify.so
7f2b126d7000-7f2b126de000 r-xp 00000000 08:03 4067663                    /lib/x86_64-linux-gnu/librt-2.21.so
7f2b126de000-7f2b128dd000 ---p 00007000 08:03 4067663                    /lib/x86_64-linux-gnu/librt-2.21.so
7f2b128dd000-7f2b128de000 r--p 00006000 08:03 4067663                    /lib/x86_64-linux-gnu/librt-2.21.so
7f2b128de000-7f2b128df000 rw-p 00007000 08:03 4067663                    /lib/x86_64-linux-gnu/librt-2.21.so
7f2b128df000-7f2b129e6000 r-xp 00000000 08:03 4067581                    /lib/x86_64-linux-gnu/libm-2.21.so
7f2b129e6000-7f2b12be5000 ---p 00107000 08:03 4067581                    /lib/x86_64-linux-gnu/libm-2.21.so
7f2b12be5000-7f2b12be6000 r--p 00106000 08:03 4067581                    /lib/x86_64-linux-gnu/libm-2.21.so
7f2b12be6000-7f2b12be7000 rw-p 00107000 08:03 4067581                    /lib/x86_64-linux-gnu/libm-2.21.so
7f2b12be7000-7f2b13895000 r-xp 00000000 08:03 6429505                    /usr/lib/jvm/java-8-oracle/jre/lib/amd64/server/libjvm.so
7f2b13895000-7f2b13a94000 ---p 00cae000 08:03 6429505                    /usr/lib/jvm/java-8-oracle/jre/lib/amd64/server/libjvm.so
7f2b13a94000-7f2b13b6b000 rw-p 00cad000 08:03 6429505                    /usr/lib/jvm/java-8-oracle/jre/lib/amd64/server/libjvm.so
7f2b13b6b000-7f2b13baf000 rw-p 00000000 00:00 0 
7f2b13baf000-7f2b13d6f000 r-xp 00000000 08:03 4067522                    /lib/x86_64-linux-gnu/libc-2.21.so
7f2b13d6f000-7f2b13f6f000 ---p 001c0000 08:03 4067522                    /lib/x86_64-linux-gnu/libc-2.21.so
7f2b13f6f000-7f2b13f73000 r--p 001c0000 08:03 4067522                    /lib/x86_64-linux-gnu/libc-2.21.so
7f2b13f73000-7f2b13f75000 rw-p 001c4000 08:03 4067522                    /lib/x86_64-linux-gnu/libc-2.21.so
7f2b13f75000-7f2b13f79000 rw-p 00000000 00:00 0 
7f2b13f79000-7f2b13f7c000 r-xp 00000000 08:03 4067539                    /lib/x86_64-linux-gnu/libdl-2.21.so
7f2b13f7c000-7f2b1417b000 ---p 00003000 08:03 4067539                    /lib/x86_64-linux-gnu/libdl-2.21.so
7f2b1417b000-7f2b1417c000 r--p 00002000 08:03 4067539                    /lib/x86_64-linux-gnu/libdl-2.21.so
7f2b1417c000-7f2b1417d000 rw-p 00003000 08:03 4067539                    /lib/x86_64-linux-gnu/libdl-2.21.so
7f2b1417d000-7f2b14192000 r-xp 00000000 08:03 6429466                    /usr/lib/jvm/java-8-oracle/jre/lib/amd64/jli/libjli.so
7f2b14192000-7f2b14392000 ---p 00015000 08:03 6429466                    /usr/lib/jvm/java-8-oracle/jre/lib/amd64/jli/libjli.so
7f2b14392000-7f2b14393000 rw-p 00015000 08:03 6429466                    /usr/lib/jvm/java-8-oracle/jre/lib/amd64/jli/libjli.so
7f2b14393000-7f2b143ab000 r-xp 00000000 08:03 4067655                    /lib/x86_64-linux-gnu/libpthread-2.21.so
7f2b143ab000-7f2b145ab000 ---p 00018000 08:03 4067655                    /lib/x86_64-linux-gnu/libpthread-2.21.so
7f2b145ab000-7f2b145ac000 r--p 00018000 08:03 4067655                    /lib/x86_64-linux-gnu/libpthread-2.21.so
7f2b145ac000-7f2b145ad000 rw-p 00019000 08:03 4067655                    /lib/x86_64-linux-gnu/libpthread-2.21.so
7f2b145ad000-7f2b145b1000 rw-p 00000000 00:00 0 
7f2b145b1000-7f2b145d5000 r-xp 00000000 08:03 4067494                    /lib/x86_64-linux-gnu/ld-2.21.so
7f2b145d5000-7f2b145d6000 r--s 0000b000 08:03 7485567                    /home/elect/NetBeansProjects/Jglm/Jglm/dist/Jglm.jar
7f2b145d6000-7f2b145d8000 r--s 00000000 08:03 6553719                    /home/elect/Downloads/jogamp-all-platforms/jar/gluegen-rt-natives-linux-amd64.jar
7f2b145d8000-7f2b146b1000 rw-p 00000000 00:00 0 
7f2b146b1000-7f2b146b4000 ---p 00000000 00:00 0 
7f2b146b4000-7f2b147b6000 rw-p 00000000 00:00 0                          [stack:10082]
7f2b147b6000-7f2b147b7000 r--s 00034000 08:03 6553809                    /home/elect/Downloads/jogamp-all-platforms/jar/jogl-all-natives-linux-amd64.jar
7f2b147b7000-7f2b147bd000 r--s 0004a000 08:03 6553728                    /home/elect/Downloads/jogamp-all-platforms/jar/gluegen-rt.jar
7f2b147bd000-7f2b147be000 r--s 00034000 08:03 6947616                    /home/elect/NetBeansProjects/java-unofficial-opengl-SDK/javaUnofficialOpenglSDK/dist/lib/jogl-all-natives-linux-amd64.jar
7f2b147be000-7f2b147c0000 r--s 00000000 08:03 6947615                    /home/elect/NetBeansProjects/java-unofficial-opengl-SDK/javaUnofficialOpenglSDK/dist/lib/gluegen-rt-natives-linux-amd64.jar
7f2b147c0000-7f2b147c6000 r--s 0004a000 08:03 6947613                    /home/elect/NetBeansProjects/java-unofficial-opengl-SDK/javaUnofficialOpenglSDK/dist/lib/gluegen-rt.jar
7f2b147c6000-7f2b147c7000 r--s 0000b000 08:03 6947612                    /home/elect/NetBeansProjects/java-unofficial-opengl-SDK/javaUnofficialOpenglSDK/dist/lib/Jglm.jar
7f2b147c7000-7f2b147c8000 r--s 00007000 08:03 6957881                    /home/elect/NetBeansProjects/java-unofficial-opengl-SDK/javaUnofficialOpenglSDK/dist/javaUnofficialOpenglSDK.jar
7f2b147c8000-7f2b147d0000 rw-s 00000000 08:03 6029385                    /tmp/hsperfdata_elect/10079
7f2b147d0000-7f2b147d1000 rw-p 00000000 00:00 0 
7f2b147d1000-7f2b147d2000 r--p 00000000 00:00 0 
7f2b147d2000-7f2b147d4000 rw-p 00000000 00:00 0 
7f2b147d4000-7f2b147d5000 r--p 00023000 08:03 4067494                    /lib/x86_64-linux-gnu/ld-2.21.so
7f2b147d5000-7f2b147d6000 rw-p 00024000 08:03 4067494                    /lib/x86_64-linux-gnu/ld-2.21.so
7f2b147d6000-7f2b147d7000 rw-p 00000000 00:00 0 
7ffcd7942000-7ffcd7963000 rw-p 00000000 00:00 0                          [stack]
7ffcd7999000-7ffcd799b000 r--p 00000000 00:00 0                          [vvar]
7ffcd799b000-7ffcd799d000 r-xp 00000000 00:00 0                          [vdso]
ffffffffff600000-ffffffffff601000 r-xp 00000000 00:00 0                  [vsyscall]

VM Arguments:
jvm_args: -Dfile.encoding=UTF-8 
java_command: nvGlSamples.util.Main
java_class_path (initial): /home/elect/NetBeansProjects/java-unofficial-opengl-SDK/javaUnofficialOpenglSDK/dist/javaUnofficialOpenglSDK.jar:/home/elect/Downloads/jogamp-all-platforms/jar/gluegen-rt.jar:/home/elect/Downloads/jogamp-all-platforms/jar/jogl-all.jar:/home/elect/Downloads/jogamp-all-platforms/jar/gluegen-rt-natives-linux-amd64.jar:/home/elect/Downloads/jogamp-all-platforms/jar/jogl-all-natives-linux-amd64.jar:/home/elect/NetBeansProjects/Jglm/Jglm/dist/Jglm.jar:/home/elect/NetBeansProjects/NvGlSamples/NvGlSamples/build/classes
Launcher Type: SUN_STANDARD

Environment Variables:
PATH=/usr/local/sbin:/usr/local/bin:/usr/sbin:/usr/bin:/sbin:/bin:/usr/games:/usr/local/games
LD_LIBRARY_PATH=/usr/lib/jvm/java-8-oracle/jre/lib/amd64:/usr/lib/jvm/java-8-oracle/jre/lib/i386:
SHELL=/bin/bash
DISPLAY=:0

Signal Handlers:
SIGSEGV: [libjvm.so+0xaad1e0], sa_mask[0]=11111111011111111101111111111110, sa_flags=SA_RESTART|SA_SIGINFO
SIGBUS: [libjvm.so+0xaad1e0], sa_mask[0]=11111111011111111101111111111110, sa_flags=SA_RESTART|SA_SIGINFO
SIGFPE: [libjvm.so+0x90b450], sa_mask[0]=11111111011111111101111111111110, sa_flags=SA_RESTART|SA_SIGINFO
SIGPIPE: [libjvm.so+0x90b450], sa_mask[0]=11111111011111111101111111111110, sa_flags=SA_RESTART|SA_SIGINFO
SIGXFSZ: [libjvm.so+0x90b450], sa_mask[0]=11111111011111111101111111111110, sa_flags=SA_RESTART|SA_SIGINFO
SIGILL: [libjvm.so+0x90b450], sa_mask[0]=11111111011111111101111111111110, sa_flags=SA_RESTART|SA_SIGINFO
SIGUSR1: SIG_DFL, sa_mask[0]=00000000000000000000000000000000, sa_flags=none
SIGUSR2: [libjvm.so+0x90ca90], sa_mask[0]=00100000000000000000000000000000, sa_flags=SA_RESTART|SA_SIGINFO
SIGHUP: [libjvm.so+0x90dde0], sa_mask[0]=11111111011111111101111111111110, sa_flags=SA_RESTART|SA_SIGINFO
SIGINT: SIG_IGN, sa_mask[0]=00000000000000000000000000000000, sa_flags=none
SIGTERM: [libjvm.so+0x90dde0], sa_mask[0]=11111111011111111101111111111110, sa_flags=SA_RESTART|SA_SIGINFO
SIGQUIT: [libjvm.so+0x90dde0], sa_mask[0]=11111111011111111101111111111110, sa_flags=SA_RESTART|SA_SIGINFO


---------------  S Y S T E M  ---------------

OS:DISTRIB_ID=Ubuntu
DISTRIB_RELEASE=15.04
DISTRIB_CODENAME=vivid
DISTRIB_DESCRIPTION="Ubuntu 15.04"

uname:Linux 3.19.0-16-generic #16-Ubuntu SMP Thu Apr 30 16:09:58 UTC 2015 x86_64
libc:glibc 2.21 NPTL 2.21 
rlimit: STACK 8192k, CORE 0k, NPROC 15677, NOFILE 65536, AS infinity
load average:0,98 0,78 0,67

/proc/meminfo:
MemTotal:        4035816 kB
MemFree:          192620 kB
MemAvailable:     458908 kB
Buffers:           51928 kB
Cached:           389972 kB
SwapCached:         9992 kB
Active:          2559560 kB
Inactive:        1067036 kB
Active(anon):    2308576 kB
Inactive(anon):   902644 kB
Active(file):     250984 kB
Inactive(file):   164392 kB
Unevictable:          32 kB
Mlocked:              32 kB
SwapTotal:       1048572 kB
SwapFree:         920764 kB
Dirty:              5916 kB
Writeback:             0 kB
AnonPages:       3175412 kB
Mapped:           232276 kB
Shmem:             26524 kB
Slab:              76272 kB
SReclaimable:      39712 kB
SUnreclaim:        36560 kB
KernelStack:        9104 kB
PageTables:        35408 kB
NFS_Unstable:          0 kB
Bounce:                0 kB
WritebackTmp:          0 kB
CommitLimit:     3066480 kB
Committed_AS:    6657572 kB
VmallocTotal:   34359738367 kB
VmallocUsed:      317068 kB
VmallocChunk:   34359417468 kB
HardwareCorrupted:     0 kB
AnonHugePages:   1587200 kB
CmaTotal:              0 kB
CmaFree:               0 kB
HugePages_Total:       0
HugePages_Free:        0
HugePages_Rsvd:        0
HugePages_Surp:        0
Hugepagesize:       2048 kB
DirectMap4k:      265664 kB
DirectMap2M:     3919872 kB


CPU:total 4 (4 cores per cpu, 1 threads per core) family 6 model 30 stepping 5, cmov, cx8, fxsr, mmx, sse, sse2, sse3, ssse3, sse4.1, sse4.2, popcnt, tsc, tscinvbit

/proc/cpuinfo:
processor	: 0
vendor_id	: GenuineIntel
cpu family	: 6
model		: 30
model name	: Intel(R) Core(TM) i5 CPU         750  @ 2.67GHz
stepping	: 5
microcode	: 0x7
cpu MHz		: 2678.829
cache size	: 8192 KB
physical id	: 0
siblings	: 4
core id		: 0
cpu cores	: 4
apicid		: 0
initial apicid	: 0
fpu		: yes
fpu_exception	: yes
cpuid level	: 11
wp		: yes
flags		: fpu vme de pse tsc msr pae mce cx8 apic sep mtrr pge mca cmov pat pse36 clflush dts acpi mmx fxsr sse sse2 ss ht tm pbe syscall nx rdtscp lm constant_tsc arch_perfmon pebs bts rep_good nopl xtopology nonstop_tsc aperfmperf pni dtes64 monitor ds_cpl vmx smx est tm2 ssse3 cx16 xtpr pdcm sse4_1 sse4_2 popcnt lahf_lm dtherm tpr_shadow vnmi flexpriority ept vpid
bugs		:
bogomips	: 5357.65
clflush size	: 64
cache_alignment	: 64
address sizes	: 36 bits physical, 48 bits virtual
power management:

processor	: 1
vendor_id	: GenuineIntel
cpu family	: 6
model		: 30
model name	: Intel(R) Core(TM) i5 CPU         750  @ 2.67GHz
stepping	: 5
microcode	: 0x7
cpu MHz		: 2678.829
cache size	: 8192 KB
physical id	: 0
siblings	: 4
core id		: 1
cpu cores	: 4
apicid		: 2
initial apicid	: 2
fpu		: yes
fpu_exception	: yes
cpuid level	: 11
wp		: yes
flags		: fpu vme de pse tsc msr pae mce cx8 apic sep mtrr pge mca cmov pat pse36 clflush dts acpi mmx fxsr sse sse2 ss ht tm pbe syscall nx rdtscp lm constant_tsc arch_perfmon pebs bts rep_good nopl xtopology nonstop_tsc aperfmperf pni dtes64 monitor ds_cpl vmx smx est tm2 ssse3 cx16 xtpr pdcm sse4_1 sse4_2 popcnt lahf_lm dtherm tpr_shadow vnmi flexpriority ept vpid
bugs		:
bogomips	: 5357.65
clflush size	: 64
cache_alignment	: 64
address sizes	: 36 bits physical, 48 bits virtual
power management:

processor	: 2
vendor_id	: GenuineIntel
cpu family	: 6
model		: 30
model name	: Intel(R) Core(TM) i5 CPU         750  @ 2.67GHz
stepping	: 5
microcode	: 0x7
cpu MHz		: 2678.829
cache size	: 8192 KB
physical id	: 0
siblings	: 4
core id		: 2
cpu cores	: 4
apicid		: 4
initial apicid	: 4
fpu		: yes
fpu_exception	: yes
cpuid level	: 11
wp		: yes
flags		: fpu vme de pse tsc msr pae mce cx8 apic sep mtrr pge mca cmov pat pse36 clflush dts acpi mmx fxsr sse sse2 ss ht tm pbe syscall nx rdtscp lm constant_tsc arch_perfmon pebs bts rep_good nopl xtopology nonstop_tsc aperfmperf pni dtes64 monitor ds_cpl vmx smx est tm2 ssse3 cx16 xtpr pdcm sse4_1 sse4_2 popcnt lahf_lm dtherm tpr_shadow vnmi flexpriority ept vpid
bugs		:
bogomips	: 5357.65
clflush size	: 64
cache_alignment	: 64
address sizes	: 36 bits physical, 48 bits virtual
power management:

processor	: 3
vendor_id	: GenuineIntel
cpu family	: 6
model		: 30
model name	: Intel(R) Core(TM) i5 CPU         750  @ 2.67GHz
stepping	: 5
microcode	: 0x7
cpu MHz		: 2678.829
cache size	: 8192 KB
physical id	: 0
siblings	: 4
core id		: 3
cpu cores	: 4
apicid		: 6
initial apicid	: 6
fpu		: yes
fpu_exception	: yes
cpuid level	: 11
wp		: yes
flags		: fpu vme de pse tsc msr pae mce cx8 apic sep mtrr pge mca cmov pat pse36 clflush dts acpi mmx fxsr sse sse2 ss ht tm pbe syscall nx rdtscp lm constant_tsc arch_perfmon pebs bts rep_good nopl xtopology nonstop_tsc aperfmperf pni dtes64 monitor ds_cpl vmx smx est tm2 ssse3 cx16 xtpr pdcm sse4_1 sse4_2 popcnt lahf_lm dtherm tpr_shadow vnmi flexpriority ept vpid
bugs		:
bogomips	: 5357.65
clflush size	: 64
cache_alignment	: 64
address sizes	: 36 bits physical, 48 bits virtual
power management:



Memory: 4k page, physical 4035816k(192620k free), swap 1048572k(920764k free)

vm_info: Java HotSpot(TM) 64-Bit Server VM (25.45-b02) for linux-amd64 JRE (1.8.0_45-b14), built on Apr 10 2015 10:07:45 by "java_re" with gcc 4.3.0 20080428 (Red Hat 4.3.0-8)

time: Tue May  5 18:42:56 2015
elapsed time: 25 seconds (0d 0h 0m 25s)

