#
# A fatal error has been detected by the Java Runtime Environment:
#
#  SIGSEGV (0xb) at pc=0x00007ff2ea69797a, pid=12256, tid=140681128003328
#
# JRE version: Java(TM) SE Runtime Environment (8.0_45-b14) (build 1.8.0_45-b14)
# Java VM: Java HotSpot(TM) 64-Bit Server VM (25.45-b02 mixed mode linux-amd64 compressed oops)
# Problematic frame:
# C  [libnvidia-glcore.so.346.59+0x137297a]
#
# Failed to write core dump. Core dumps have been disabled. To enable core dumping, try "ulimit -c unlimited" before starting Java again
#
# If you would like to submit a bug report, please visit:
#   http://bugreport.java.com/bugreport/crash.jsp
# The crash happened outside the Java Virtual Machine in native code.
# See problematic frame for where to report the bug.
#

---------------  T H R E A D  ---------------

Current thread (0x00007ff34c7ed000):  JavaThread "main-Display-.x11_:0-1-EDT-1" daemon [_thread_in_native, id=12290, stack(0x00007ff2e0994000,0x00007ff2e0a95000)]

siginfo: si_signo: 11 (SIGSEGV), si_code: 1 (SEGV_MAPERR), si_addr: 0x0000000000000000

Registers:
RAX=0x0000000000000001, RBX=0x00007ff330bee340, RCX=0x0000000000000000, RDX=0x0000000000000001
RSP=0x00007ff2e0a92bb0, RBP=0x00007ff2e0a92c30, RSI=0x00007ff2d8136700, RDI=0x000000004108b000
R8 =0x00007ff3309648c0, R9 =0x0000000000000000, R10=0x00007ff33d013768, R11=0x00007ff352613e30
R12=0x000000004108b000, R13=0x0000000000000001, R14=0x00007ff2ebffa400, R15=0x0000000000000000
RIP=0x00007ff2ea69797a, EFLAGS=0x0000000000010202, CSGSFS=0x0000000000000033, ERR=0x0000000000000004
  TRAPNO=0x000000000000000e

Top of Stack: (sp=0x00007ff2e0a92bb0)
0x00007ff2e0a92bb0:   00007ff330bee340 00007ff330bee340
0x00007ff2e0a92bc0:   00007ff2e0a92c30 0000000000000000
0x00007ff2e0a92bd0:   00007ff330bee340 00007ff2e0a92d08
0x00007ff2e0a92be0:   00007ff34c7ed000 00007ff3301c49e3
0x00007ff2e0a92bf0:   00007ff34c7ed000 00007f004c7ed000
0x00007ff2e0a92c00:   0000000000000000 0000000100000000
0x00007ff2e0a92c10:   00007ff2e0a92d08 00007ff34c7ed1f8
0x00007ff2e0a92c20:   00007ff330708b00 0000000000000000
0x00007ff2e0a92c30:   00007ff2e0a92cb8 00007ff33d013794
0x00007ff2e0a92c40:   00007ff330708b00 00007ff330bc3490
0x00007ff2e0a92c50:   00007ff330bee340 0000000000000000
0x00007ff2e0a92c60:   00007ff2e0a92cb8 00007ff33d013527
0x00007ff2e0a92c70:   00007ff33d0134e2 00007ff2e0a92c78
0x00007ff2e0a92c80:   00007ff330bee340 00007ff2e0a92d08
0x00007ff2e0a92c90:   00007ff330cea028 0000000000000000
0x00007ff2e0a92ca0:   00007ff330bee340 0000000000000000
0x00007ff2e0a92cb0:   00007ff2e0a92cd8 00007ff2e0a92d50
0x00007ff2e0a92cc0:   00007ff33d007c4d 0000000000000000
0x00007ff2e0a92cd0:   00007ff33d00f578 00007ff330708b00
0x00007ff2e0a92ce0:   00007ff2e0a92d88 0000000000000000
0x00007ff2e0a92cf0:   0000000000000000 0000000000000000
0x00007ff2e0a92d00:   0000000000000001 00000000ec1ec018
0x00007ff2e0a92d10:   00007ff2e0a92d10 00007ff330bee43c
0x00007ff2e0a92d20:   00007ff2e0a92d88 00007ff330cea028
0x00007ff2e0a92d30:   0000000000000000 00007ff330bee450
0x00007ff2e0a92d40:   00007ff2e0a92cd8 00007ff2e0a92d70
0x00007ff2e0a92d50:   00007ff2e0a92dd0 00007ff33d007c92
0x00007ff2e0a92d60:   00007ff330708b00 0000000000000000
0x00007ff2e0a92d70:   0000000000000000 0000000000000000
0x00007ff2e0a92d80:   0000000000000001 00000000ec1ec018
0x00007ff2e0a92d90:   00007ff2e0a92d90 00007ff2e0c80c1e
0x00007ff2e0a92da0:   00007ff2e0a92e18 00007ff2e0c81aa8 

Instructions: (pc=0x00007ff2ea69797a)
0x00007ff2ea69795a:   41 8b 46 28 ff c0 41 89 46 28 49 8b b4 24 a0 15
0x00007ff2ea69796a:   05 00 4c 89 f9 44 89 ea 4c 89 e7 e8 d6 27 07 00
0x00007ff2ea69797a:   41 8b 37 85 f6 74 3f 4c 89 fb 31 ed eb 0b ff c5
0x00007ff2ea69798a:   48 83 c3 04 41 39 ed 74 2d 8b 33 4c 89 e7 e8 e3 

Register to memory mapping:

RAX=0x0000000000000001 is an unknown value
RBX={method} {0x00007ff330bee340} 'dispatch_glCreateBuffers1' '(ILjava/lang/Object;IZJ)V' in 'jogamp/opengl/gl4/GL4bcImpl'
RCX=0x0000000000000000 is an unknown value
RDX=0x0000000000000001 is an unknown value
RSP=0x00007ff2e0a92bb0 is pointing into the stack for thread: 0x00007ff34c7ed000
RBP=0x00007ff2e0a92c30 is pointing into the stack for thread: 0x00007ff34c7ed000
RSI=0x00007ff2d8136700 is an unknown value
RDI=0x000000004108b000 is an unknown value
R8 =0x00007ff3309648c0: <offset 0x3428c0> in /usr/lib/x86_64-linux-gnu/libGL.so.1 at 0x00007ff330622000
R9 =0x0000000000000000 is an unknown value
R10=0x00007ff33d013768 is at code_begin+808 in an Interpreter codelet
method entry point (kind = native)  [0x00007ff33d013440, 0x00007ff33d013d40]  2304 bytes
R11=0x00007ff352613e30: <offset 0x9ace30> in /usr/lib/jvm/java-8-oracle/jre/lib/amd64/server/libjvm.so at 0x00007ff351c67000
R12=0x000000004108b000 is an unknown value
R13=0x0000000000000001 is an unknown value
R14=0x00007ff2ebffa400: _nv018glcore+0 in /usr/lib/x86_64-linux-gnu/libnvidia-glcore.so.346.59 at 0x00007ff2e9325000
R15=0x0000000000000000 is an unknown value


Stack: [0x00007ff2e0994000,0x00007ff2e0a95000],  sp=0x00007ff2e0a92bb0,  free space=1018k
Native frames: (J=compiled Java code, j=interpreted, Vv=VM code, C=native code)
C  [libnvidia-glcore.so.346.59+0x137297a]
j  jogamp.opengl.gl4.GL4bcImpl.dispatch_glCreateBuffers1(ILjava/lang/Object;IZJ)V+0
j  jogamp.opengl.gl4.GL4bcImpl.glCreateBuffers(I[II)V+100
j  nvGlSamples.bindlessApp.util.Mesh.update(Lcom/jogamp/opengl/GL4;Ljava/util/ArrayList;Ljava/util/ArrayList;)V+14
j  nvGlSamples.bindlessApp.BindlessApp.createGround(Lcom/jogamp/opengl/GL4;Ljglm/Vec3;Ljglm/Vec3;)LnvGlSamples/bindlessApp/util/Mesh;+300
j  nvGlSamples.bindlessApp.BindlessApp.initRendering(Lcom/jogamp/opengl/GL4;)V+191
j  nvGlSamples.util.NvSampleApp.init(Lcom/jogamp/opengl/GLAutoDrawable;)V+307
j  jogamp.opengl.GLDrawableHelper.init(Lcom/jogamp/opengl/GLEventListener;Lcom/jogamp/opengl/GLAutoDrawable;ZZ)V+2
j  jogamp.opengl.GLDrawableHelper.init(Lcom/jogamp/opengl/GLAutoDrawable;Z)V+73
j  jogamp.opengl.GLAutoDrawableBase$1.run()V+26
j  jogamp.opengl.GLDrawableHelper.invokeGLImpl(Lcom/jogamp/opengl/GLDrawable;Lcom/jogamp/opengl/GLContext;Ljava/lang/Runnable;Ljava/lang/Runnable;)V+197
j  jogamp.opengl.GLDrawableHelper.invokeGL(Lcom/jogamp/opengl/GLDrawable;Lcom/jogamp/opengl/GLContext;Ljava/lang/Runnable;Ljava/lang/Runnable;)V+72
j  com.jogamp.newt.opengl.GLWindow.display()V+90
j  jogamp.opengl.GLAutoDrawableBase.defaultWindowResizedOp(II)V+206
j  com.jogamp.newt.opengl.GLWindow.access$200(Lcom/jogamp/newt/opengl/GLWindow;II)V+3
j  com.jogamp.newt.opengl.GLWindow$2.windowResized(Lcom/jogamp/newt/event/WindowEvent;)V+18
j  jogamp.newt.WindowImpl.consumeWindowEvent(Lcom/jogamp/newt/event/WindowEvent;)V+234
j  jogamp.newt.WindowImpl.sendWindowEvent(I)V+14
j  jogamp.newt.WindowImpl.setVisibleActionImpl(Z)V+541
j  jogamp.newt.WindowImpl$VisibleAction.run()V+8
j  com.jogamp.common.util.RunnableTask.run()V+176
j  jogamp.newt.DefaultEDTUtil$NEDT.run()V+216
v  ~StubRoutines::call_stub
V  [libjvm.so+0x681a26]  JavaCalls::call_helper(JavaValue*, methodHandle*, JavaCallArguments*, Thread*)+0x1056
V  [libjvm.so+0x681f31]  JavaCalls::call_virtual(JavaValue*, KlassHandle, Symbol*, Symbol*, JavaCallArguments*, Thread*)+0x321
V  [libjvm.so+0x6823d7]  JavaCalls::call_virtual(JavaValue*, Handle, KlassHandle, Symbol*, Symbol*, Thread*)+0x47
V  [libjvm.so+0x718280]  thread_entry(JavaThread*, Thread*)+0xa0
V  [libjvm.so+0xa5c86f]  JavaThread::thread_main_inner()+0xdf
V  [libjvm.so+0xa5c99c]  JavaThread::run()+0x11c
V  [libjvm.so+0x910de8]  java_start(Thread*)+0x108
C  [libpthread.so.0+0x76aa]  start_thread+0xca

Java frames: (J=compiled Java code, j=interpreted, Vv=VM code)
j  jogamp.opengl.gl4.GL4bcImpl.dispatch_glCreateBuffers1(ILjava/lang/Object;IZJ)V+0
j  jogamp.opengl.gl4.GL4bcImpl.glCreateBuffers(I[II)V+100
j  nvGlSamples.bindlessApp.util.Mesh.update(Lcom/jogamp/opengl/GL4;Ljava/util/ArrayList;Ljava/util/ArrayList;)V+14
j  nvGlSamples.bindlessApp.BindlessApp.createGround(Lcom/jogamp/opengl/GL4;Ljglm/Vec3;Ljglm/Vec3;)LnvGlSamples/bindlessApp/util/Mesh;+300
j  nvGlSamples.bindlessApp.BindlessApp.initRendering(Lcom/jogamp/opengl/GL4;)V+191
j  nvGlSamples.util.NvSampleApp.init(Lcom/jogamp/opengl/GLAutoDrawable;)V+307
j  jogamp.opengl.GLDrawableHelper.init(Lcom/jogamp/opengl/GLEventListener;Lcom/jogamp/opengl/GLAutoDrawable;ZZ)V+2
j  jogamp.opengl.GLDrawableHelper.init(Lcom/jogamp/opengl/GLAutoDrawable;Z)V+73
j  jogamp.opengl.GLAutoDrawableBase$1.run()V+26
j  jogamp.opengl.GLDrawableHelper.invokeGLImpl(Lcom/jogamp/opengl/GLDrawable;Lcom/jogamp/opengl/GLContext;Ljava/lang/Runnable;Ljava/lang/Runnable;)V+197
j  jogamp.opengl.GLDrawableHelper.invokeGL(Lcom/jogamp/opengl/GLDrawable;Lcom/jogamp/opengl/GLContext;Ljava/lang/Runnable;Ljava/lang/Runnable;)V+72
j  com.jogamp.newt.opengl.GLWindow.display()V+90
j  jogamp.opengl.GLAutoDrawableBase.defaultWindowResizedOp(II)V+206
j  com.jogamp.newt.opengl.GLWindow.access$200(Lcom/jogamp/newt/opengl/GLWindow;II)V+3
j  com.jogamp.newt.opengl.GLWindow$2.windowResized(Lcom/jogamp/newt/event/WindowEvent;)V+18
j  jogamp.newt.WindowImpl.consumeWindowEvent(Lcom/jogamp/newt/event/WindowEvent;)V+234
j  jogamp.newt.WindowImpl.sendWindowEvent(I)V+14
j  jogamp.newt.WindowImpl.setVisibleActionImpl(Z)V+541
j  jogamp.newt.WindowImpl$VisibleAction.run()V+8
j  com.jogamp.common.util.RunnableTask.run()V+176
j  jogamp.newt.DefaultEDTUtil$NEDT.run()V+216
v  ~StubRoutines::call_stub

---------------  P R O C E S S  ---------------

Java Threads: ( => current thread )
=>0x00007ff34c7ed000 JavaThread "main-Display-.x11_:0-1-EDT-1" daemon [_thread_in_native, id=12290, stack(0x00007ff2e0994000,0x00007ff2e0a95000)]
  0x00007ff34c352800 JavaThread "main-SharedResourceRunner" daemon [_thread_blocked, id=12288, stack(0x00007ff2e882c000,0x00007ff2e892d000)]
  0x00007ff34c627000 JavaThread "main-SharedResourceRunner" daemon [_thread_blocked, id=12287, stack(0x00007ff33006a000,0x00007ff33016b000)]
  0x00007ff34c338800 JavaThread "AWT-EventQueue-0" [_thread_blocked, id=12286, stack(0x00007ff330f81000,0x00007ff331082000)]
  0x00007ff34c337000 JavaThread "AWT-Shutdown" [_thread_blocked, id=12285, stack(0x00007ff331082000,0x00007ff331183000)]
  0x00007ff34c31d800 JavaThread "AWT-XAWT" daemon [_thread_in_native, id=12284, stack(0x00007ff33178c000,0x00007ff33188d000)]
  0x00007ff34c2fa000 JavaThread "Java2D Disposer" daemon [_thread_blocked, id=12283, stack(0x00007ff3339ed000,0x00007ff333aee000)]
  0x00007ff34c25f800 JavaThread "process reaper" daemon [_thread_blocked, id=12278, stack(0x00007ff33828a000,0x00007ff3382c3000)]
  0x00007ff34c0cc000 JavaThread "Service Thread" daemon [_thread_blocked, id=12273, stack(0x00007ff33840a000,0x00007ff33850b000)]
  0x00007ff34c0be800 JavaThread "C1 CompilerThread2" daemon [_thread_blocked, id=12272, stack(0x00007ff33850b000,0x00007ff33860c000)]
  0x00007ff34c0bc800 JavaThread "C2 CompilerThread1" daemon [_thread_blocked, id=12271, stack(0x00007ff33860c000,0x00007ff33870d000)]
  0x00007ff34c0ba000 JavaThread "C2 CompilerThread0" daemon [_thread_blocked, id=12270, stack(0x00007ff33870d000,0x00007ff33880e000)]
  0x00007ff34c0b8000 JavaThread "Signal Dispatcher" daemon [_thread_blocked, id=12269, stack(0x00007ff33880e000,0x00007ff33890f000)]
  0x00007ff34c07f000 JavaThread "Finalizer" daemon [_thread_blocked, id=12268, stack(0x00007ff338ff2000,0x00007ff3390f3000)]
  0x00007ff34c07d000 JavaThread "Reference Handler" daemon [_thread_blocked, id=12267, stack(0x00007ff3390f3000,0x00007ff3391f4000)]
  0x00007ff34c00a000 JavaThread "main" [_thread_blocked, id=12257, stack(0x00007ff353731000,0x00007ff353832000)]

Other Threads:
  0x00007ff34c078000 VMThread [stack: 0x00007ff3391f4000,0x00007ff3392f5000] [id=12266]
  0x00007ff34c0ce800 WatcherThread [stack: 0x00007ff338309000,0x00007ff33840a000] [id=12274]

VM state:not at safepoint (normal execution)

VM Mutex/Monitor currently owned by a thread: None

Heap:
 PSYoungGen      total 18432K, used 17214K [0x00000000eb780000, 0x00000000ecc00000, 0x0000000100000000)
  eden space 15872K, 92% used [0x00000000eb780000,0x00000000ec5d3c48,0x00000000ec700000)
  from space 2560K, 99% used [0x00000000ec700000,0x00000000ec97bd48,0x00000000ec980000)
  to   space 2560K, 0% used [0x00000000ec980000,0x00000000ec980000,0x00000000ecc00000)
 ParOldGen       total 42496K, used 1012K [0x00000000c2600000, 0x00000000c4f80000, 0x00000000eb780000)
  object space 42496K, 2% used [0x00000000c2600000,0x00000000c26fd1d0,0x00000000c4f80000)
 Metaspace       used 15644K, capacity 15812K, committed 16000K, reserved 1062912K
  class space    used 1533K, capacity 1597K, committed 1664K, reserved 1048576K

Card table byte_map: [0x00007ff350317000,0x00007ff350505000] byte_map_base: 0x00007ff34fd04000

Marking Bits: (ParMarkBitMap*) 0x00007ff352c04760
 Begin Bits: [0x00007ff33ae2d000, 0x00007ff33bd95000)
 End Bits:   [0x00007ff33bd95000, 0x00007ff33ccfd000)

Polling page: 0x00007ff353851000

CodeCache: size=245760Kb used=3504Kb max_used=3514Kb free=242255Kb
 bounds [0x00007ff33d000000, 0x00007ff33d380000, 0x00007ff34c000000]
 total_blobs=1821 nmethods=904 adapters=832
 compilation: enabled

Compilation events (10 events):
Event: 1,150 Thread 0x00007ff34c0be800  901       3       sun.misc.URLClassPath$JarLoader::findResource (18 bytes)
Event: 1,150 Thread 0x00007ff34c0be800 nmethod 901 0x00007ff33d35fb10 code [0x00007ff33d35fca0, 0x00007ff33d35ff38]
Event: 1,150 Thread 0x00007ff34c0be800  902       3       java.nio.Buffer::hasRemaining (17 bytes)
Event: 1,150 Thread 0x00007ff34c0be800 nmethod 902 0x00007ff33d35f790 code [0x00007ff33d35f900, 0x00007ff33d35fab0]
Event: 1,152 Thread 0x00007ff34c0be800  903       3       java.lang.ClassLoader::preDefineClass (109 bytes)
Event: 1,153 Thread 0x00007ff34c0be800 nmethod 903 0x00007ff33d362790 code [0x00007ff33d362a60, 0x00007ff33d363f68]
Event: 1,153 Thread 0x00007ff34c0be800  904       2       nvGlSamples.bindlessApp.util.PerMeshUniforms::<init> (5 bytes)
Event: 1,153 Thread 0x00007ff34c0be800 nmethod 904 0x00007ff33d35f450 code [0x00007ff33d35f5a0, 0x00007ff33d35f6f0]
Event: 1,153 Thread 0x00007ff34c0bc800  905       4       nvGlSamples.bindlessApp.util.PerMeshUniforms::<init> (5 bytes)
Event: 1,154 Thread 0x00007ff34c0bc800 nmethod 905 0x00007ff33d35f250 code [0x00007ff33d35f3a0, 0x00007ff33d35f3f8]

GC Heap History (2 events):
Event: 0,700 GC heap before
{Heap before GC invocations=1 (full 0):
 PSYoungGen      total 18432K, used 15872K [0x00000000eb780000, 0x00000000ecc00000, 0x0000000100000000)
  eden space 15872K, 100% used [0x00000000eb780000,0x00000000ec700000,0x00000000ec700000)
  from space 2560K, 0% used [0x00000000ec980000,0x00000000ec980000,0x00000000ecc00000)
  to   space 2560K, 0% used [0x00000000ec700000,0x00000000ec700000,0x00000000ec980000)
 ParOldGen       total 42496K, used 0K [0x00000000c2600000, 0x00000000c4f80000, 0x00000000eb780000)
  object space 42496K, 0% used [0x00000000c2600000,0x00000000c2600000,0x00000000c4f80000)
 Metaspace       used 12214K, capacity 12446K, committed 12544K, reserved 1060864K
  class space    used 1154K, capacity 1242K, committed 1280K, reserved 1048576K
Event: 0,705 GC heap after
Heap after GC invocations=1 (full 0):
 PSYoungGen      total 18432K, used 2543K [0x00000000eb780000, 0x00000000ecc00000, 0x0000000100000000)
  eden space 15872K, 0% used [0x00000000eb780000,0x00000000eb780000,0x00000000ec700000)
  from space 2560K, 99% used [0x00000000ec700000,0x00000000ec97bd48,0x00000000ec980000)
  to   space 2560K, 0% used [0x00000000ec980000,0x00000000ec980000,0x00000000ecc00000)
 ParOldGen       total 42496K, used 1012K [0x00000000c2600000, 0x00000000c4f80000, 0x00000000eb780000)
  object space 42496K, 2% used [0x00000000c2600000,0x00000000c26fd1d0,0x00000000c4f80000)
 Metaspace       used 12214K, capacity 12446K, committed 12544K, reserved 1060864K
  class space    used 1154K, capacity 1242K, committed 1280K, reserved 1048576K
}

Deoptimization events (1 events):
Event: 0,960 Thread 0x00007ff34c00a000 Uncommon trap: reason=unstable_if action=reinterpret pc=0x00007ff33d2bed6c method=java.lang.reflect.AccessibleObject.setAccessible0(Ljava/lang/reflect/AccessibleObject;Z)V @ 4

Internal exceptions (10 events):
Event: 0,867 Thread 0x00007ff34c00a000 Exception <a 'java/lang/InterruptedException'> (0x00000000eb88b318) thrown at [/RE-WORK/workspace/8-2-build-linux-amd64/jdk8u45/3457/hotspot/src/share/vm/runtime/objectMonitor.cpp, line 1683]
Event: 0,906 Thread 0x00007ff34c00a000 Exception <a 'java/lang/InterruptedException'> (0x00000000eb891610) thrown at [/RE-WORK/workspace/8-2-build-linux-amd64/jdk8u45/3457/hotspot/src/share/vm/runtime/objectMonitor.cpp, line 1683]
Event: 1,074 Thread 0x00007ff34c00a000 Exception <a 'java/lang/reflect/InvocationTargetException'> (0x00000000ec0eb610) thrown at [/RE-WORK/workspace/8-2-build-linux-amd64/jdk8u45/3457/hotspot/src/share/vm/runtime/reflection.cpp, line 1080]
Event: 1,082 Thread 0x00007ff34c00a000 Exception <a 'java/lang/reflect/InvocationTargetException'> (0x00000000ec0fda60) thrown at [/RE-WORK/workspace/8-2-build-linux-amd64/jdk8u45/3457/hotspot/src/share/vm/runtime/reflection.cpp, line 1080]
Event: 1,086 Thread 0x00007ff34c00a000 Exception <a 'java/lang/reflect/InvocationTargetException'> (0x00000000ec132080) thrown at [/RE-WORK/workspace/8-2-build-linux-amd64/jdk8u45/3457/hotspot/src/share/vm/runtime/reflection.cpp, line 1080]
Event: 1,089 Thread 0x00007ff34c00a000 Exception <a 'java/lang/reflect/InvocationTargetException'> (0x00000000ec147ca0) thrown at [/RE-WORK/workspace/8-2-build-linux-amd64/jdk8u45/3457/hotspot/src/share/vm/runtime/reflection.cpp, line 1080]
Event: 1,091 Thread 0x00007ff34c7ed000 Exception <a 'java/lang/reflect/InvocationTargetException'> (0x00000000ec0014f8) thrown at [/RE-WORK/workspace/8-2-build-linux-amd64/jdk8u45/3457/hotspot/src/share/vm/runtime/reflection.cpp, line 1080]
Event: 1,092 Thread 0x00007ff34c7ed000 Exception <a 'java/lang/reflect/InvocationTargetException'> (0x00000000ec001af8) thrown at [/RE-WORK/workspace/8-2-build-linux-amd64/jdk8u45/3457/hotspot/src/share/vm/runtime/reflection.cpp, line 1080]
Event: 1,092 Thread 0x00007ff34c7ed000 Exception <a 'java/lang/reflect/InvocationTargetException'> (0x00000000ec001e90) thrown at [/RE-WORK/workspace/8-2-build-linux-amd64/jdk8u45/3457/hotspot/src/share/vm/runtime/reflection.cpp, line 1080]
Event: 1,115 Thread 0x00007ff34c7ed000 Exception <a 'java/lang/reflect/InvocationTargetException'> (0x00000000ec1e79d8) thrown at [/RE-WORK/workspace/8-2-build-linux-amd64/jdk8u45/3457/hotspot/src/share/vm/runtime/reflection.cpp, line 1080]

Events (10 events):
Event: 1,151 loading class nvGlSamples/bindlessApp/util/TransformUniforms
Event: 1,151 loading class nvGlSamples/bindlessApp/util/TransformUniforms done
Event: 1,152 loading class nvGlSamples/bindlessApp/util/Mesh
Event: 1,152 loading class nvGlSamples/bindlessApp/util/Mesh done
Event: 1,152 loading class nvGlSamples/bindlessApp/util/PerMeshUniforms
Event: 1,152 loading class nvGlSamples/bindlessApp/util/PerMeshUniforms done
Event: 1,153 loading class nvGlSamples/bindlessApp/util/Vertex
Event: 1,153 loading class nvGlSamples/bindlessApp/util/Vertex done
Event: 1,154 loading class jglm/Jglm
Event: 1,154 loading class jglm/Jglm done


Dynamic libraries:
00400000-00401000 r-xp 00000000 08:03 6429182                            /usr/lib/jvm/java-8-oracle/jre/bin/java
00600000-00601000 rw-p 00000000 08:03 6429182                            /usr/lib/jvm/java-8-oracle/jre/bin/java
00b93000-00bb4000 rw-p 00000000 00:00 0                                  [heap]
403e8000-403ea000 r-xs 00000000 08:03 6029385                            /tmp/.glhgBPUp (deleted)
4108b000-4112a000 rw-p 00000000 00:00 0 
41bb8000-41c57000 rw-p 00000000 00:00 0 
c2600000-c4f80000 rw-p 00000000 00:00 0 
c4f80000-eb780000 ---p 00000000 00:00 0 
eb780000-ecc00000 rw-p 00000000 00:00 0 
ecc00000-100000000 ---p 00000000 00:00 0 
100000000-1001a0000 rw-p 00000000 00:00 0 
1001a0000-140000000 ---p 00000000 00:00 0 
7ff2d8000000-7ff2d8575000 rw-p 00000000 00:00 0 
7ff2d8575000-7ff2dc000000 ---p 00000000 00:00 0 
7ff2dc000000-7ff2dc375000 rw-p 00000000 00:00 0 
7ff2dc375000-7ff2e0000000 ---p 00000000 00:00 0 
7ff2e07b4000-7ff2e08b4000 rw-s 38fc3000 00:06 12979                      /dev/nvidiactl
7ff2e08b4000-7ff2e08d4000 rw-s d82a0000 00:06 12980                      /dev/nvidia0
7ff2e08d4000-7ff2e0914000 rw-s 1d46d000 00:06 12979                      /dev/nvidiactl
7ff2e0914000-7ff2e0934000 rw-s a7379000 00:06 12979                      /dev/nvidiactl
7ff2e0934000-7ff2e0974000 rw-s 362ba000 00:06 12979                      /dev/nvidiactl
7ff2e0974000-7ff2e0994000 rw-s 232a1000 00:06 12979                      /dev/nvidiactl
7ff2e0994000-7ff2e0997000 ---p 00000000 00:00 0 
7ff2e0997000-7ff2e0c95000 rw-p 00000000 00:00 0                          [stack:12290]
7ff2e0c95000-7ff2e0c9e000 r-xp 00000000 08:03 6430970                    /usr/lib/x86_64-linux-gnu/libXrandr.so.2.2.0
7ff2e0c9e000-7ff2e0e9d000 ---p 00009000 08:03 6430970                    /usr/lib/x86_64-linux-gnu/libXrandr.so.2.2.0
7ff2e0e9d000-7ff2e0e9e000 r--p 00008000 08:03 6430970                    /usr/lib/x86_64-linux-gnu/libXrandr.so.2.2.0
7ff2e0e9e000-7ff2e0e9f000 rw-p 00009000 08:03 6430970                    /usr/lib/x86_64-linux-gnu/libXrandr.so.2.2.0
7ff2e0ea8000-7ff2e0ebb000 rw-s 1c2cc000 00:06 12979                      /dev/nvidiactl
7ff2e0ebb000-7ff2e0eca000 r-xp 00000000 08:03 6029371                    /tmp/jogamp_0000/file_cache/jln5967875888464677106/jln2644051221731671362/libnewt.so
7ff2e0eca000-7ff2e10c9000 ---p 0000f000 08:03 6029371                    /tmp/jogamp_0000/file_cache/jln5967875888464677106/jln2644051221731671362/libnewt.so
7ff2e10c9000-7ff2e10ca000 rw-p 0000e000 08:03 6029371                    /tmp/jogamp_0000/file_cache/jln5967875888464677106/jln2644051221731671362/libnewt.so
7ff2e10ca000-7ff2e114a000 rw-s cbcc0000 00:06 12979                      /dev/nvidiactl
7ff2e114a000-7ff2e11ca000 rw-s 3011a000 00:06 12979                      /dev/nvidiactl
7ff2e11ca000-7ff2e124a000 rw-s 5247e000 00:06 12979                      /dev/nvidiactl
7ff2e124a000-7ff2e134a000 rw-s cc61a000 00:06 12979                      /dev/nvidiactl
7ff2e134a000-7ff2e136a000 rw-s d8260000 00:06 12980                      /dev/nvidia0
7ff2e136a000-7ff2e13aa000 rw-s 1aa5c000 00:06 12979                      /dev/nvidiactl
7ff2e13aa000-7ff2e146e000 rw-s 125f4c000 00:06 12979                     /dev/nvidiactl
7ff2e146e000-7ff2e31f7000 r-xp 00000000 08:03 6428062                    /usr/lib/x86_64-linux-gnu/libnvidia-eglcore.so.346.59
7ff2e31f7000-7ff2e33f6000 ---p 01d89000 08:03 6428062                    /usr/lib/x86_64-linux-gnu/libnvidia-eglcore.so.346.59
7ff2e33f6000-7ff2e3fe5000 rw-p 01d88000 08:03 6428062                    /usr/lib/x86_64-linux-gnu/libnvidia-eglcore.so.346.59
7ff2e3fe5000-7ff2e4000000 rw-p 00000000 00:00 0 
7ff2e4000000-7ff2e47a7000 rw-p 00000000 00:00 0 
7ff2e47a7000-7ff2e8000000 ---p 00000000 00:00 0 
7ff2e8009000-7ff2e8029000 rw-s 4ab96000 00:06 12979                      /dev/nvidiactl
7ff2e8029000-7ff2e8069000 rw-s 1b5d6000 00:06 12979                      /dev/nvidiactl
7ff2e8069000-7ff2e8089000 rw-s 1c2c9000 00:06 12979                      /dev/nvidiactl
7ff2e8089000-7ff2e808b000 r-xp 00000000 08:03 6430960                    /usr/lib/x86_64-linux-gnu/libXinerama.so.1.0.0
7ff2e808b000-7ff2e828a000 ---p 00002000 08:03 6430960                    /usr/lib/x86_64-linux-gnu/libXinerama.so.1.0.0
7ff2e828a000-7ff2e828b000 r--p 00001000 08:03 6430960                    /usr/lib/x86_64-linux-gnu/libXinerama.so.1.0.0
7ff2e828b000-7ff2e828c000 rw-p 00002000 08:03 6430960                    /usr/lib/x86_64-linux-gnu/libXinerama.so.1.0.0
7ff2e828c000-7ff2e8291000 rw-p 00000000 00:00 0 
7ff2e8291000-7ff2e8292000 rw-s cbc22000 00:06 12979                      /dev/nvidiactl
7ff2e8292000-7ff2e8293000 rw-s dfd61000 00:06 12980                      /dev/nvidia0
7ff2e8293000-7ff2e8294000 rw-s dfd61000 00:06 12980                      /dev/nvidia0
7ff2e8294000-7ff2e8295000 rw-s fa642000 00:06 12980                      /dev/nvidia0
7ff2e8295000-7ff2e82a8000 rw-s 1a1ef000 00:06 12979                      /dev/nvidiactl
7ff2e82a8000-7ff2e8328000 rw-s 28c47000 00:06 12979                      /dev/nvidiactl
7ff2e8328000-7ff2e83a8000 rw-s 1c346000 00:06 12979                      /dev/nvidiactl
7ff2e83a8000-7ff2e8428000 rw-s 96808000 00:06 12979                      /dev/nvidiactl
7ff2e8428000-7ff2e8528000 rw-s 9f11e000 00:06 12979                      /dev/nvidiactl
7ff2e8528000-7ff2e853b000 rw-s cbd5d000 00:06 12979                      /dev/nvidiactl
7ff2e853b000-7ff2e855b000 rw-s d8220000 00:06 12980                      /dev/nvidia0
7ff2e855b000-7ff2e8565000 r-xp 00000000 08:03 6428419                    /usr/lib/x86_64-linux-gnu/libGLESv1_CM.so.346.59
7ff2e8565000-7ff2e8765000 ---p 0000a000 08:03 6428419                    /usr/lib/x86_64-linux-gnu/libGLESv1_CM.so.346.59
7ff2e8765000-7ff2e8768000 rw-p 0000a000 08:03 6428419                    /usr/lib/x86_64-linux-gnu/libGLESv1_CM.so.346.59
7ff2e8768000-7ff2e882c000 rw-s 125f4c000 00:06 12979                     /dev/nvidiactl
7ff2e882c000-7ff2e882f000 ---p 00000000 00:00 0 
7ff2e882f000-7ff2e892d000 rw-p 00000000 00:00 0                          [stack:12288]
7ff2e892d000-7ff2e8986000 r-xp 00000000 08:03 6029365                    /tmp/jogamp_0000/file_cache/jln5967875888464677106/jln2644051221731671362/libjogl_mobile.so
7ff2e8986000-7ff2e8b86000 ---p 00059000 08:03 6029365                    /tmp/jogamp_0000/file_cache/jln5967875888464677106/jln2644051221731671362/libjogl_mobile.so
7ff2e8b86000-7ff2e8b87000 rw-p 00059000 08:03 6029365                    /tmp/jogamp_0000/file_cache/jln5967875888464677106/jln2644051221731671362/libjogl_mobile.so
7ff2e8b87000-7ff2e8bf6000 r-xp 00000000 08:03 6428411                    /usr/lib/x86_64-linux-gnu/libnvidia-glsi.so.346.59
7ff2e8bf6000-7ff2e8df6000 ---p 0006f000 08:03 6428411                    /usr/lib/x86_64-linux-gnu/libnvidia-glsi.so.346.59
7ff2e8df6000-7ff2e8dff000 rw-p 0006f000 08:03 6428411                    /usr/lib/x86_64-linux-gnu/libnvidia-glsi.so.346.59
7ff2e8dff000-7ff2e8e11000 rw-p 00000000 00:00 0 
7ff2e8e11000-7ff2e8ed2000 r-xp 00000000 08:03 6428420                    /usr/lib/x86_64-linux-gnu/libEGL.so.346.59
7ff2e8ed2000-7ff2e90d1000 ---p 000c1000 08:03 6428420                    /usr/lib/x86_64-linux-gnu/libEGL.so.346.59
7ff2e90d1000-7ff2e90fa000 rw-p 000c0000 08:03 6428420                    /usr/lib/x86_64-linux-gnu/libEGL.so.346.59
7ff2e90fa000-7ff2e9112000 rw-p 00000000 00:00 0 
7ff2e9112000-7ff2e9121000 r-xp 00000000 08:03 6428413                    /usr/lib/x86_64-linux-gnu/libGLESv2.so.346.59
7ff2e9121000-7ff2e9321000 ---p 0000f000 08:03 6428413                    /usr/lib/x86_64-linux-gnu/libGLESv2.so.346.59
7ff2e9321000-7ff2e9324000 rw-p 0000f000 08:03 6428413                    /usr/lib/x86_64-linux-gnu/libGLESv2.so.346.59
7ff2e9324000-7ff2e9325000 rw-p 00000000 00:00 0 
7ff2e9325000-7ff2ead1f000 r-xp 00000000 08:03 6428471                    /usr/lib/x86_64-linux-gnu/libnvidia-glcore.so.346.59
7ff2ead1f000-7ff2ead3f000 rwxp 019fa000 08:03 6428471                    /usr/lib/x86_64-linux-gnu/libnvidia-glcore.so.346.59
7ff2ead3f000-7ff2eb1d6000 r-xp 01a1a000 08:03 6428471                    /usr/lib/x86_64-linux-gnu/libnvidia-glcore.so.346.59
7ff2eb1d6000-7ff2eb3d5000 ---p 01eb1000 08:03 6428471                    /usr/lib/x86_64-linux-gnu/libnvidia-glcore.so.346.59
7ff2eb3d5000-7ff2ebfe2000 rw-p 01eb0000 08:03 6428471                    /usr/lib/x86_64-linux-gnu/libnvidia-glcore.so.346.59
7ff2ebfe2000-7ff2ec000000 rw-p 00000000 00:00 0 
7ff2ec000000-7ff2ec021000 rw-p 00000000 00:00 0 
7ff2ec021000-7ff2f0000000 ---p 00000000 00:00 0 
7ff2f0000000-7ff2f0021000 rw-p 00000000 00:00 0 
7ff2f0021000-7ff2f4000000 ---p 00000000 00:00 0 
7ff2f4000000-7ff2f4021000 rw-p 00000000 00:00 0 
7ff2f4021000-7ff2f8000000 ---p 00000000 00:00 0 
7ff2f8000000-7ff2f8021000 rw-p 00000000 00:00 0 
7ff2f8021000-7ff2fc000000 ---p 00000000 00:00 0 
7ff2fc000000-7ff2fc021000 rw-p 00000000 00:00 0 
7ff2fc021000-7ff300000000 ---p 00000000 00:00 0 
7ff300000000-7ff300021000 rw-p 00000000 00:00 0 
7ff300021000-7ff304000000 ---p 00000000 00:00 0 
7ff304000000-7ff304282000 rw-p 00000000 00:00 0 
7ff304282000-7ff308000000 ---p 00000000 00:00 0 
7ff308000000-7ff308021000 rw-p 00000000 00:00 0 
7ff308021000-7ff30c000000 ---p 00000000 00:00 0 
7ff30c000000-7ff30c268000 rw-p 00000000 00:00 0 
7ff30c268000-7ff310000000 ---p 00000000 00:00 0 
7ff310000000-7ff310180000 rw-p 00000000 00:00 0 
7ff310180000-7ff314000000 ---p 00000000 00:00 0 
7ff314000000-7ff314021000 rw-p 00000000 00:00 0 
7ff314021000-7ff318000000 ---p 00000000 00:00 0 
7ff318000000-7ff318021000 rw-p 00000000 00:00 0 
7ff318021000-7ff31c000000 ---p 00000000 00:00 0 
7ff31c000000-7ff31c021000 rw-p 00000000 00:00 0 
7ff31c021000-7ff320000000 ---p 00000000 00:00 0 
7ff320000000-7ff320021000 rw-p 00000000 00:00 0 
7ff320021000-7ff324000000 ---p 00000000 00:00 0 
7ff324000000-7ff324021000 rw-p 00000000 00:00 0 
7ff324021000-7ff328000000 ---p 00000000 00:00 0 
7ff328000000-7ff328021000 rw-p 00000000 00:00 0 
7ff328021000-7ff32c000000 ---p 00000000 00:00 0 
7ff32c000000-7ff32c021000 rw-p 00000000 00:00 0 
7ff32c021000-7ff330000000 ---p 00000000 00:00 0 
7ff330000000-7ff330001000 rw-s 21a41000 00:06 12979                      /dev/nvidiactl
7ff330001000-7ff330002000 rw-s fa641000 00:06 12980                      /dev/nvidia0
7ff330002000-7ff330003000 rw-s 21a40000 00:06 12979                      /dev/nvidiactl
7ff330003000-7ff330004000 rw-s 99273000 00:06 12979                      /dev/nvidiactl
7ff330004000-7ff330006000 rw-s 00000000 08:03 6029385                    /tmp/.glhgBPUp (deleted)
7ff330006000-7ff33000a000 rw-s 4ab97000 00:06 12979                      /dev/nvidiactl
7ff33000a000-7ff33004a000 rw-s 308dd000 00:06 12979                      /dev/nvidiactl
7ff33004a000-7ff33006a000 rw-s 1c345000 00:06 12979                      /dev/nvidiactl
7ff33006a000-7ff33006d000 ---p 00000000 00:00 0 
7ff33006d000-7ff33016b000 rw-p 00000000 00:00 0                          [stack:12287]
7ff33016b000-7ff33021e000 r-xp 00000000 08:03 6029364                    /tmp/jogamp_0000/file_cache/jln5967875888464677106/jln2644051221731671362/libjogl_desktop.so
7ff33021e000-7ff33041e000 ---p 000b3000 08:03 6029364                    /tmp/jogamp_0000/file_cache/jln5967875888464677106/jln2644051221731671362/libjogl_desktop.so
7ff33041e000-7ff33041f000 rw-p 000b3000 08:03 6029364                    /tmp/jogamp_0000/file_cache/jln5967875888464677106/jln2644051221731671362/libjogl_desktop.so
7ff33041f000-7ff330422000 r-xp 00000000 08:03 6553843                    /usr/lib/x86_64-linux-gnu/tls/libnvidia-tls.so.346.59
7ff330422000-7ff330621000 ---p 00003000 08:03 6553843                    /usr/lib/x86_64-linux-gnu/tls/libnvidia-tls.so.346.59
7ff330621000-7ff330622000 rw-p 00002000 08:03 6553843                    /usr/lib/x86_64-linux-gnu/tls/libnvidia-tls.so.346.59
7ff330622000-7ff3306ee000 r-xp 00000000 08:03 6428568                    /usr/lib/x86_64-linux-gnu/libGL.so.346.59
7ff3306ee000-7ff330720000 rwxp 000cc000 08:03 6428568                    /usr/lib/x86_64-linux-gnu/libGL.so.346.59
7ff330720000-7ff33073d000 r-xp 000fe000 08:03 6428568                    /usr/lib/x86_64-linux-gnu/libGL.so.346.59
7ff33073d000-7ff33093d000 ---p 0011b000 08:03 6428568                    /usr/lib/x86_64-linux-gnu/libGL.so.346.59
7ff33093d000-7ff330964000 rw-p 0011b000 08:03 6428568                    /usr/lib/x86_64-linux-gnu/libGL.so.346.59
7ff330964000-7ff330b7a000 rw-p 00000000 00:00 0 
7ff330b7a000-7ff330d7a000 rw-p 00000000 00:00 0 
7ff330d7a000-7ff330d81000 r-xp 00000000 08:03 6029367                    /tmp/jogamp_0000/file_cache/jln5967875888464677106/jln2644051221731671362/libnativewindow_x11.so
7ff330d81000-7ff330f80000 ---p 00007000 08:03 6029367                    /tmp/jogamp_0000/file_cache/jln5967875888464677106/jln2644051221731671362/libnativewindow_x11.so
7ff330f80000-7ff330f81000 rw-p 00006000 08:03 6029367                    /tmp/jogamp_0000/file_cache/jln5967875888464677106/jln2644051221731671362/libnativewindow_x11.so
7ff330f81000-7ff330f84000 ---p 00000000 00:00 0 
7ff330f84000-7ff331082000 rw-p 00000000 00:00 0                          [stack:12286]
7ff331082000-7ff331085000 ---p 00000000 00:00 0 
7ff331085000-7ff331183000 rw-p 00000000 00:00 0                          [stack:12285]
7ff331183000-7ff331187000 r-xp 00000000 08:03 6430988                    /usr/lib/x86_64-linux-gnu/libXxf86vm.so.1.0.0
7ff331187000-7ff331387000 ---p 00004000 08:03 6430988                    /usr/lib/x86_64-linux-gnu/libXxf86vm.so.1.0.0
7ff331387000-7ff331388000 r--p 00004000 08:03 6430988                    /usr/lib/x86_64-linux-gnu/libXxf86vm.so.1.0.0
7ff331388000-7ff331389000 rw-p 00005000 08:03 6430988                    /usr/lib/x86_64-linux-gnu/libXxf86vm.so.1.0.0
7ff331389000-7ff33138b000 r-xp 00000000 08:03 6029366                    /tmp/jogamp_0000/file_cache/jln5967875888464677106/jln2644051221731671362/libnativewindow_awt.so
7ff33138b000-7ff33158a000 ---p 00002000 08:03 6029366                    /tmp/jogamp_0000/file_cache/jln5967875888464677106/jln2644051221731671362/libnativewindow_awt.so
7ff33158a000-7ff33158b000 rw-p 00001000 08:03 6029366                    /tmp/jogamp_0000/file_cache/jln5967875888464677106/jln2644051221731671362/libnativewindow_awt.so
7ff33158b000-7ff33158c000 r-xp 00000000 08:03 6429460                    /usr/lib/jvm/java-8-oracle/jre/lib/amd64/libjawt.so
7ff33158c000-7ff33178b000 ---p 00001000 08:03 6429460                    /usr/lib/jvm/java-8-oracle/jre/lib/amd64/libjawt.so
7ff33178b000-7ff33178c000 rw-p 00000000 08:03 6429460                    /usr/lib/jvm/java-8-oracle/jre/lib/amd64/libjawt.so
7ff33178c000-7ff33178f000 ---p 00000000 00:00 0 
7ff33178f000-7ff33188d000 rw-p 00000000 00:00 0                          [stack:12284]
7ff33188d000-7ff331892000 r-xp 00000000 08:03 6430952                    /usr/lib/x86_64-linux-gnu/libXfixes.so.3.1.0
7ff331892000-7ff331a91000 ---p 00005000 08:03 6430952                    /usr/lib/x86_64-linux-gnu/libXfixes.so.3.1.0
7ff331a91000-7ff331a92000 r--p 00004000 08:03 6430952                    /usr/lib/x86_64-linux-gnu/libXfixes.so.3.1.0
7ff331a92000-7ff331a93000 rw-p 00005000 08:03 6430952                    /usr/lib/x86_64-linux-gnu/libXfixes.so.3.1.0
7ff331a93000-7ff331a9c000 r-xp 00000000 08:03 6430944                    /usr/lib/x86_64-linux-gnu/libXcursor.so.1.0.2
7ff331a9c000-7ff331c9b000 ---p 00009000 08:03 6430944                    /usr/lib/x86_64-linux-gnu/libXcursor.so.1.0.2
7ff331c9b000-7ff331c9c000 r--p 00008000 08:03 6430944                    /usr/lib/x86_64-linux-gnu/libXcursor.so.1.0.2
7ff331c9c000-7ff331c9d000 rw-p 00009000 08:03 6430944                    /usr/lib/x86_64-linux-gnu/libXcursor.so.1.0.2
7ff331c9d000-7ff331cb3000 r-xp 00000000 08:03 4067551                    /lib/x86_64-linux-gnu/libgcc_s.so.1
7ff331cb3000-7ff331eb2000 ---p 00016000 08:03 4067551                    /lib/x86_64-linux-gnu/libgcc_s.so.1
7ff331eb2000-7ff331eb3000 rw-p 00015000 08:03 4067551                    /lib/x86_64-linux-gnu/libgcc_s.so.1
7ff331eb3000-7ff331f18000 r-xp 00000000 08:03 6429520                    /usr/lib/jvm/java-8-oracle/jre/lib/amd64/libfontmanager.so
7ff331f18000-7ff332117000 ---p 00065000 08:03 6429520                    /usr/lib/jvm/java-8-oracle/jre/lib/amd64/libfontmanager.so
7ff332117000-7ff33211c000 rw-p 00064000 08:03 6429520                    /usr/lib/jvm/java-8-oracle/jre/lib/amd64/libfontmanager.so
7ff33211c000-7ff33212c000 rw-p 00000000 00:00 0 
7ff33212c000-7ff332131000 r-xp 00000000 08:03 6430948                    /usr/lib/x86_64-linux-gnu/libXdmcp.so.6.0.0
7ff332131000-7ff332330000 ---p 00005000 08:03 6430948                    /usr/lib/x86_64-linux-gnu/libXdmcp.so.6.0.0
7ff332330000-7ff332331000 r--p 00004000 08:03 6430948                    /usr/lib/x86_64-linux-gnu/libXdmcp.so.6.0.0
7ff332331000-7ff332332000 rw-p 00005000 08:03 6430948                    /usr/lib/x86_64-linux-gnu/libXdmcp.so.6.0.0
7ff332332000-7ff332334000 r-xp 00000000 08:03 6430937                    /usr/lib/x86_64-linux-gnu/libXau.so.6.0.0
7ff332334000-7ff332534000 ---p 00002000 08:03 6430937                    /usr/lib/x86_64-linux-gnu/libXau.so.6.0.0
7ff332534000-7ff332535000 r--p 00002000 08:03 6430937                    /usr/lib/x86_64-linux-gnu/libXau.so.6.0.0
7ff332535000-7ff332536000 rw-p 00003000 08:03 6430937                    /usr/lib/x86_64-linux-gnu/libXau.so.6.0.0
7ff332536000-7ff332553000 r-xp 00000000 08:03 6432135                    /usr/lib/x86_64-linux-gnu/libxcb.so.1.1.0
7ff332553000-7ff332753000 ---p 0001d000 08:03 6432135                    /usr/lib/x86_64-linux-gnu/libxcb.so.1.1.0
7ff332753000-7ff332754000 r--p 0001d000 08:03 6432135                    /usr/lib/x86_64-linux-gnu/libxcb.so.1.1.0
7ff332754000-7ff332755000 rw-p 0001e000 08:03 6432135                    /usr/lib/x86_64-linux-gnu/libxcb.so.1.1.0
7ff332755000-7ff332764000 r-xp 00000000 08:03 6430958                    /usr/lib/x86_64-linux-gnu/libXi.so.6.1.0
7ff332764000-7ff332963000 ---p 0000f000 08:03 6430958                    /usr/lib/x86_64-linux-gnu/libXi.so.6.1.0
7ff332963000-7ff332964000 r--p 0000e000 08:03 6430958                    /usr/lib/x86_64-linux-gnu/libXi.so.6.1.0
7ff332964000-7ff332965000 rw-p 0000f000 08:03 6430958                    /usr/lib/x86_64-linux-gnu/libXi.so.6.1.0
7ff332965000-7ff33296a000 r-xp 00000000 08:03 6430978                    /usr/lib/x86_64-linux-gnu/libXtst.so.6.1.0
7ff33296a000-7ff332b69000 ---p 00005000 08:03 6430978                    /usr/lib/x86_64-linux-gnu/libXtst.so.6.1.0
7ff332b69000-7ff332b6a000 r--p 00004000 08:03 6430978                    /usr/lib/x86_64-linux-gnu/libXtst.so.6.1.0
7ff332b6a000-7ff332b6b000 rw-p 00005000 08:03 6430978                    /usr/lib/x86_64-linux-gnu/libXtst.so.6.1.0
7ff332b6b000-7ff332b74000 r-xp 00000000 08:03 6430972                    /usr/lib/x86_64-linux-gnu/libXrender.so.1.3.0
7ff332b74000-7ff332d73000 ---p 00009000 08:03 6430972                    /usr/lib/x86_64-linux-gnu/libXrender.so.1.3.0
7ff332d73000-7ff332d74000 r--p 00008000 08:03 6430972                    /usr/lib/x86_64-linux-gnu/libXrender.so.1.3.0
7ff332d74000-7ff332d75000 rw-p 00009000 08:03 6430972                    /usr/lib/x86_64-linux-gnu/libXrender.so.1.3.0
7ff332d75000-7ff332ea8000 r-xp 00000000 08:03 6430933                    /usr/lib/x86_64-linux-gnu/libX11.so.6.3.0
7ff332ea8000-7ff3330a8000 ---p 00133000 08:03 6430933                    /usr/lib/x86_64-linux-gnu/libX11.so.6.3.0
7ff3330a8000-7ff3330a9000 r--p 00133000 08:03 6430933                    /usr/lib/x86_64-linux-gnu/libX11.so.6.3.0
7ff3330a9000-7ff3330ad000 rw-p 00134000 08:03 6430933                    /usr/lib/x86_64-linux-gnu/libX11.so.6.3.0
7ff3330ad000-7ff3330ae000 rw-p 00000000 00:00 0 
7ff3330ae000-7ff3330bf000 r-xp 00000000 08:03 6430950                    /usr/lib/x86_64-linux-gnu/libXext.so.6.4.0
7ff3330bf000-7ff3332be000 ---p 00011000 08:03 6430950                    /usr/lib/x86_64-linux-gnu/libXext.so.6.4.0
7ff3332be000-7ff3332bf000 r--p 00010000 08:03 6430950                    /usr/lib/x86_64-linux-gnu/libXext.so.6.4.0
7ff3332bf000-7ff3332c0000 rw-p 00011000 08:03 6430950                    /usr/lib/x86_64-linux-gnu/libXext.so.6.4.0
7ff3332c0000-7ff333314000 r-xp 00000000 08:03 6429456                    /usr/lib/jvm/java-8-oracle/jre/lib/amd64/libawt_xawt.so
7ff333314000-7ff333514000 ---p 00054000 08:03 6429456                    /usr/lib/jvm/java-8-oracle/jre/lib/amd64/libawt_xawt.so
7ff333514000-7ff333518000 rw-p 00054000 08:03 6429456                    /usr/lib/jvm/java-8-oracle/jre/lib/amd64/libawt_xawt.so
7ff333518000-7ff333519000 rw-p 00000000 00:00 0 
7ff333519000-7ff3335bb000 r-xp 00000000 08:03 6429492                    /usr/lib/jvm/java-8-oracle/jre/lib/amd64/libawt.so
7ff3335bb000-7ff3337bb000 ---p 000a2000 08:03 6429492                    /usr/lib/jvm/java-8-oracle/jre/lib/amd64/libawt.so
7ff3337bb000-7ff3337c7000 rw-p 000a2000 08:03 6429492                    /usr/lib/jvm/java-8-oracle/jre/lib/amd64/libawt.so
7ff3337c7000-7ff3337eb000 rw-p 00000000 00:00 0 
7ff3337eb000-7ff3337ed000 r-xp 00000000 08:03 6029363                    /tmp/jogamp_0000/file_cache/jln5967875888464677106/jln2644051221731671362/libgluegen-rt.so
7ff3337ed000-7ff3339ec000 ---p 00002000 08:03 6029363                    /tmp/jogamp_0000/file_cache/jln5967875888464677106/jln2644051221731671362/libgluegen-rt.so
7ff3339ec000-7ff3339ed000 rw-p 00001000 08:03 6029363                    /tmp/jogamp_0000/file_cache/jln5967875888464677106/jln2644051221731671362/libgluegen-rt.so
7ff3339ed000-7ff3339f0000 ---p 00000000 00:00 0 
7ff3339f0000-7ff333aee000 rw-p 00000000 00:00 0                          [stack:12283]
7ff333aee000-7ff333aff000 r-xp 00000000 08:03 6429459                    /usr/lib/jvm/java-8-oracle/jre/lib/amd64/libnio.so
7ff333aff000-7ff333cfe000 ---p 00011000 08:03 6429459                    /usr/lib/jvm/java-8-oracle/jre/lib/amd64/libnio.so
7ff333cfe000-7ff333cff000 rw-p 00010000 08:03 6429459                    /usr/lib/jvm/java-8-oracle/jre/lib/amd64/libnio.so
7ff333cff000-7ff334000000 rw-p 00000000 00:00 0 
7ff334000000-7ff334021000 rw-p 00000000 00:00 0 
7ff334021000-7ff338000000 ---p 00000000 00:00 0 
7ff338000000-7ff338001000 rw-s 1a1ee000 00:06 12979                      /dev/nvidiactl
7ff338001000-7ff338002000 rw-s dfd61000 00:06 12980                      /dev/nvidia0
7ff338002000-7ff338003000 rw-s dfd60000 00:06 12980                      /dev/nvidia0
7ff338003000-7ff338004000 rw-s fa642000 00:06 12980                      /dev/nvidia0
7ff338004000-7ff338005000 rw-s 21a41000 00:06 12979                      /dev/nvidiactl
7ff338005000-7ff338006000 rw-s fa641000 00:06 12980                      /dev/nvidia0
7ff338006000-7ff338007000 rw-s 21a40000 00:06 12979                      /dev/nvidiactl
7ff338007000-7ff338008000 rw-s 20ac7000 00:06 12979                      /dev/nvidiactl
7ff338008000-7ff338009000 rw-s fa060000 00:06 12980                      /dev/nvidia0
7ff338009000-7ff33800a000 rw-s cbd5c000 00:06 12979                      /dev/nvidiactl
7ff33800a000-7ff33800e000 rw-s 1b6a3000 00:06 12979                      /dev/nvidiactl
7ff33800e000-7ff33800f000 rw-s dfd60000 00:06 12980                      /dev/nvidia0
7ff33800f000-7ff338010000 rw-s dfd60000 00:06 12980                      /dev/nvidia0
7ff338010000-7ff338050000 rw-s 9f037000 00:06 12979                      /dev/nvidiactl
7ff338050000-7ff338070000 rw-s 1b697000 00:06 12979                      /dev/nvidiactl
7ff338070000-7ff338071000 rw-s fa642000 00:06 12980                      /dev/nvidia0
7ff338071000-7ff338072000 rw-s 21a41000 00:06 12979                      /dev/nvidiactl
7ff338072000-7ff338073000 rw-s fa641000 00:06 12980                      /dev/nvidia0
7ff338073000-7ff338089000 r-xp 00000000 08:03 6429485                    /usr/lib/jvm/java-8-oracle/jre/lib/amd64/libnet.so
7ff338089000-7ff338289000 ---p 00016000 08:03 6429485                    /usr/lib/jvm/java-8-oracle/jre/lib/amd64/libnet.so
7ff338289000-7ff33828a000 rw-p 00016000 08:03 6429485                    /usr/lib/jvm/java-8-oracle/jre/lib/amd64/libnet.so
7ff33828a000-7ff33828d000 ---p 00000000 00:00 0 
7ff33828d000-7ff3382c3000 rw-p 00000000 00:00 0                          [stack:12278]
7ff3382c3000-7ff3382e6000 r--s 00308000 08:03 6553830                    /home/elect/Downloads/jogamp-all-platforms/jar/jogl-all.jar
7ff3382e6000-7ff338309000 r--s 00308000 08:03 6947609                    /home/elect/NetBeansProjects/java-unofficial-opengl-SDK/javaUnofficialOpenglSDK/dist/lib/jogl-all.jar
7ff338309000-7ff33830a000 ---p 00000000 00:00 0 
7ff33830a000-7ff33840a000 rw-p 00000000 00:00 0                          [stack:12274]
7ff33840a000-7ff33840d000 ---p 00000000 00:00 0 
7ff33840d000-7ff33850b000 rw-p 00000000 00:00 0                          [stack:12273]
7ff33850b000-7ff33850e000 ---p 00000000 00:00 0 
7ff33850e000-7ff33860c000 rw-p 00000000 00:00 0                          [stack:12272]
7ff33860c000-7ff33860f000 ---p 00000000 00:00 0 
7ff33860f000-7ff33870d000 rw-p 00000000 00:00 0                          [stack:12271]
7ff33870d000-7ff338710000 ---p 00000000 00:00 0 
7ff338710000-7ff33880e000 rw-p 00000000 00:00 0                          [stack:12270]
7ff33880e000-7ff338811000 ---p 00000000 00:00 0 
7ff338811000-7ff33890f000 rw-p 00000000 00:00 0                          [stack:12269]
7ff33890f000-7ff338ff2000 r--p 00000000 08:03 6429964                    /usr/lib/locale/locale-archive
7ff338ff2000-7ff338ff5000 ---p 00000000 00:00 0 
7ff338ff5000-7ff3390f3000 rw-p 00000000 00:00 0                          [stack:12268]
7ff3390f3000-7ff3390f6000 ---p 00000000 00:00 0 
7ff3390f6000-7ff3391f4000 rw-p 00000000 00:00 0                          [stack:12267]
7ff3391f4000-7ff3391f5000 ---p 00000000 00:00 0 
7ff3391f5000-7ff33a267000 rw-p 00000000 00:00 0                          [stack:12266]
7ff33a267000-7ff33a440000 r--s 03d09000 08:03 6429438                    /usr/lib/jvm/java-8-oracle/jre/lib/rt.jar
7ff33a440000-7ff33ccfd000 rw-p 00000000 00:00 0 
7ff33ccfd000-7ff33ccfe000 ---p 00000000 00:00 0 
7ff33ccfe000-7ff33cdfe000 rw-p 00000000 00:00 0                          [stack:12265]
7ff33cdfe000-7ff33cdff000 ---p 00000000 00:00 0 
7ff33cdff000-7ff33ceff000 rw-p 00000000 00:00 0                          [stack:12264]
7ff33ceff000-7ff33cf00000 ---p 00000000 00:00 0 
7ff33cf00000-7ff33d000000 rw-p 00000000 00:00 0                          [stack:12263]
7ff33d000000-7ff33d380000 rwxp 00000000 00:00 0 
7ff33d380000-7ff34c000000 ---p 00000000 00:00 0 
7ff34c000000-7ff34caf6000 rw-p 00000000 00:00 0 
7ff34caf6000-7ff350000000 ---p 00000000 00:00 0 
7ff350000000-7ff350001000 rw-s 21a40000 00:06 12979                      /dev/nvidiactl
7ff350001000-7ff350002000 rw-s 314af000 00:06 12979                      /dev/nvidiactl
7ff350002000-7ff350003000 r--p 00000000 00:00 0 
7ff350003000-7ff350008000 r--s 00094000 08:03 6429436                    /usr/lib/jvm/java-8-oracle/jre/lib/jsse.jar
7ff350008000-7ff3500cd000 rw-p 00000000 00:00 0 
7ff3500cd000-7ff3500ce000 ---p 00000000 00:00 0 
7ff3500ce000-7ff3501e3000 rw-p 00000000 00:00 0                          [stack:12262]
7ff3501e3000-7ff350317000 ---p 00000000 00:00 0 
7ff350317000-7ff35032c000 rw-p 00000000 00:00 0 
7ff35032c000-7ff35045f000 ---p 00000000 00:00 0 
7ff35045f000-7ff35046a000 rw-p 00000000 00:00 0 
7ff35046a000-7ff350504000 ---p 00000000 00:00 0 
7ff350504000-7ff350513000 rw-p 00000000 00:00 0 
7ff350513000-7ff3508c5000 ---p 00000000 00:00 0 
7ff3508c5000-7ff3508df000 r-xp 00000000 08:03 6429464                    /usr/lib/jvm/java-8-oracle/jre/lib/amd64/libzip.so
7ff3508df000-7ff350adf000 ---p 0001a000 08:03 6429464                    /usr/lib/jvm/java-8-oracle/jre/lib/amd64/libzip.so
7ff350adf000-7ff350ae0000 rw-p 0001a000 08:03 6429464                    /usr/lib/jvm/java-8-oracle/jre/lib/amd64/libzip.so
7ff350ae0000-7ff350aec000 r-xp 00000000 08:03 4067608                    /lib/x86_64-linux-gnu/libnss_files-2.21.so
7ff350aec000-7ff350ceb000 ---p 0000c000 08:03 4067608                    /lib/x86_64-linux-gnu/libnss_files-2.21.so
7ff350ceb000-7ff350cec000 r--p 0000b000 08:03 4067608                    /lib/x86_64-linux-gnu/libnss_files-2.21.so
7ff350cec000-7ff350ced000 rw-p 0000c000 08:03 4067608                    /lib/x86_64-linux-gnu/libnss_files-2.21.so
7ff350ced000-7ff350cf8000 r-xp 00000000 08:03 4067618                    /lib/x86_64-linux-gnu/libnss_nis-2.21.so
7ff350cf8000-7ff350ef7000 ---p 0000b000 08:03 4067618                    /lib/x86_64-linux-gnu/libnss_nis-2.21.so
7ff350ef7000-7ff350ef8000 r--p 0000a000 08:03 4067618                    /lib/x86_64-linux-gnu/libnss_nis-2.21.so
7ff350ef8000-7ff350ef9000 rw-p 0000b000 08:03 4067618                    /lib/x86_64-linux-gnu/libnss_nis-2.21.so
7ff350ef9000-7ff350f10000 r-xp 00000000 08:03 4067602                    /lib/x86_64-linux-gnu/libnsl-2.21.so
7ff350f10000-7ff35110f000 ---p 00017000 08:03 4067602                    /lib/x86_64-linux-gnu/libnsl-2.21.so
7ff35110f000-7ff351110000 r--p 00016000 08:03 4067602                    /lib/x86_64-linux-gnu/libnsl-2.21.so
7ff351110000-7ff351111000 rw-p 00017000 08:03 4067602                    /lib/x86_64-linux-gnu/libnsl-2.21.so
7ff351111000-7ff351113000 rw-p 00000000 00:00 0 
7ff351113000-7ff35111b000 r-xp 00000000 08:03 4067604                    /lib/x86_64-linux-gnu/libnss_compat-2.21.so
7ff35111b000-7ff35131a000 ---p 00008000 08:03 4067604                    /lib/x86_64-linux-gnu/libnss_compat-2.21.so
7ff35131a000-7ff35131b000 r--p 00007000 08:03 4067604                    /lib/x86_64-linux-gnu/libnss_compat-2.21.so
7ff35131b000-7ff35131c000 rw-p 00008000 08:03 4067604                    /lib/x86_64-linux-gnu/libnss_compat-2.21.so
7ff35131c000-7ff351346000 r-xp 00000000 08:03 6429457                    /usr/lib/jvm/java-8-oracle/jre/lib/amd64/libjava.so
7ff351346000-7ff351546000 ---p 0002a000 08:03 6429457                    /usr/lib/jvm/java-8-oracle/jre/lib/amd64/libjava.so
7ff351546000-7ff351548000 rw-p 0002a000 08:03 6429457                    /usr/lib/jvm/java-8-oracle/jre/lib/amd64/libjava.so
7ff351548000-7ff351555000 r-xp 00000000 08:03 6429499                    /usr/lib/jvm/java-8-oracle/jre/lib/amd64/libverify.so
7ff351555000-7ff351755000 ---p 0000d000 08:03 6429499                    /usr/lib/jvm/java-8-oracle/jre/lib/amd64/libverify.so
7ff351755000-7ff351757000 rw-p 0000d000 08:03 6429499                    /usr/lib/jvm/java-8-oracle/jre/lib/amd64/libverify.so
7ff351757000-7ff35175e000 r-xp 00000000 08:03 4067663                    /lib/x86_64-linux-gnu/librt-2.21.so
7ff35175e000-7ff35195d000 ---p 00007000 08:03 4067663                    /lib/x86_64-linux-gnu/librt-2.21.so
7ff35195d000-7ff35195e000 r--p 00006000 08:03 4067663                    /lib/x86_64-linux-gnu/librt-2.21.so
7ff35195e000-7ff35195f000 rw-p 00007000 08:03 4067663                    /lib/x86_64-linux-gnu/librt-2.21.so
7ff35195f000-7ff351a66000 r-xp 00000000 08:03 4067581                    /lib/x86_64-linux-gnu/libm-2.21.so
7ff351a66000-7ff351c65000 ---p 00107000 08:03 4067581                    /lib/x86_64-linux-gnu/libm-2.21.so
7ff351c65000-7ff351c66000 r--p 00106000 08:03 4067581                    /lib/x86_64-linux-gnu/libm-2.21.so
7ff351c66000-7ff351c67000 rw-p 00107000 08:03 4067581                    /lib/x86_64-linux-gnu/libm-2.21.so
7ff351c67000-7ff352915000 r-xp 00000000 08:03 6429505                    /usr/lib/jvm/java-8-oracle/jre/lib/amd64/server/libjvm.so
7ff352915000-7ff352b14000 ---p 00cae000 08:03 6429505                    /usr/lib/jvm/java-8-oracle/jre/lib/amd64/server/libjvm.so
7ff352b14000-7ff352beb000 rw-p 00cad000 08:03 6429505                    /usr/lib/jvm/java-8-oracle/jre/lib/amd64/server/libjvm.so
7ff352beb000-7ff352c2f000 rw-p 00000000 00:00 0 
7ff352c2f000-7ff352def000 r-xp 00000000 08:03 4067522                    /lib/x86_64-linux-gnu/libc-2.21.so
7ff352def000-7ff352fef000 ---p 001c0000 08:03 4067522                    /lib/x86_64-linux-gnu/libc-2.21.so
7ff352fef000-7ff352ff3000 r--p 001c0000 08:03 4067522                    /lib/x86_64-linux-gnu/libc-2.21.so
7ff352ff3000-7ff352ff5000 rw-p 001c4000 08:03 4067522                    /lib/x86_64-linux-gnu/libc-2.21.so
7ff352ff5000-7ff352ff9000 rw-p 00000000 00:00 0 
7ff352ff9000-7ff352ffc000 r-xp 00000000 08:03 4067539                    /lib/x86_64-linux-gnu/libdl-2.21.so
7ff352ffc000-7ff3531fb000 ---p 00003000 08:03 4067539                    /lib/x86_64-linux-gnu/libdl-2.21.so
7ff3531fb000-7ff3531fc000 r--p 00002000 08:03 4067539                    /lib/x86_64-linux-gnu/libdl-2.21.so
7ff3531fc000-7ff3531fd000 rw-p 00003000 08:03 4067539                    /lib/x86_64-linux-gnu/libdl-2.21.so
7ff3531fd000-7ff353212000 r-xp 00000000 08:03 6429466                    /usr/lib/jvm/java-8-oracle/jre/lib/amd64/jli/libjli.so
7ff353212000-7ff353412000 ---p 00015000 08:03 6429466                    /usr/lib/jvm/java-8-oracle/jre/lib/amd64/jli/libjli.so
7ff353412000-7ff353413000 rw-p 00015000 08:03 6429466                    /usr/lib/jvm/java-8-oracle/jre/lib/amd64/jli/libjli.so
7ff353413000-7ff35342b000 r-xp 00000000 08:03 4067655                    /lib/x86_64-linux-gnu/libpthread-2.21.so
7ff35342b000-7ff35362b000 ---p 00018000 08:03 4067655                    /lib/x86_64-linux-gnu/libpthread-2.21.so
7ff35362b000-7ff35362c000 r--p 00018000 08:03 4067655                    /lib/x86_64-linux-gnu/libpthread-2.21.so
7ff35362c000-7ff35362d000 rw-p 00019000 08:03 4067655                    /lib/x86_64-linux-gnu/libpthread-2.21.so
7ff35362d000-7ff353631000 rw-p 00000000 00:00 0 
7ff353631000-7ff353655000 r-xp 00000000 08:03 4067494                    /lib/x86_64-linux-gnu/ld-2.21.so
7ff353655000-7ff353656000 r--s 0000b000 08:03 7485567                    /home/elect/NetBeansProjects/Jglm/Jglm/dist/Jglm.jar
7ff353656000-7ff353658000 r--s 00000000 08:03 6553719                    /home/elect/Downloads/jogamp-all-platforms/jar/gluegen-rt-natives-linux-amd64.jar
7ff353658000-7ff353731000 rw-p 00000000 00:00 0 
7ff353731000-7ff353734000 ---p 00000000 00:00 0 
7ff353734000-7ff353836000 rw-p 00000000 00:00 0                          [stack:12257]
7ff353836000-7ff353837000 r--s 00034000 08:03 6553809                    /home/elect/Downloads/jogamp-all-platforms/jar/jogl-all-natives-linux-amd64.jar
7ff353837000-7ff35383d000 r--s 0004a000 08:03 6553728                    /home/elect/Downloads/jogamp-all-platforms/jar/gluegen-rt.jar
7ff35383d000-7ff35383e000 r--s 00034000 08:03 6947611                    /home/elect/NetBeansProjects/java-unofficial-opengl-SDK/javaUnofficialOpenglSDK/dist/lib/jogl-all-natives-linux-amd64.jar
7ff35383e000-7ff353840000 r--s 00000000 08:03 6947610                    /home/elect/NetBeansProjects/java-unofficial-opengl-SDK/javaUnofficialOpenglSDK/dist/lib/gluegen-rt-natives-linux-amd64.jar
7ff353840000-7ff353846000 r--s 0004a000 08:03 6947575                    /home/elect/NetBeansProjects/java-unofficial-opengl-SDK/javaUnofficialOpenglSDK/dist/lib/gluegen-rt.jar
7ff353846000-7ff353847000 r--s 0000b000 08:03 6947570                    /home/elect/NetBeansProjects/java-unofficial-opengl-SDK/javaUnofficialOpenglSDK/dist/lib/Jglm.jar
7ff353847000-7ff353848000 r--s 00007000 08:03 6957881                    /home/elect/NetBeansProjects/java-unofficial-opengl-SDK/javaUnofficialOpenglSDK/dist/javaUnofficialOpenglSDK.jar
7ff353848000-7ff353850000 rw-s 00000000 08:03 6029381                    /tmp/hsperfdata_elect/12256
7ff353850000-7ff353851000 rw-p 00000000 00:00 0 
7ff353851000-7ff353852000 r--p 00000000 00:00 0 
7ff353852000-7ff353854000 rw-p 00000000 00:00 0 
7ff353854000-7ff353855000 r--p 00023000 08:03 4067494                    /lib/x86_64-linux-gnu/ld-2.21.so
7ff353855000-7ff353856000 rw-p 00024000 08:03 4067494                    /lib/x86_64-linux-gnu/ld-2.21.so
7ff353856000-7ff353857000 rw-p 00000000 00:00 0 
7ffdd1fb5000-7ffdd1fd6000 rw-p 00000000 00:00 0                          [stack]
7ffdd1fe9000-7ffdd1feb000 r--p 00000000 00:00 0                          [vvar]
7ffdd1feb000-7ffdd1fed000 r-xp 00000000 00:00 0                          [vdso]
ffffffffff600000-ffffffffff601000 r-xp 00000000 00:00 0                  [vsyscall]

VM Arguments:
jvm_args: -Dfile.encoding=UTF-8 
java_command: nvGlSamples.util.Main
java_class_path (initial): /home/elect/NetBeansProjects/java-unofficial-opengl-SDK/javaUnofficialOpenglSDK/dist/javaUnofficialOpenglSDK.jar:/home/elect/Downloads/jogamp-all-platforms/jar/gluegen-rt.jar:/home/elect/Downloads/jogamp-all-platforms/jar/jogl-all.jar:/home/elect/Downloads/jogamp-all-platforms/jar/gluegen-rt-natives-linux-amd64.jar:/home/elect/Downloads/jogamp-all-platforms/jar/jogl-all-natives-linux-amd64.jar:/home/elect/NetBeansProjects/Jglm/Jglm/dist/Jglm.jar:/home/elect/NetBeansProjects/NvGlSamples/NvGlSamples/build/classes
Launcher Type: SUN_STANDARD

Environment Variables:
PATH=/usr/local/sbin:/usr/local/bin:/usr/sbin:/usr/bin:/sbin:/bin:/usr/games:/usr/local/games
LD_LIBRARY_PATH=/usr/lib/jvm/java-8-oracle/jre/lib/amd64:/usr/lib/jvm/java-8-oracle/jre/lib/i386:
SHELL=/bin/bash
DISPLAY=:0

Signal Handlers:
SIGSEGV: [libjvm.so+0xaad1e0], sa_mask[0]=11111111011111111101111111111110, sa_flags=SA_RESTART|SA_SIGINFO
SIGBUS: [libjvm.so+0xaad1e0], sa_mask[0]=11111111011111111101111111111110, sa_flags=SA_RESTART|SA_SIGINFO
SIGFPE: [libjvm.so+0x90b450], sa_mask[0]=11111111011111111101111111111110, sa_flags=SA_RESTART|SA_SIGINFO
SIGPIPE: [libjvm.so+0x90b450], sa_mask[0]=11111111011111111101111111111110, sa_flags=SA_RESTART|SA_SIGINFO
SIGXFSZ: [libjvm.so+0x90b450], sa_mask[0]=11111111011111111101111111111110, sa_flags=SA_RESTART|SA_SIGINFO
SIGILL: [libjvm.so+0x90b450], sa_mask[0]=11111111011111111101111111111110, sa_flags=SA_RESTART|SA_SIGINFO
SIGUSR1: SIG_DFL, sa_mask[0]=00000000000000000000000000000000, sa_flags=none
SIGUSR2: [libjvm.so+0x90ca90], sa_mask[0]=00100000000000000000000000000000, sa_flags=SA_RESTART|SA_SIGINFO
SIGHUP: [libjvm.so+0x90dde0], sa_mask[0]=11111111011111111101111111111110, sa_flags=SA_RESTART|SA_SIGINFO
SIGINT: SIG_IGN, sa_mask[0]=00000000000000000000000000000000, sa_flags=none
SIGTERM: [libjvm.so+0x90dde0], sa_mask[0]=11111111011111111101111111111110, sa_flags=SA_RESTART|SA_SIGINFO
SIGQUIT: [libjvm.so+0x90dde0], sa_mask[0]=11111111011111111101111111111110, sa_flags=SA_RESTART|SA_SIGINFO


---------------  S Y S T E M  ---------------

OS:DISTRIB_ID=Ubuntu
DISTRIB_RELEASE=15.04
DISTRIB_CODENAME=vivid
DISTRIB_DESCRIPTION="Ubuntu 15.04"

uname:Linux 3.19.0-16-generic #16-Ubuntu SMP Thu Apr 30 16:09:58 UTC 2015 x86_64
libc:glibc 2.21 NPTL 2.21 
rlimit: STACK 8192k, CORE 0k, NPROC 15677, NOFILE 65536, AS infinity
load average:0,14 0,26 0,49

/proc/meminfo:
MemTotal:        4035816 kB
MemFree:          397188 kB
MemAvailable:     846456 kB
Buffers:           72044 kB
Cached:           557568 kB
SwapCached:        10400 kB
Active:          2388736 kB
Inactive:        1049892 kB
Active(anon):    1929844 kB
Inactive(anon):   910148 kB
Active(file):     458892 kB
Inactive(file):   139744 kB
Unevictable:          32 kB
Mlocked:              32 kB
SwapTotal:       1048572 kB
SwapFree:         918140 kB
Dirty:              6024 kB
Writeback:             0 kB
AnonPages:       2801732 kB
Mapped:           231172 kB
Shmem:             30976 kB
Slab:              74384 kB
SReclaimable:      39152 kB
SUnreclaim:        35232 kB
KernelStack:        8592 kB
PageTables:        34964 kB
NFS_Unstable:          0 kB
Bounce:                0 kB
WritebackTmp:          0 kB
CommitLimit:     3066480 kB
Committed_AS:    6184028 kB
VmallocTotal:   34359738367 kB
VmallocUsed:      316664 kB
VmallocChunk:   34359418236 kB
HardwareCorrupted:     0 kB
AnonHugePages:   1560576 kB
CmaTotal:              0 kB
CmaFree:               0 kB
HugePages_Total:       0
HugePages_Free:        0
HugePages_Rsvd:        0
HugePages_Surp:        0
Hugepagesize:       2048 kB
DirectMap4k:      269760 kB
DirectMap2M:     3915776 kB


CPU:total 4 (4 cores per cpu, 1 threads per core) family 6 model 30 stepping 5, cmov, cx8, fxsr, mmx, sse, sse2, sse3, ssse3, sse4.1, sse4.2, popcnt, tsc, tscinvbit

/proc/cpuinfo:
processor	: 0
vendor_id	: GenuineIntel
cpu family	: 6
model		: 30
model name	: Intel(R) Core(TM) i5 CPU         750  @ 2.67GHz
stepping	: 5
microcode	: 0x7
cpu MHz		: 2678.829
cache size	: 8192 KB
physical id	: 0
siblings	: 4
core id		: 0
cpu cores	: 4
apicid		: 0
initial apicid	: 0
fpu		: yes
fpu_exception	: yes
cpuid level	: 11
wp		: yes
flags		: fpu vme de pse tsc msr pae mce cx8 apic sep mtrr pge mca cmov pat pse36 clflush dts acpi mmx fxsr sse sse2 ss ht tm pbe syscall nx rdtscp lm constant_tsc arch_perfmon pebs bts rep_good nopl xtopology nonstop_tsc aperfmperf pni dtes64 monitor ds_cpl vmx smx est tm2 ssse3 cx16 xtpr pdcm sse4_1 sse4_2 popcnt lahf_lm dtherm tpr_shadow vnmi flexpriority ept vpid
bugs		:
bogomips	: 5357.65
clflush size	: 64
cache_alignment	: 64
address sizes	: 36 bits physical, 48 bits virtual
power management:

processor	: 1
vendor_id	: GenuineIntel
cpu family	: 6
model		: 30
model name	: Intel(R) Core(TM) i5 CPU         750  @ 2.67GHz
stepping	: 5
microcode	: 0x7
cpu MHz		: 2678.829
cache size	: 8192 KB
physical id	: 0
siblings	: 4
core id		: 1
cpu cores	: 4
apicid		: 2
initial apicid	: 2
fpu		: yes
fpu_exception	: yes
cpuid level	: 11
wp		: yes
flags		: fpu vme de pse tsc msr pae mce cx8 apic sep mtrr pge mca cmov pat pse36 clflush dts acpi mmx fxsr sse sse2 ss ht tm pbe syscall nx rdtscp lm constant_tsc arch_perfmon pebs bts rep_good nopl xtopology nonstop_tsc aperfmperf pni dtes64 monitor ds_cpl vmx smx est tm2 ssse3 cx16 xtpr pdcm sse4_1 sse4_2 popcnt lahf_lm dtherm tpr_shadow vnmi flexpriority ept vpid
bugs		:
bogomips	: 5357.65
clflush size	: 64
cache_alignment	: 64
address sizes	: 36 bits physical, 48 bits virtual
power management:

processor	: 2
vendor_id	: GenuineIntel
cpu family	: 6
model		: 30
model name	: Intel(R) Core(TM) i5 CPU         750  @ 2.67GHz
stepping	: 5
microcode	: 0x7
cpu MHz		: 2678.829
cache size	: 8192 KB
physical id	: 0
siblings	: 4
core id		: 2
cpu cores	: 4
apicid		: 4
initial apicid	: 4
fpu		: yes
fpu_exception	: yes
cpuid level	: 11
wp		: yes
flags		: fpu vme de pse tsc msr pae mce cx8 apic sep mtrr pge mca cmov pat pse36 clflush dts acpi mmx fxsr sse sse2 ss ht tm pbe syscall nx rdtscp lm constant_tsc arch_perfmon pebs bts rep_good nopl xtopology nonstop_tsc aperfmperf pni dtes64 monitor ds_cpl vmx smx est tm2 ssse3 cx16 xtpr pdcm sse4_1 sse4_2 popcnt lahf_lm dtherm tpr_shadow vnmi flexpriority ept vpid
bugs		:
bogomips	: 5357.65
clflush size	: 64
cache_alignment	: 64
address sizes	: 36 bits physical, 48 bits virtual
power management:

processor	: 3
vendor_id	: GenuineIntel
cpu family	: 6
model		: 30
model name	: Intel(R) Core(TM) i5 CPU         750  @ 2.67GHz
stepping	: 5
microcode	: 0x7
cpu MHz		: 2678.829
cache size	: 8192 KB
physical id	: 0
siblings	: 4
core id		: 3
cpu cores	: 4
apicid		: 6
initial apicid	: 6
fpu		: yes
fpu_exception	: yes
cpuid level	: 11
wp		: yes
flags		: fpu vme de pse tsc msr pae mce cx8 apic sep mtrr pge mca cmov pat pse36 clflush dts acpi mmx fxsr sse sse2 ss ht tm pbe syscall nx rdtscp lm constant_tsc arch_perfmon pebs bts rep_good nopl xtopology nonstop_tsc aperfmperf pni dtes64 monitor ds_cpl vmx smx est tm2 ssse3 cx16 xtpr pdcm sse4_1 sse4_2 popcnt lahf_lm dtherm tpr_shadow vnmi flexpriority ept vpid
bugs		:
bogomips	: 5357.65
clflush size	: 64
cache_alignment	: 64
address sizes	: 36 bits physical, 48 bits virtual
power management:



Memory: 4k page, physical 4035816k(397188k free), swap 1048572k(918140k free)

vm_info: Java HotSpot(TM) 64-Bit Server VM (25.45-b02) for linux-amd64 JRE (1.8.0_45-b14), built on Apr 10 2015 10:07:45 by "java_re" with gcc 4.3.0 20080428 (Red Hat 4.3.0-8)

time: Tue May  5 19:15:51 2015
elapsed time: 1 seconds (0d 0h 0m 1s)

